[2025-12-19T18:02:00.451+0000] {local_task_job_runner.py:120} INFO - ::group::Pre task execution logs
[2025-12-19T18:02:00.495+0000] {taskinstance.py:2076} INFO - Dependencies all met for dep_context=non-requeueable deps ti=<TaskInstance: etl_pipeline_real.carregar_banco manual__2025-12-19T17:34:58.345051+00:00 [queued]>
[2025-12-19T18:02:00.505+0000] {taskinstance.py:2076} INFO - Dependencies all met for dep_context=requeueable deps ti=<TaskInstance: etl_pipeline_real.carregar_banco manual__2025-12-19T17:34:58.345051+00:00 [queued]>
[2025-12-19T18:02:00.506+0000] {taskinstance.py:2306} INFO - Starting attempt 2 of 2
[2025-12-19T18:02:00.522+0000] {taskinstance.py:2330} INFO - Executing <Task(PythonOperator): carregar_banco> on 2025-12-19 17:34:58.345051+00:00
[2025-12-19T18:02:00.538+0000] {standard_task_runner.py:90} INFO - Running: ['***', 'tasks', 'run', 'etl_pipeline_real', 'carregar_banco', 'manual__2025-12-19T17:34:58.345051+00:00', '--job-id', '15', '--raw', '--subdir', 'DAGS_FOLDER/etl_pipeline.py', '--cfg-path', '/tmp/tmpu34fxa_d']
[2025-12-19T18:02:00.541+0000] {logging_mixin.py:188} WARNING - /home/***/.local/lib/python3.12/site-packages/***/task/task_runner/standard_task_runner.py:62 DeprecationWarning: This process (pid=1277) is multi-threaded, use of fork() may lead to deadlocks in the child.
[2025-12-19T18:02:00.542+0000] {standard_task_runner.py:91} INFO - Job 15: Subtask carregar_banco
[2025-12-19T18:02:00.543+0000] {standard_task_runner.py:64} INFO - Started process 1279 to run task
[2025-12-19T18:02:00.630+0000] {task_command.py:426} INFO - Running <TaskInstance: etl_pipeline_real.carregar_banco manual__2025-12-19T17:34:58.345051+00:00 [running]> on host ccad5058f773
[2025-12-19T18:02:00.968+0000] {taskinstance.py:2648} INFO - Exporting env vars: AIRFLOW_CTX_DAG_OWNER='***' AIRFLOW_CTX_DAG_ID='etl_pipeline_real' AIRFLOW_CTX_TASK_ID='carregar_banco' AIRFLOW_CTX_EXECUTION_DATE='2025-12-19T17:34:58.345051+00:00' AIRFLOW_CTX_TRY_NUMBER='2' AIRFLOW_CTX_DAG_RUN_ID='manual__2025-12-19T17:34:58.345051+00:00'
[2025-12-19T18:02:00.969+0000] {taskinstance.py:430} INFO - ::endgroup::
[2025-12-19T18:02:01.056+0000] {base.py:84} INFO - Using connection ID '***_db' for task execution.
[2025-12-19T18:02:01.066+0000] {sql.py:495} INFO - Running statement: DROP TABLE IF EXISTS enderecos_tratados;, parameters: None
[2025-12-19T18:02:01.086+0000] {base.py:84} INFO - Using connection ID '***_db' for task execution.
[2025-12-19T18:02:01.097+0000] {sql.py:495} INFO - Running statement: 
    CREATE TABLE enderecos_tratados (
        id SERIAL PRIMARY KEY,
        city VARCHAR,
        state VARCHAR,
        latitude FLOAT,
        longitude FLOAT,
        accuracy FLOAT,
        geoapi_id VARCHAR,
        date DATE
    );
    , parameters: None
[2025-12-19T18:02:01.126+0000] {base.py:84} INFO - Using connection ID '***_db' for task execution.
[2025-12-19T18:02:01.160+0000] {logging_mixin.py:188} INFO - DEBUG| Banco de dados carregado
[2025-12-19T18:02:01.161+0000] {python.py:237} INFO - Done. Returned value was: None
[2025-12-19T18:02:01.162+0000] {taskinstance.py:441} INFO - ::group::Post task execution logs
[2025-12-19T18:02:01.177+0000] {taskinstance.py:1206} INFO - Marking task as SUCCESS. dag_id=etl_pipeline_real, task_id=carregar_banco, run_id=manual__2025-12-19T17:34:58.345051+00:00, execution_date=20251219T173458, start_date=20251219T180200, end_date=20251219T180201
[2025-12-19T18:02:01.240+0000] {local_task_job_runner.py:243} INFO - Task exited with return code 0
[2025-12-19T18:02:01.263+0000] {taskinstance.py:3503} INFO - 0 downstream tasks scheduled from follow-on schedule check
[2025-12-19T18:02:01.268+0000] {local_task_job_runner.py:222} INFO - ::endgroup::
