[2025-12-19T17:35:09.229+0000] {local_task_job_runner.py:120} INFO - ::group::Pre task execution logs
[2025-12-19T17:35:09.271+0000] {taskinstance.py:2076} INFO - Dependencies all met for dep_context=non-requeueable deps ti=<TaskInstance: etl_pipeline_real.carregar_banco manual__2025-12-19T17:34:58.345051+00:00 [queued]>
[2025-12-19T17:35:09.284+0000] {taskinstance.py:2076} INFO - Dependencies all met for dep_context=requeueable deps ti=<TaskInstance: etl_pipeline_real.carregar_banco manual__2025-12-19T17:34:58.345051+00:00 [queued]>
[2025-12-19T17:35:09.284+0000] {taskinstance.py:2306} INFO - Starting attempt 1 of 1
[2025-12-19T17:35:09.302+0000] {taskinstance.py:2330} INFO - Executing <Task(PythonOperator): carregar_banco> on 2025-12-19 17:34:58.345051+00:00
[2025-12-19T17:35:09.314+0000] {standard_task_runner.py:90} INFO - Running: ['***', 'tasks', 'run', 'etl_pipeline_real', 'carregar_banco', 'manual__2025-12-19T17:34:58.345051+00:00', '--job-id', '14', '--raw', '--subdir', 'DAGS_FOLDER/etl_pipeline.py', '--cfg-path', '/tmp/tmpa8xkbj_b']
[2025-12-19T17:35:09.319+0000] {standard_task_runner.py:91} INFO - Job 14: Subtask carregar_banco
[2025-12-19T17:35:09.320+0000] {logging_mixin.py:188} WARNING - /home/***/.local/lib/python3.12/site-packages/***/task/task_runner/standard_task_runner.py:62 DeprecationWarning: This process (pid=964) is multi-threaded, use of fork() may lead to deadlocks in the child.
[2025-12-19T17:35:09.322+0000] {standard_task_runner.py:64} INFO - Started process 966 to run task
[2025-12-19T17:35:09.421+0000] {task_command.py:426} INFO - Running <TaskInstance: etl_pipeline_real.carregar_banco manual__2025-12-19T17:34:58.345051+00:00 [running]> on host ccad5058f773
[2025-12-19T17:35:09.728+0000] {taskinstance.py:2648} INFO - Exporting env vars: AIRFLOW_CTX_DAG_OWNER='***' AIRFLOW_CTX_DAG_ID='etl_pipeline_real' AIRFLOW_CTX_TASK_ID='carregar_banco' AIRFLOW_CTX_EXECUTION_DATE='2025-12-19T17:34:58.345051+00:00' AIRFLOW_CTX_TRY_NUMBER='1' AIRFLOW_CTX_DAG_RUN_ID='manual__2025-12-19T17:34:58.345051+00:00'
[2025-12-19T17:35:09.730+0000] {taskinstance.py:430} INFO - ::endgroup::
[2025-12-19T17:35:09.820+0000] {base.py:84} INFO - Using connection ID '***_db' for task execution.
[2025-12-19T17:35:09.832+0000] {sql.py:495} INFO - Running statement: DROP TABLE IF EXISTS enderecos_tratados;, parameters: None
[2025-12-19T17:35:09.854+0000] {base.py:84} INFO - Using connection ID '***_db' for task execution.
[2025-12-19T17:35:09.868+0000] {sql.py:495} INFO - Running statement: 
    CREATE TABLE enderecos_tratados (
        id SERIAL PRIMARY KEY,
        city VARCHAR,
        state VARCHAR,
        latitude FLOAT,
        longitude FLOAT,
        accuracy FLOAT,
        geoapi_id VARCHAR,
        date DATE
    );
    , parameters: None
[2025-12-19T17:35:09.901+0000] {base.py:84} INFO - Using connection ID '***_db' for task execution.
[2025-12-19T17:35:09.934+0000] {logging_mixin.py:188} INFO - Carga finalizada com sucesso!
[2025-12-19T17:35:09.935+0000] {python.py:237} INFO - Done. Returned value was: None
[2025-12-19T17:35:09.935+0000] {taskinstance.py:441} INFO - ::group::Post task execution logs
[2025-12-19T17:35:09.953+0000] {taskinstance.py:1206} INFO - Marking task as SUCCESS. dag_id=etl_pipeline_real, task_id=carregar_banco, run_id=manual__2025-12-19T17:34:58.345051+00:00, execution_date=20251219T173458, start_date=20251219T173509, end_date=20251219T173509
[2025-12-19T17:35:10.019+0000] {local_task_job_runner.py:243} INFO - Task exited with return code 0
[2025-12-19T17:35:10.043+0000] {taskinstance.py:3503} INFO - 0 downstream tasks scheduled from follow-on schedule check
[2025-12-19T17:35:10.048+0000] {local_task_job_runner.py:222} INFO - ::endgroup::
