[2025-12-19T16:58:52.608+0000] {local_task_job_runner.py:120} INFO - ::group::Pre task execution logs
[2025-12-19T16:58:52.647+0000] {taskinstance.py:2076} INFO - Dependencies all met for dep_context=non-requeueable deps ti=<TaskInstance: etl_pipeline_real.executar_pipeline_real manual__2025-12-19T16:58:51.066048+00:00 [queued]>
[2025-12-19T16:58:52.656+0000] {taskinstance.py:2076} INFO - Dependencies all met for dep_context=requeueable deps ti=<TaskInstance: etl_pipeline_real.executar_pipeline_real manual__2025-12-19T16:58:51.066048+00:00 [queued]>
[2025-12-19T16:58:52.657+0000] {taskinstance.py:2306} INFO - Starting attempt 1 of 1
[2025-12-19T16:58:52.672+0000] {taskinstance.py:2330} INFO - Executing <Task(PythonOperator): executar_pipeline_real> on 2025-12-19 16:58:51.066048+00:00
[2025-12-19T16:58:52.684+0000] {standard_task_runner.py:90} INFO - Running: ['***', 'tasks', 'run', 'etl_pipeline_real', 'executar_pipeline_real', 'manual__2025-12-19T16:58:51.066048+00:00', '--job-id', '2', '--raw', '--subdir', 'DAGS_FOLDER/etl_pipeline.py', '--cfg-path', '/tmp/tmplk2g8fa5']
[2025-12-19T16:58:52.687+0000] {logging_mixin.py:188} WARNING - /home/***/.local/lib/python3.12/site-packages/***/task/task_runner/standard_task_runner.py:62 DeprecationWarning: This process (pid=459) is multi-threaded, use of fork() may lead to deadlocks in the child.
[2025-12-19T16:58:52.689+0000] {standard_task_runner.py:91} INFO - Job 2: Subtask executar_pipeline_real
[2025-12-19T16:58:52.689+0000] {standard_task_runner.py:64} INFO - Started process 461 to run task
[2025-12-19T16:58:52.808+0000] {task_command.py:426} INFO - Running <TaskInstance: etl_pipeline_real.executar_pipeline_real manual__2025-12-19T16:58:51.066048+00:00 [running]> on host ccad5058f773
[2025-12-19T16:58:53.154+0000] {taskinstance.py:2648} INFO - Exporting env vars: AIRFLOW_CTX_DAG_OWNER='***' AIRFLOW_CTX_DAG_ID='etl_pipeline_real' AIRFLOW_CTX_TASK_ID='executar_pipeline_real' AIRFLOW_CTX_EXECUTION_DATE='2025-12-19T16:58:51.066048+00:00' AIRFLOW_CTX_TRY_NUMBER='1' AIRFLOW_CTX_DAG_RUN_ID='manual__2025-12-19T16:58:51.066048+00:00'
[2025-12-19T16:58:53.155+0000] {taskinstance.py:430} INFO - ::endgroup::
[2025-12-19T16:58:53.514+0000] {logging_mixin.py:188} INFO - Total de registros lidos: 50000
[2025-12-19T16:58:53.573+0000] {logging_mixin.py:188} INFO - Após remover OpenRouteService: 40002
[2025-12-19T16:58:53.953+0000] {logging_mixin.py:188} INFO - Após validação espacial: 48
[2025-12-19T16:58:53.973+0000] {taskinstance.py:441} INFO - ::group::Post task execution logs
[2025-12-19T16:58:53.991+0000] {taskinstance.py:2905} ERROR - Task failed with exception
Traceback (most recent call last):
  File "/home/airflow/.local/lib/python3.12/site-packages/airflow/models/taskinstance.py", line 465, in _execute_task
    result = _execute_callable(context=context, **execute_callable_kwargs)
             ^^^^^^^^^^^^^^^^^^^^^^^^^^^^^^^^^^^^^^^^^^^^^^^^^^^^^^^^^^^^^
  File "/home/airflow/.local/lib/python3.12/site-packages/airflow/models/taskinstance.py", line 432, in _execute_callable
    return execute_callable(context=context, **execute_callable_kwargs)
           ^^^^^^^^^^^^^^^^^^^^^^^^^^^^^^^^^^^^^^^^^^^^^^^^^^^^^^^^^^^^
  File "/home/airflow/.local/lib/python3.12/site-packages/airflow/models/baseoperator.py", line 401, in wrapper
    return func(self, *args, **kwargs)
           ^^^^^^^^^^^^^^^^^^^^^^^^^^^
  File "/home/airflow/.local/lib/python3.12/site-packages/airflow/operators/python.py", line 235, in execute
    return_value = self.execute_callable()
                   ^^^^^^^^^^^^^^^^^^^^^^^
  File "/home/airflow/.local/lib/python3.12/site-packages/airflow/operators/python.py", line 252, in execute_callable
    return self.python_callable(*self.op_args, **self.op_kwargs)
           ^^^^^^^^^^^^^^^^^^^^^^^^^^^^^^^^^^^^^^^^^^^^^^^^^^^^^
  File "/opt/airflow/dags/etl_pipeline.py", line 52, in etl_pipeline_real
    hook.run("DROP TABLE IF EXISTS enderecos_tratados;")
  File "/home/airflow/.local/lib/python3.12/site-packages/airflow/providers/common/sql/hooks/sql.py", line 438, in run
    with self._create_autocommit_connection(autocommit) as conn:
  File "/usr/local/lib/python3.12/contextlib.py", line 137, in __enter__
    return next(self.gen)
           ^^^^^^^^^^^^^^
  File "/home/airflow/.local/lib/python3.12/site-packages/airflow/providers/common/sql/hooks/sql.py", line 560, in _create_autocommit_connection
    with closing(self.get_conn()) as conn:
                 ^^^^^^^^^^^^^^^
  File "/home/airflow/.local/lib/python3.12/site-packages/airflow/providers/postgres/hooks/postgres.py", line 145, in get_conn
    conn = deepcopy(self.connection or self.get_connection(conn_id))
                                       ^^^^^^^^^^^^^^^^^^^^^^^^^^^^
  File "/home/airflow/.local/lib/python3.12/site-packages/airflow/hooks/base.py", line 83, in get_connection
    conn = Connection.get_connection_from_secrets(conn_id)
           ^^^^^^^^^^^^^^^^^^^^^^^^^^^^^^^^^^^^^^^^^^^^^^^
  File "/home/airflow/.local/lib/python3.12/site-packages/airflow/models/connection.py", line 519, in get_connection_from_secrets
    raise AirflowNotFoundException(f"The conn_id `{conn_id}` isn't defined")
airflow.exceptions.AirflowNotFoundException: The conn_id `***_db` isn't defined
[2025-12-19T16:58:54.003+0000] {taskinstance.py:1206} INFO - Marking task as FAILED. dag_id=etl_pipeline_real, task_id=executar_pipeline_real, run_id=manual__2025-12-19T16:58:51.066048+00:00, execution_date=20251219T165851, start_date=20251219T165852, end_date=20251219T165854
[2025-12-19T16:58:54.025+0000] {standard_task_runner.py:110} ERROR - Failed to execute job 2 for task executar_pipeline_real (The conn_id `***_db` isn't defined; 461)
[2025-12-19T16:58:54.069+0000] {local_task_job_runner.py:243} INFO - Task exited with return code 1
[2025-12-19T16:58:54.093+0000] {taskinstance.py:3503} INFO - 0 downstream tasks scheduled from follow-on schedule check
[2025-12-19T16:58:54.095+0000] {local_task_job_runner.py:222} INFO - ::endgroup::
