[2025-12-17T20:51:25.536+0000] {local_task_job_runner.py:120} INFO - ::group::Pre task execution logs
[2025-12-17T20:51:25.598+0000] {taskinstance.py:2076} INFO - Dependencies all met for dep_context=non-requeueable deps ti=<TaskInstance: importa_enderecos_aracaju.baixar_csv manual__2025-12-17T20:51:22.444936+00:00 [queued]>
[2025-12-17T20:51:25.620+0000] {taskinstance.py:2076} INFO - Dependencies all met for dep_context=requeueable deps ti=<TaskInstance: importa_enderecos_aracaju.baixar_csv manual__2025-12-17T20:51:22.444936+00:00 [queued]>
[2025-12-17T20:51:25.623+0000] {taskinstance.py:2306} INFO - Starting attempt 1 of 1
[2025-12-17T20:51:25.647+0000] {taskinstance.py:2330} INFO - Executing <Task(PythonOperator): baixar_csv> on 2025-12-17 20:51:22.444936+00:00
[2025-12-17T20:51:25.667+0000] {standard_task_runner.py:90} INFO - Running: ['***', 'tasks', 'run', 'importa_enderecos_aracaju', 'baixar_csv', 'manual__2025-12-17T20:51:22.444936+00:00', '--job-id', '2', '--raw', '--subdir', 'DAGS_FOLDER/importa_aracaju.py', '--cfg-path', '/tmp/tmpaoi7k4gf']
[2025-12-17T20:51:25.679+0000] {logging_mixin.py:188} WARNING - /home/***/.local/lib/python3.12/site-packages/***/task/task_runner/standard_task_runner.py:61 DeprecationWarning: This process (pid=183) is multi-threaded, use of fork() may lead to deadlocks in the child.
[2025-12-17T20:51:25.679+0000] {standard_task_runner.py:91} INFO - Job 2: Subtask baixar_csv
[2025-12-17T20:51:25.680+0000] {standard_task_runner.py:63} INFO - Started process 185 to run task
[2025-12-17T20:51:25.828+0000] {task_command.py:426} INFO - Running <TaskInstance: importa_enderecos_aracaju.baixar_csv manual__2025-12-17T20:51:22.444936+00:00 [running]> on host a11d9e26add2
[2025-12-17T20:51:26.014+0000] {taskinstance.py:2648} INFO - Exporting env vars: AIRFLOW_CTX_DAG_OWNER='***' AIRFLOW_CTX_DAG_ID='importa_enderecos_aracaju' AIRFLOW_CTX_TASK_ID='baixar_csv' AIRFLOW_CTX_EXECUTION_DATE='2025-12-17T20:51:22.444936+00:00' AIRFLOW_CTX_TRY_NUMBER='1' AIRFLOW_CTX_DAG_RUN_ID='manual__2025-12-17T20:51:22.444936+00:00'
[2025-12-17T20:51:26.016+0000] {taskinstance.py:430} INFO - ::endgroup::
[2025-12-17T20:51:28.580+0000] {taskinstance.py:441} INFO - ::group::Post task execution logs
[2025-12-17T20:51:28.581+0000] {taskinstance.py:2905} ERROR - Task failed with exception
Traceback (most recent call last):
  File "/home/airflow/.local/lib/python3.12/site-packages/airflow/models/taskinstance.py", line 465, in _execute_task
    result = _execute_callable(context=context, **execute_callable_kwargs)
             ^^^^^^^^^^^^^^^^^^^^^^^^^^^^^^^^^^^^^^^^^^^^^^^^^^^^^^^^^^^^^
  File "/home/airflow/.local/lib/python3.12/site-packages/airflow/models/taskinstance.py", line 432, in _execute_callable
    return execute_callable(context=context, **execute_callable_kwargs)
           ^^^^^^^^^^^^^^^^^^^^^^^^^^^^^^^^^^^^^^^^^^^^^^^^^^^^^^^^^^^^
  File "/home/airflow/.local/lib/python3.12/site-packages/airflow/models/baseoperator.py", line 400, in wrapper
    return func(self, *args, **kwargs)
           ^^^^^^^^^^^^^^^^^^^^^^^^^^^
  File "/home/airflow/.local/lib/python3.12/site-packages/airflow/operators/python.py", line 235, in execute
    return_value = self.execute_callable()
                   ^^^^^^^^^^^^^^^^^^^^^^^
  File "/home/airflow/.local/lib/python3.12/site-packages/airflow/operators/python.py", line 252, in execute_callable
    return self.python_callable(*self.op_args, **self.op_kwargs)
           ^^^^^^^^^^^^^^^^^^^^^^^^^^^^^^^^^^^^^^^^^^^^^^^^^^^^^
  File "/opt/airflow/dags/importa_aracaju.py", line 13, in baixar_csv
    df = pd.read_csv(BytesIO(response.content))
         ^^^^^^^^^^^^^^^^^^^^^^^^^^^^^^^^^^^^^^
  File "/home/airflow/.local/lib/python3.12/site-packages/pandas/io/parsers/readers.py", line 948, in read_csv
    return _read(filepath_or_buffer, kwds)
           ^^^^^^^^^^^^^^^^^^^^^^^^^^^^^^^
  File "/home/airflow/.local/lib/python3.12/site-packages/pandas/io/parsers/readers.py", line 617, in _read
    return parser.read(nrows)
           ^^^^^^^^^^^^^^^^^^
  File "/home/airflow/.local/lib/python3.12/site-packages/pandas/io/parsers/readers.py", line 1748, in read
    ) = self._engine.read(  # type: ignore[attr-defined]
        ^^^^^^^^^^^^^^^^^^^^^^^^^^^^^^^^^^^^^^^^^^^^^^^^
  File "/home/airflow/.local/lib/python3.12/site-packages/pandas/io/parsers/c_parser_wrapper.py", line 234, in read
    chunks = self._reader.read_low_memory(nrows)
             ^^^^^^^^^^^^^^^^^^^^^^^^^^^^^^^^^^^
  File "parsers.pyx", line 843, in pandas._libs.parsers.TextReader.read_low_memory
  File "parsers.pyx", line 904, in pandas._libs.parsers.TextReader._read_rows
  File "parsers.pyx", line 879, in pandas._libs.parsers.TextReader._tokenize_rows
  File "parsers.pyx", line 890, in pandas._libs.parsers.TextReader._check_tokenize_status
  File "parsers.pyx", line 2058, in pandas._libs.parsers.raise_parser_error
pandas.errors.ParserError: Error tokenizing data. C error: Expected 127 fields in line 5, saw 3296

[2025-12-17T20:51:28.602+0000] {taskinstance.py:1206} INFO - Marking task as FAILED. dag_id=importa_enderecos_aracaju, task_id=baixar_csv, run_id=manual__2025-12-17T20:51:22.444936+00:00, execution_date=20251217T205122, start_date=20251217T205125, end_date=20251217T205128
[2025-12-17T20:51:28.614+0000] {standard_task_runner.py:110} ERROR - Failed to execute job 2 for task baixar_csv (Error tokenizing data. C error: Expected 127 fields in line 5, saw 3296
; 185)
[2025-12-17T20:51:28.636+0000] {local_task_job_runner.py:240} INFO - Task exited with return code 1
[2025-12-17T20:51:28.662+0000] {taskinstance.py:3498} INFO - 0 downstream tasks scheduled from follow-on schedule check
[2025-12-17T20:51:28.668+0000] {local_task_job_runner.py:222} INFO - ::endgroup::
