[2025-12-17T22:10:00.829+0000] {local_task_job_runner.py:120} INFO - ::group::Pre task execution logs
[2025-12-17T22:10:00.874+0000] {taskinstance.py:2076} INFO - Dependencies all met for dep_context=non-requeueable deps ti=<TaskInstance: importa_enderecos_aracaju.baixar_csv manual__2025-12-17T22:09:59.374073+00:00 [queued]>
[2025-12-17T22:10:00.888+0000] {taskinstance.py:2076} INFO - Dependencies all met for dep_context=requeueable deps ti=<TaskInstance: importa_enderecos_aracaju.baixar_csv manual__2025-12-17T22:09:59.374073+00:00 [queued]>
[2025-12-17T22:10:00.889+0000] {taskinstance.py:2306} INFO - Starting attempt 1 of 1
[2025-12-17T22:10:00.914+0000] {taskinstance.py:2330} INFO - Executing <Task(PythonOperator): baixar_csv> on 2025-12-17 22:09:59.374073+00:00
[2025-12-17T22:10:00.926+0000] {standard_task_runner.py:90} INFO - Running: ['***', 'tasks', 'run', 'importa_enderecos_aracaju', 'baixar_csv', 'manual__2025-12-17T22:09:59.374073+00:00', '--job-id', '16', '--raw', '--subdir', 'DAGS_FOLDER/importa_aracaju.py', '--cfg-path', '/tmp/tmp925noxx6']
[2025-12-17T22:10:00.932+0000] {standard_task_runner.py:91} INFO - Job 16: Subtask baixar_csv
[2025-12-17T22:10:00.932+0000] {logging_mixin.py:188} WARNING - /home/***/.local/lib/python3.12/site-packages/***/task/task_runner/standard_task_runner.py:61 DeprecationWarning: This process (pid=1130) is multi-threaded, use of fork() may lead to deadlocks in the child.
[2025-12-17T22:10:00.934+0000] {standard_task_runner.py:63} INFO - Started process 1132 to run task
[2025-12-17T22:10:01.031+0000] {task_command.py:426} INFO - Running <TaskInstance: importa_enderecos_aracaju.baixar_csv manual__2025-12-17T22:09:59.374073+00:00 [running]> on host a11d9e26add2
[2025-12-17T22:10:01.165+0000] {taskinstance.py:2648} INFO - Exporting env vars: AIRFLOW_CTX_DAG_OWNER='***' AIRFLOW_CTX_DAG_ID='importa_enderecos_aracaju' AIRFLOW_CTX_TASK_ID='baixar_csv' AIRFLOW_CTX_EXECUTION_DATE='2025-12-17T22:09:59.374073+00:00' AIRFLOW_CTX_TRY_NUMBER='1' AIRFLOW_CTX_DAG_RUN_ID='manual__2025-12-17T22:09:59.374073+00:00'
[2025-12-17T22:10:01.167+0000] {taskinstance.py:430} INFO - ::endgroup::
[2025-12-17T22:10:01.192+0000] {taskinstance.py:441} INFO - ::group::Post task execution logs
[2025-12-17T22:10:01.193+0000] {taskinstance.py:2905} ERROR - Task failed with exception
Traceback (most recent call last):
  File "/home/airflow/.local/lib/python3.12/site-packages/airflow/models/taskinstance.py", line 465, in _execute_task
    result = _execute_callable(context=context, **execute_callable_kwargs)
             ^^^^^^^^^^^^^^^^^^^^^^^^^^^^^^^^^^^^^^^^^^^^^^^^^^^^^^^^^^^^^
  File "/home/airflow/.local/lib/python3.12/site-packages/airflow/models/taskinstance.py", line 432, in _execute_callable
    return execute_callable(context=context, **execute_callable_kwargs)
           ^^^^^^^^^^^^^^^^^^^^^^^^^^^^^^^^^^^^^^^^^^^^^^^^^^^^^^^^^^^^
  File "/home/airflow/.local/lib/python3.12/site-packages/airflow/models/baseoperator.py", line 400, in wrapper
    return func(self, *args, **kwargs)
           ^^^^^^^^^^^^^^^^^^^^^^^^^^^
  File "/home/airflow/.local/lib/python3.12/site-packages/airflow/operators/python.py", line 235, in execute
    return_value = self.execute_callable()
                   ^^^^^^^^^^^^^^^^^^^^^^^
  File "/home/airflow/.local/lib/python3.12/site-packages/airflow/operators/python.py", line 252, in execute_callable
    return self.python_callable(*self.op_args, **self.op_kwargs)
           ^^^^^^^^^^^^^^^^^^^^^^^^^^^^^^^^^^^^^^^^^^^^^^^^^^^^^
  File "/opt/airflow/dags/importa_aracaju.py", line 13, in baixar_csv
    df = pd.read_csv(
         ^^^^^^^^^^^^
  File "/home/airflow/.local/lib/python3.12/site-packages/pandas/io/parsers/readers.py", line 948, in read_csv
    return _read(filepath_or_buffer, kwds)
           ^^^^^^^^^^^^^^^^^^^^^^^^^^^^^^^
  File "/home/airflow/.local/lib/python3.12/site-packages/pandas/io/parsers/readers.py", line 611, in _read
    parser = TextFileReader(filepath_or_buffer, **kwds)
             ^^^^^^^^^^^^^^^^^^^^^^^^^^^^^^^^^^^^^^^^^^
  File "/home/airflow/.local/lib/python3.12/site-packages/pandas/io/parsers/readers.py", line 1448, in __init__
    self._engine = self._make_engine(f, self.engine)
                   ^^^^^^^^^^^^^^^^^^^^^^^^^^^^^^^^^
  File "/home/airflow/.local/lib/python3.12/site-packages/pandas/io/parsers/readers.py", line 1705, in _make_engine
    self.handles = get_handle(
                   ^^^^^^^^^^^
  File "/home/airflow/.local/lib/python3.12/site-packages/pandas/io/common.py", line 863, in get_handle
    handle = open(
             ^^^^^
FileNotFoundError: [Errno 2] No such file or directory: 'COLE_AQUI_A_URL_DO_CSV'
[2025-12-17T22:10:01.222+0000] {taskinstance.py:1206} INFO - Marking task as FAILED. dag_id=importa_enderecos_aracaju, task_id=baixar_csv, run_id=manual__2025-12-17T22:09:59.374073+00:00, execution_date=20251217T220959, start_date=20251217T221000, end_date=20251217T221001
[2025-12-17T22:10:01.239+0000] {standard_task_runner.py:110} ERROR - Failed to execute job 16 for task baixar_csv ([Errno 2] No such file or directory: 'COLE_AQUI_A_URL_DO_CSV'; 1132)
[2025-12-17T22:10:01.270+0000] {local_task_job_runner.py:240} INFO - Task exited with return code 1
[2025-12-17T22:10:01.301+0000] {taskinstance.py:3498} INFO - 0 downstream tasks scheduled from follow-on schedule check
[2025-12-17T22:10:01.308+0000] {local_task_job_runner.py:222} INFO - ::endgroup::
