[2025-12-18T00:00:13.627+0000] {processor.py:161} INFO - Started process (PID=609) to work on /opt/airflow/dags/etl_aracaju.py
[2025-12-18T00:00:13.631+0000] {processor.py:830} INFO - Processing file /opt/airflow/dags/etl_aracaju.py for tasks to queue
[2025-12-18T00:00:13.638+0000] {logging_mixin.py:188} INFO - [2025-12-18T00:00:13.634+0000] {dagbag.py:545} INFO - Filling up the DagBag from /opt/airflow/dags/etl_aracaju.py
[2025-12-18T00:00:15.137+0000] {processor.py:840} INFO - DAG(s) 'etl_aracaju' retrieved from /opt/airflow/dags/etl_aracaju.py
[2025-12-18T00:00:15.241+0000] {logging_mixin.py:188} INFO - [2025-12-18T00:00:15.240+0000] {dag.py:3089} INFO - Sync 1 DAGs
[2025-12-18T00:00:15.296+0000] {logging_mixin.py:188} INFO - [2025-12-18T00:00:15.296+0000] {dag.py:3947} INFO - Setting next_dagrun for etl_aracaju to None, run_after=None
[2025-12-18T00:00:15.380+0000] {processor.py:183} INFO - Processing /opt/airflow/dags/etl_aracaju.py took 1.778 seconds
[2025-12-18T00:00:45.872+0000] {processor.py:161} INFO - Started process (PID=615) to work on /opt/airflow/dags/etl_aracaju.py
[2025-12-18T00:00:45.876+0000] {processor.py:830} INFO - Processing file /opt/airflow/dags/etl_aracaju.py for tasks to queue
[2025-12-18T00:00:45.889+0000] {logging_mixin.py:188} INFO - [2025-12-18T00:00:45.888+0000] {dagbag.py:545} INFO - Filling up the DagBag from /opt/airflow/dags/etl_aracaju.py
[2025-12-18T00:00:47.505+0000] {processor.py:840} INFO - DAG(s) 'etl_aracaju' retrieved from /opt/airflow/dags/etl_aracaju.py
[2025-12-18T00:00:47.612+0000] {logging_mixin.py:188} INFO - [2025-12-18T00:00:47.611+0000] {dag.py:3089} INFO - Sync 1 DAGs
[2025-12-18T00:00:47.666+0000] {logging_mixin.py:188} INFO - [2025-12-18T00:00:47.665+0000] {dag.py:3947} INFO - Setting next_dagrun for etl_aracaju to None, run_after=None
[2025-12-18T00:00:47.747+0000] {processor.py:183} INFO - Processing /opt/airflow/dags/etl_aracaju.py took 1.952 seconds
[2025-12-18T00:01:18.022+0000] {processor.py:161} INFO - Started process (PID=621) to work on /opt/airflow/dags/etl_aracaju.py
[2025-12-18T00:01:18.025+0000] {processor.py:830} INFO - Processing file /opt/airflow/dags/etl_aracaju.py for tasks to queue
[2025-12-18T00:01:18.039+0000] {logging_mixin.py:188} INFO - [2025-12-18T00:01:18.038+0000] {dagbag.py:545} INFO - Filling up the DagBag from /opt/airflow/dags/etl_aracaju.py
[2025-12-18T00:01:19.471+0000] {processor.py:840} INFO - DAG(s) 'etl_aracaju' retrieved from /opt/airflow/dags/etl_aracaju.py
[2025-12-18T00:01:19.594+0000] {logging_mixin.py:188} INFO - [2025-12-18T00:01:19.593+0000] {dag.py:3089} INFO - Sync 1 DAGs
[2025-12-18T00:01:19.650+0000] {logging_mixin.py:188} INFO - [2025-12-18T00:01:19.650+0000] {dag.py:3947} INFO - Setting next_dagrun for etl_aracaju to None, run_after=None
[2025-12-18T00:01:19.792+0000] {processor.py:183} INFO - Processing /opt/airflow/dags/etl_aracaju.py took 1.796 seconds
[2025-12-18T00:01:50.796+0000] {processor.py:161} INFO - Started process (PID=627) to work on /opt/airflow/dags/etl_aracaju.py
[2025-12-18T00:01:50.804+0000] {processor.py:830} INFO - Processing file /opt/airflow/dags/etl_aracaju.py for tasks to queue
[2025-12-18T00:01:50.808+0000] {logging_mixin.py:188} INFO - [2025-12-18T00:01:50.807+0000] {dagbag.py:545} INFO - Filling up the DagBag from /opt/airflow/dags/etl_aracaju.py
[2025-12-18T00:01:52.340+0000] {processor.py:840} INFO - DAG(s) 'etl_aracaju' retrieved from /opt/airflow/dags/etl_aracaju.py
[2025-12-18T00:01:52.421+0000] {logging_mixin.py:188} INFO - [2025-12-18T00:01:52.421+0000] {dag.py:3089} INFO - Sync 1 DAGs
[2025-12-18T00:01:52.442+0000] {logging_mixin.py:188} INFO - [2025-12-18T00:01:52.442+0000] {dag.py:3947} INFO - Setting next_dagrun for etl_aracaju to None, run_after=None
[2025-12-18T00:01:52.924+0000] {processor.py:183} INFO - Processing /opt/airflow/dags/etl_aracaju.py took 2.154 seconds
[2025-12-18T00:02:23.558+0000] {processor.py:161} INFO - Started process (PID=633) to work on /opt/airflow/dags/etl_aracaju.py
[2025-12-18T00:02:23.564+0000] {processor.py:830} INFO - Processing file /opt/airflow/dags/etl_aracaju.py for tasks to queue
[2025-12-18T00:02:23.572+0000] {logging_mixin.py:188} INFO - [2025-12-18T00:02:23.571+0000] {dagbag.py:545} INFO - Filling up the DagBag from /opt/airflow/dags/etl_aracaju.py
[2025-12-18T00:02:25.112+0000] {processor.py:840} INFO - DAG(s) 'etl_aracaju' retrieved from /opt/airflow/dags/etl_aracaju.py
[2025-12-18T00:02:25.260+0000] {logging_mixin.py:188} INFO - [2025-12-18T00:02:25.254+0000] {dag.py:3089} INFO - Sync 1 DAGs
[2025-12-18T00:02:25.919+0000] {logging_mixin.py:188} INFO - [2025-12-18T00:02:25.919+0000] {dag.py:3947} INFO - Setting next_dagrun for etl_aracaju to None, run_after=None
[2025-12-18T00:02:26.012+0000] {processor.py:183} INFO - Processing /opt/airflow/dags/etl_aracaju.py took 2.484 seconds
[2025-12-18T00:02:56.606+0000] {processor.py:161} INFO - Started process (PID=639) to work on /opt/airflow/dags/etl_aracaju.py
[2025-12-18T00:02:56.615+0000] {processor.py:830} INFO - Processing file /opt/airflow/dags/etl_aracaju.py for tasks to queue
[2025-12-18T00:02:56.622+0000] {logging_mixin.py:188} INFO - [2025-12-18T00:02:56.621+0000] {dagbag.py:545} INFO - Filling up the DagBag from /opt/airflow/dags/etl_aracaju.py
[2025-12-18T00:02:58.349+0000] {processor.py:840} INFO - DAG(s) 'etl_aracaju' retrieved from /opt/airflow/dags/etl_aracaju.py
[2025-12-18T00:02:59.013+0000] {logging_mixin.py:188} INFO - [2025-12-18T00:02:59.011+0000] {dag.py:3089} INFO - Sync 1 DAGs
[2025-12-18T00:02:59.071+0000] {logging_mixin.py:188} INFO - [2025-12-18T00:02:59.070+0000] {dag.py:3947} INFO - Setting next_dagrun for etl_aracaju to None, run_after=None
[2025-12-18T00:02:59.171+0000] {processor.py:183} INFO - Processing /opt/airflow/dags/etl_aracaju.py took 2.591 seconds
[2025-12-18T00:03:30.057+0000] {processor.py:161} INFO - Started process (PID=645) to work on /opt/airflow/dags/etl_aracaju.py
[2025-12-18T00:03:30.061+0000] {processor.py:830} INFO - Processing file /opt/airflow/dags/etl_aracaju.py for tasks to queue
[2025-12-18T00:03:30.071+0000] {logging_mixin.py:188} INFO - [2025-12-18T00:03:30.070+0000] {dagbag.py:545} INFO - Filling up the DagBag from /opt/airflow/dags/etl_aracaju.py
[2025-12-18T00:03:31.669+0000] {processor.py:840} INFO - DAG(s) 'etl_aracaju' retrieved from /opt/airflow/dags/etl_aracaju.py
[2025-12-18T00:03:31.888+0000] {logging_mixin.py:188} INFO - [2025-12-18T00:03:31.886+0000] {dag.py:3089} INFO - Sync 1 DAGs
[2025-12-18T00:03:31.956+0000] {logging_mixin.py:188} INFO - [2025-12-18T00:03:31.954+0000] {dag.py:3947} INFO - Setting next_dagrun for etl_aracaju to None, run_after=None
[2025-12-18T00:03:32.054+0000] {processor.py:183} INFO - Processing /opt/airflow/dags/etl_aracaju.py took 2.021 seconds
[2025-12-18T00:04:03.059+0000] {processor.py:161} INFO - Started process (PID=651) to work on /opt/airflow/dags/etl_aracaju.py
[2025-12-18T00:04:03.062+0000] {processor.py:830} INFO - Processing file /opt/airflow/dags/etl_aracaju.py for tasks to queue
[2025-12-18T00:04:03.067+0000] {logging_mixin.py:188} INFO - [2025-12-18T00:04:03.066+0000] {dagbag.py:545} INFO - Filling up the DagBag from /opt/airflow/dags/etl_aracaju.py
[2025-12-18T00:04:04.607+0000] {processor.py:840} INFO - DAG(s) 'etl_aracaju' retrieved from /opt/airflow/dags/etl_aracaju.py
[2025-12-18T00:04:04.726+0000] {logging_mixin.py:188} INFO - [2025-12-18T00:04:04.725+0000] {dag.py:3089} INFO - Sync 1 DAGs
[2025-12-18T00:04:04.778+0000] {logging_mixin.py:188} INFO - [2025-12-18T00:04:04.777+0000] {dag.py:3947} INFO - Setting next_dagrun for etl_aracaju to None, run_after=None
[2025-12-18T00:04:04.889+0000] {processor.py:183} INFO - Processing /opt/airflow/dags/etl_aracaju.py took 1.856 seconds
[2025-12-18T00:04:35.778+0000] {processor.py:161} INFO - Started process (PID=657) to work on /opt/airflow/dags/etl_aracaju.py
[2025-12-18T00:04:35.787+0000] {processor.py:830} INFO - Processing file /opt/airflow/dags/etl_aracaju.py for tasks to queue
[2025-12-18T00:04:35.793+0000] {logging_mixin.py:188} INFO - [2025-12-18T00:04:35.792+0000] {dagbag.py:545} INFO - Filling up the DagBag from /opt/airflow/dags/etl_aracaju.py
[2025-12-18T00:04:37.925+0000] {processor.py:840} INFO - DAG(s) 'etl_aracaju' retrieved from /opt/airflow/dags/etl_aracaju.py
[2025-12-18T00:04:38.085+0000] {logging_mixin.py:188} INFO - [2025-12-18T00:04:38.084+0000] {dag.py:3089} INFO - Sync 1 DAGs
[2025-12-18T00:04:38.129+0000] {logging_mixin.py:188} INFO - [2025-12-18T00:04:38.129+0000] {dag.py:3947} INFO - Setting next_dagrun for etl_aracaju to None, run_after=None
[2025-12-18T00:04:38.577+0000] {processor.py:183} INFO - Processing /opt/airflow/dags/etl_aracaju.py took 2.834 seconds
[2025-12-18T00:04:42.668+0000] {processor.py:161} INFO - Started process (PID=663) to work on /opt/airflow/dags/etl_aracaju.py
[2025-12-18T00:04:42.722+0000] {processor.py:830} INFO - Processing file /opt/airflow/dags/etl_aracaju.py for tasks to queue
[2025-12-18T00:04:42.789+0000] {logging_mixin.py:188} INFO - [2025-12-18T00:04:42.787+0000] {dagbag.py:545} INFO - Filling up the DagBag from /opt/airflow/dags/etl_aracaju.py
[2025-12-18T00:04:44.228+0000] {processor.py:840} INFO - DAG(s) 'etl_aracaju' retrieved from /opt/airflow/dags/etl_aracaju.py
[2025-12-18T00:04:44.295+0000] {logging_mixin.py:188} INFO - [2025-12-18T00:04:44.294+0000] {dag.py:3089} INFO - Sync 1 DAGs
[2025-12-18T00:04:44.317+0000] {logging_mixin.py:188} INFO - [2025-12-18T00:04:44.316+0000] {dag.py:3947} INFO - Setting next_dagrun for etl_aracaju to None, run_after=None
[2025-12-18T00:04:44.691+0000] {processor.py:183} INFO - Processing /opt/airflow/dags/etl_aracaju.py took 2.051 seconds
[2025-12-18T00:05:14.987+0000] {processor.py:161} INFO - Started process (PID=669) to work on /opt/airflow/dags/etl_aracaju.py
[2025-12-18T00:05:14.995+0000] {processor.py:830} INFO - Processing file /opt/airflow/dags/etl_aracaju.py for tasks to queue
[2025-12-18T00:05:15.005+0000] {logging_mixin.py:188} INFO - [2025-12-18T00:05:15.004+0000] {dagbag.py:545} INFO - Filling up the DagBag from /opt/airflow/dags/etl_aracaju.py
[2025-12-18T00:05:17.161+0000] {processor.py:840} INFO - DAG(s) 'etl_aracaju' retrieved from /opt/airflow/dags/etl_aracaju.py
[2025-12-18T00:05:17.296+0000] {logging_mixin.py:188} INFO - [2025-12-18T00:05:17.295+0000] {dag.py:3089} INFO - Sync 1 DAGs
[2025-12-18T00:05:17.331+0000] {logging_mixin.py:188} INFO - [2025-12-18T00:05:17.331+0000] {dag.py:3947} INFO - Setting next_dagrun for etl_aracaju to None, run_after=None
[2025-12-18T00:05:17.666+0000] {processor.py:183} INFO - Processing /opt/airflow/dags/etl_aracaju.py took 2.707 seconds
[2025-12-18T00:05:48.440+0000] {processor.py:161} INFO - Started process (PID=675) to work on /opt/airflow/dags/etl_aracaju.py
[2025-12-18T00:05:48.442+0000] {processor.py:830} INFO - Processing file /opt/airflow/dags/etl_aracaju.py for tasks to queue
[2025-12-18T00:05:48.445+0000] {logging_mixin.py:188} INFO - [2025-12-18T00:05:48.444+0000] {dagbag.py:545} INFO - Filling up the DagBag from /opt/airflow/dags/etl_aracaju.py
[2025-12-18T00:05:49.477+0000] {processor.py:840} INFO - DAG(s) 'etl_aracaju' retrieved from /opt/airflow/dags/etl_aracaju.py
[2025-12-18T00:05:49.595+0000] {logging_mixin.py:188} INFO - [2025-12-18T00:05:49.587+0000] {dag.py:3089} INFO - Sync 1 DAGs
[2025-12-18T00:05:50.069+0000] {logging_mixin.py:188} INFO - [2025-12-18T00:05:50.068+0000] {dag.py:3947} INFO - Setting next_dagrun for etl_aracaju to None, run_after=None
[2025-12-18T00:05:50.374+0000] {processor.py:183} INFO - Processing /opt/airflow/dags/etl_aracaju.py took 1.966 seconds
[2025-12-18T00:06:21.169+0000] {processor.py:161} INFO - Started process (PID=681) to work on /opt/airflow/dags/etl_aracaju.py
[2025-12-18T00:06:21.182+0000] {processor.py:830} INFO - Processing file /opt/airflow/dags/etl_aracaju.py for tasks to queue
[2025-12-18T00:06:21.222+0000] {logging_mixin.py:188} INFO - [2025-12-18T00:06:21.221+0000] {dagbag.py:545} INFO - Filling up the DagBag from /opt/airflow/dags/etl_aracaju.py
[2025-12-18T00:06:23.087+0000] {processor.py:840} INFO - DAG(s) 'etl_aracaju' retrieved from /opt/airflow/dags/etl_aracaju.py
[2025-12-18T00:06:23.755+0000] {logging_mixin.py:188} INFO - [2025-12-18T00:06:23.754+0000] {dag.py:3089} INFO - Sync 1 DAGs
[2025-12-18T00:06:23.803+0000] {logging_mixin.py:188} INFO - [2025-12-18T00:06:23.802+0000] {dag.py:3947} INFO - Setting next_dagrun for etl_aracaju to None, run_after=None
[2025-12-18T00:06:23.867+0000] {processor.py:183} INFO - Processing /opt/airflow/dags/etl_aracaju.py took 2.737 seconds
[2025-12-18T00:06:54.340+0000] {processor.py:161} INFO - Started process (PID=687) to work on /opt/airflow/dags/etl_aracaju.py
[2025-12-18T00:06:54.343+0000] {processor.py:830} INFO - Processing file /opt/airflow/dags/etl_aracaju.py for tasks to queue
[2025-12-18T00:06:54.351+0000] {logging_mixin.py:188} INFO - [2025-12-18T00:06:54.350+0000] {dagbag.py:545} INFO - Filling up the DagBag from /opt/airflow/dags/etl_aracaju.py
[2025-12-18T00:06:56.313+0000] {processor.py:840} INFO - DAG(s) 'etl_aracaju' retrieved from /opt/airflow/dags/etl_aracaju.py
[2025-12-18T00:06:56.457+0000] {logging_mixin.py:188} INFO - [2025-12-18T00:06:56.455+0000] {dag.py:3089} INFO - Sync 1 DAGs
[2025-12-18T00:06:56.519+0000] {logging_mixin.py:188} INFO - [2025-12-18T00:06:56.519+0000] {dag.py:3947} INFO - Setting next_dagrun for etl_aracaju to None, run_after=None
[2025-12-18T00:06:56.618+0000] {processor.py:183} INFO - Processing /opt/airflow/dags/etl_aracaju.py took 2.312 seconds
[2025-12-18T00:07:26.946+0000] {processor.py:161} INFO - Started process (PID=693) to work on /opt/airflow/dags/etl_aracaju.py
[2025-12-18T00:07:26.951+0000] {processor.py:830} INFO - Processing file /opt/airflow/dags/etl_aracaju.py for tasks to queue
[2025-12-18T00:07:26.958+0000] {logging_mixin.py:188} INFO - [2025-12-18T00:07:26.957+0000] {dagbag.py:545} INFO - Filling up the DagBag from /opt/airflow/dags/etl_aracaju.py
[2025-12-18T00:07:28.828+0000] {processor.py:840} INFO - DAG(s) 'etl_aracaju' retrieved from /opt/airflow/dags/etl_aracaju.py
[2025-12-18T00:07:29.003+0000] {logging_mixin.py:188} INFO - [2025-12-18T00:07:29.002+0000] {dag.py:3089} INFO - Sync 1 DAGs
[2025-12-18T00:07:29.094+0000] {logging_mixin.py:188} INFO - [2025-12-18T00:07:29.093+0000] {dag.py:3947} INFO - Setting next_dagrun for etl_aracaju to None, run_after=None
[2025-12-18T00:07:29.194+0000] {processor.py:183} INFO - Processing /opt/airflow/dags/etl_aracaju.py took 2.281 seconds
[2025-12-18T00:07:59.650+0000] {processor.py:161} INFO - Started process (PID=699) to work on /opt/airflow/dags/etl_aracaju.py
[2025-12-18T00:07:59.665+0000] {processor.py:830} INFO - Processing file /opt/airflow/dags/etl_aracaju.py for tasks to queue
[2025-12-18T00:07:59.669+0000] {logging_mixin.py:188} INFO - [2025-12-18T00:07:59.668+0000] {dagbag.py:545} INFO - Filling up the DagBag from /opt/airflow/dags/etl_aracaju.py
[2025-12-18T00:08:01.378+0000] {processor.py:840} INFO - DAG(s) 'etl_aracaju' retrieved from /opt/airflow/dags/etl_aracaju.py
[2025-12-18T00:08:01.525+0000] {logging_mixin.py:188} INFO - [2025-12-18T00:08:01.523+0000] {dag.py:3089} INFO - Sync 1 DAGs
[2025-12-18T00:08:01.594+0000] {logging_mixin.py:188} INFO - [2025-12-18T00:08:01.593+0000] {dag.py:3947} INFO - Setting next_dagrun for etl_aracaju to None, run_after=None
[2025-12-18T00:08:02.224+0000] {processor.py:183} INFO - Processing /opt/airflow/dags/etl_aracaju.py took 2.603 seconds
[2025-12-18T00:08:32.913+0000] {processor.py:161} INFO - Started process (PID=705) to work on /opt/airflow/dags/etl_aracaju.py
[2025-12-18T00:08:32.918+0000] {processor.py:830} INFO - Processing file /opt/airflow/dags/etl_aracaju.py for tasks to queue
[2025-12-18T00:08:32.923+0000] {logging_mixin.py:188} INFO - [2025-12-18T00:08:32.921+0000] {dagbag.py:545} INFO - Filling up the DagBag from /opt/airflow/dags/etl_aracaju.py
[2025-12-18T00:08:34.406+0000] {processor.py:840} INFO - DAG(s) 'etl_aracaju' retrieved from /opt/airflow/dags/etl_aracaju.py
[2025-12-18T00:08:34.552+0000] {logging_mixin.py:188} INFO - [2025-12-18T00:08:34.543+0000] {dag.py:3089} INFO - Sync 1 DAGs
[2025-12-18T00:08:35.083+0000] {logging_mixin.py:188} INFO - [2025-12-18T00:08:35.082+0000] {dag.py:3947} INFO - Setting next_dagrun for etl_aracaju to None, run_after=None
[2025-12-18T00:08:35.152+0000] {processor.py:183} INFO - Processing /opt/airflow/dags/etl_aracaju.py took 2.286 seconds
[2025-12-18T00:09:05.466+0000] {processor.py:161} INFO - Started process (PID=711) to work on /opt/airflow/dags/etl_aracaju.py
[2025-12-18T00:09:05.478+0000] {processor.py:830} INFO - Processing file /opt/airflow/dags/etl_aracaju.py for tasks to queue
[2025-12-18T00:09:05.484+0000] {logging_mixin.py:188} INFO - [2025-12-18T00:09:05.483+0000] {dagbag.py:545} INFO - Filling up the DagBag from /opt/airflow/dags/etl_aracaju.py
[2025-12-18T00:09:07.240+0000] {processor.py:840} INFO - DAG(s) 'etl_aracaju' retrieved from /opt/airflow/dags/etl_aracaju.py
[2025-12-18T00:09:07.966+0000] {logging_mixin.py:188} INFO - [2025-12-18T00:09:07.960+0000] {dag.py:3089} INFO - Sync 1 DAGs
[2025-12-18T00:09:08.029+0000] {logging_mixin.py:188} INFO - [2025-12-18T00:09:08.028+0000] {dag.py:3947} INFO - Setting next_dagrun for etl_aracaju to None, run_after=None
[2025-12-18T00:09:08.147+0000] {processor.py:183} INFO - Processing /opt/airflow/dags/etl_aracaju.py took 2.709 seconds
[2025-12-18T00:09:38.635+0000] {processor.py:161} INFO - Started process (PID=717) to work on /opt/airflow/dags/etl_aracaju.py
[2025-12-18T00:09:38.645+0000] {processor.py:830} INFO - Processing file /opt/airflow/dags/etl_aracaju.py for tasks to queue
[2025-12-18T00:09:38.652+0000] {logging_mixin.py:188} INFO - [2025-12-18T00:09:38.651+0000] {dagbag.py:545} INFO - Filling up the DagBag from /opt/airflow/dags/etl_aracaju.py
[2025-12-18T00:09:40.726+0000] {processor.py:840} INFO - DAG(s) 'etl_aracaju' retrieved from /opt/airflow/dags/etl_aracaju.py
[2025-12-18T00:09:41.385+0000] {logging_mixin.py:188} INFO - [2025-12-18T00:09:41.384+0000] {dag.py:3089} INFO - Sync 1 DAGs
[2025-12-18T00:09:41.461+0000] {logging_mixin.py:188} INFO - [2025-12-18T00:09:41.461+0000] {dag.py:3947} INFO - Setting next_dagrun for etl_aracaju to None, run_after=None
[2025-12-18T00:09:41.550+0000] {processor.py:183} INFO - Processing /opt/airflow/dags/etl_aracaju.py took 2.944 seconds
[2025-12-18T00:10:12.730+0000] {processor.py:161} INFO - Started process (PID=723) to work on /opt/airflow/dags/etl_aracaju.py
[2025-12-18T00:10:12.740+0000] {processor.py:830} INFO - Processing file /opt/airflow/dags/etl_aracaju.py for tasks to queue
[2025-12-18T00:10:12.750+0000] {logging_mixin.py:188} INFO - [2025-12-18T00:10:12.749+0000] {dagbag.py:545} INFO - Filling up the DagBag from /opt/airflow/dags/etl_aracaju.py
[2025-12-18T00:10:14.824+0000] {processor.py:840} INFO - DAG(s) 'etl_aracaju' retrieved from /opt/airflow/dags/etl_aracaju.py
[2025-12-18T00:10:15.078+0000] {logging_mixin.py:188} INFO - [2025-12-18T00:10:15.076+0000] {dag.py:3089} INFO - Sync 1 DAGs
[2025-12-18T00:10:15.139+0000] {logging_mixin.py:188} INFO - [2025-12-18T00:10:15.138+0000] {dag.py:3947} INFO - Setting next_dagrun for etl_aracaju to None, run_after=None
[2025-12-18T00:10:15.267+0000] {processor.py:183} INFO - Processing /opt/airflow/dags/etl_aracaju.py took 2.575 seconds
[2025-12-18T00:10:46.874+0000] {processor.py:161} INFO - Started process (PID=729) to work on /opt/airflow/dags/etl_aracaju.py
[2025-12-18T00:10:46.887+0000] {processor.py:830} INFO - Processing file /opt/airflow/dags/etl_aracaju.py for tasks to queue
[2025-12-18T00:10:46.894+0000] {logging_mixin.py:188} INFO - [2025-12-18T00:10:46.893+0000] {dagbag.py:545} INFO - Filling up the DagBag from /opt/airflow/dags/etl_aracaju.py
[2025-12-18T00:10:48.862+0000] {processor.py:840} INFO - DAG(s) 'etl_aracaju' retrieved from /opt/airflow/dags/etl_aracaju.py
[2025-12-18T00:10:49.015+0000] {logging_mixin.py:188} INFO - [2025-12-18T00:10:49.014+0000] {dag.py:3089} INFO - Sync 1 DAGs
[2025-12-18T00:10:49.071+0000] {logging_mixin.py:188} INFO - [2025-12-18T00:10:49.070+0000] {dag.py:3947} INFO - Setting next_dagrun for etl_aracaju to None, run_after=None
[2025-12-18T00:10:49.673+0000] {processor.py:183} INFO - Processing /opt/airflow/dags/etl_aracaju.py took 2.836 seconds
[2025-12-18T00:11:19.789+0000] {processor.py:161} INFO - Started process (PID=735) to work on /opt/airflow/dags/etl_aracaju.py
[2025-12-18T00:11:19.791+0000] {processor.py:830} INFO - Processing file /opt/airflow/dags/etl_aracaju.py for tasks to queue
[2025-12-18T00:11:19.792+0000] {logging_mixin.py:188} INFO - [2025-12-18T00:11:19.792+0000] {dagbag.py:545} INFO - Filling up the DagBag from /opt/airflow/dags/etl_aracaju.py
[2025-12-18T00:11:20.246+0000] {processor.py:840} INFO - DAG(s) 'etl_aracaju' retrieved from /opt/airflow/dags/etl_aracaju.py
[2025-12-18T00:11:20.294+0000] {logging_mixin.py:188} INFO - [2025-12-18T00:11:20.293+0000] {dag.py:3089} INFO - Sync 1 DAGs
[2025-12-18T00:11:20.502+0000] {logging_mixin.py:188} INFO - [2025-12-18T00:11:20.501+0000] {dag.py:3947} INFO - Setting next_dagrun for etl_aracaju to None, run_after=None
[2025-12-18T00:11:20.533+0000] {processor.py:183} INFO - Processing /opt/airflow/dags/etl_aracaju.py took 0.753 seconds
[2025-12-18T00:11:50.684+0000] {processor.py:161} INFO - Started process (PID=741) to work on /opt/airflow/dags/etl_aracaju.py
[2025-12-18T00:11:50.689+0000] {processor.py:830} INFO - Processing file /opt/airflow/dags/etl_aracaju.py for tasks to queue
[2025-12-18T00:11:50.693+0000] {logging_mixin.py:188} INFO - [2025-12-18T00:11:50.691+0000] {dagbag.py:545} INFO - Filling up the DagBag from /opt/airflow/dags/etl_aracaju.py
[2025-12-18T00:11:51.135+0000] {processor.py:840} INFO - DAG(s) 'etl_aracaju' retrieved from /opt/airflow/dags/etl_aracaju.py
[2025-12-18T00:11:51.342+0000] {logging_mixin.py:188} INFO - [2025-12-18T00:11:51.178+0000] {dag.py:3089} INFO - Sync 1 DAGs
[2025-12-18T00:11:51.354+0000] {logging_mixin.py:188} INFO - [2025-12-18T00:11:51.354+0000] {dag.py:3947} INFO - Setting next_dagrun for etl_aracaju to None, run_after=None
[2025-12-18T00:11:51.381+0000] {processor.py:183} INFO - Processing /opt/airflow/dags/etl_aracaju.py took 0.712 seconds
[2025-12-18T00:12:21.627+0000] {processor.py:161} INFO - Started process (PID=747) to work on /opt/airflow/dags/etl_aracaju.py
[2025-12-18T00:12:21.629+0000] {processor.py:830} INFO - Processing file /opt/airflow/dags/etl_aracaju.py for tasks to queue
[2025-12-18T00:12:21.630+0000] {logging_mixin.py:188} INFO - [2025-12-18T00:12:21.630+0000] {dagbag.py:545} INFO - Filling up the DagBag from /opt/airflow/dags/etl_aracaju.py
[2025-12-18T00:12:21.981+0000] {processor.py:840} INFO - DAG(s) 'etl_aracaju' retrieved from /opt/airflow/dags/etl_aracaju.py
[2025-12-18T00:12:22.157+0000] {logging_mixin.py:188} INFO - [2025-12-18T00:12:22.156+0000] {dag.py:3089} INFO - Sync 1 DAGs
[2025-12-18T00:12:22.168+0000] {logging_mixin.py:188} INFO - [2025-12-18T00:12:22.168+0000] {dag.py:3947} INFO - Setting next_dagrun for etl_aracaju to None, run_after=None
[2025-12-18T00:12:22.188+0000] {processor.py:183} INFO - Processing /opt/airflow/dags/etl_aracaju.py took 0.570 seconds
[2025-12-18T00:12:52.557+0000] {processor.py:161} INFO - Started process (PID=753) to work on /opt/airflow/dags/etl_aracaju.py
[2025-12-18T00:12:52.558+0000] {processor.py:830} INFO - Processing file /opt/airflow/dags/etl_aracaju.py for tasks to queue
[2025-12-18T00:12:52.560+0000] {logging_mixin.py:188} INFO - [2025-12-18T00:12:52.559+0000] {dagbag.py:545} INFO - Filling up the DagBag from /opt/airflow/dags/etl_aracaju.py
[2025-12-18T00:12:53.051+0000] {processor.py:840} INFO - DAG(s) 'etl_aracaju' retrieved from /opt/airflow/dags/etl_aracaju.py
[2025-12-18T00:12:53.081+0000] {logging_mixin.py:188} INFO - [2025-12-18T00:12:53.081+0000] {dag.py:3089} INFO - Sync 1 DAGs
[2025-12-18T00:12:53.092+0000] {logging_mixin.py:188} INFO - [2025-12-18T00:12:53.092+0000] {dag.py:3947} INFO - Setting next_dagrun for etl_aracaju to None, run_after=None
[2025-12-18T00:12:53.114+0000] {processor.py:183} INFO - Processing /opt/airflow/dags/etl_aracaju.py took 0.565 seconds
[2025-12-18T00:13:23.428+0000] {processor.py:161} INFO - Started process (PID=759) to work on /opt/airflow/dags/etl_aracaju.py
[2025-12-18T00:13:23.430+0000] {processor.py:830} INFO - Processing file /opt/airflow/dags/etl_aracaju.py for tasks to queue
[2025-12-18T00:13:23.432+0000] {logging_mixin.py:188} INFO - [2025-12-18T00:13:23.431+0000] {dagbag.py:545} INFO - Filling up the DagBag from /opt/airflow/dags/etl_aracaju.py
[2025-12-18T00:13:23.814+0000] {processor.py:840} INFO - DAG(s) 'etl_aracaju' retrieved from /opt/airflow/dags/etl_aracaju.py
[2025-12-18T00:13:23.853+0000] {logging_mixin.py:188} INFO - [2025-12-18T00:13:23.852+0000] {dag.py:3089} INFO - Sync 1 DAGs
[2025-12-18T00:13:23.869+0000] {logging_mixin.py:188} INFO - [2025-12-18T00:13:23.869+0000] {dag.py:3947} INFO - Setting next_dagrun for etl_aracaju to None, run_after=None
[2025-12-18T00:13:23.893+0000] {processor.py:183} INFO - Processing /opt/airflow/dags/etl_aracaju.py took 0.473 seconds
[2025-12-18T00:13:54.163+0000] {processor.py:161} INFO - Started process (PID=765) to work on /opt/airflow/dags/etl_aracaju.py
[2025-12-18T00:13:54.168+0000] {processor.py:830} INFO - Processing file /opt/airflow/dags/etl_aracaju.py for tasks to queue
[2025-12-18T00:13:54.171+0000] {logging_mixin.py:188} INFO - [2025-12-18T00:13:54.170+0000] {dagbag.py:545} INFO - Filling up the DagBag from /opt/airflow/dags/etl_aracaju.py
[2025-12-18T00:13:54.512+0000] {processor.py:840} INFO - DAG(s) 'etl_aracaju' retrieved from /opt/airflow/dags/etl_aracaju.py
[2025-12-18T00:13:54.548+0000] {logging_mixin.py:188} INFO - [2025-12-18T00:13:54.548+0000] {dag.py:3089} INFO - Sync 1 DAGs
[2025-12-18T00:13:54.562+0000] {logging_mixin.py:188} INFO - [2025-12-18T00:13:54.562+0000] {dag.py:3947} INFO - Setting next_dagrun for etl_aracaju to None, run_after=None
[2025-12-18T00:13:54.724+0000] {processor.py:183} INFO - Processing /opt/airflow/dags/etl_aracaju.py took 0.571 seconds
[2025-12-18T00:14:24.942+0000] {processor.py:161} INFO - Started process (PID=771) to work on /opt/airflow/dags/etl_aracaju.py
[2025-12-18T00:14:24.944+0000] {processor.py:830} INFO - Processing file /opt/airflow/dags/etl_aracaju.py for tasks to queue
[2025-12-18T00:14:24.946+0000] {logging_mixin.py:188} INFO - [2025-12-18T00:14:24.945+0000] {dagbag.py:545} INFO - Filling up the DagBag from /opt/airflow/dags/etl_aracaju.py
[2025-12-18T00:14:25.296+0000] {processor.py:840} INFO - DAG(s) 'etl_aracaju' retrieved from /opt/airflow/dags/etl_aracaju.py
[2025-12-18T00:14:25.331+0000] {logging_mixin.py:188} INFO - [2025-12-18T00:14:25.330+0000] {dag.py:3089} INFO - Sync 1 DAGs
[2025-12-18T00:14:25.485+0000] {logging_mixin.py:188} INFO - [2025-12-18T00:14:25.485+0000] {dag.py:3947} INFO - Setting next_dagrun for etl_aracaju to None, run_after=None
[2025-12-18T00:14:25.509+0000] {processor.py:183} INFO - Processing /opt/airflow/dags/etl_aracaju.py took 0.574 seconds
[2025-12-18T00:14:55.634+0000] {processor.py:161} INFO - Started process (PID=777) to work on /opt/airflow/dags/etl_aracaju.py
[2025-12-18T00:14:55.636+0000] {processor.py:830} INFO - Processing file /opt/airflow/dags/etl_aracaju.py for tasks to queue
[2025-12-18T00:14:55.637+0000] {logging_mixin.py:188} INFO - [2025-12-18T00:14:55.637+0000] {dagbag.py:545} INFO - Filling up the DagBag from /opt/airflow/dags/etl_aracaju.py
[2025-12-18T00:14:55.977+0000] {processor.py:840} INFO - DAG(s) 'etl_aracaju' retrieved from /opt/airflow/dags/etl_aracaju.py
[2025-12-18T00:14:56.137+0000] {logging_mixin.py:188} INFO - [2025-12-18T00:14:56.009+0000] {dag.py:3089} INFO - Sync 1 DAGs
[2025-12-18T00:14:56.148+0000] {logging_mixin.py:188} INFO - [2025-12-18T00:14:56.148+0000] {dag.py:3947} INFO - Setting next_dagrun for etl_aracaju to None, run_after=None
[2025-12-18T00:14:56.170+0000] {processor.py:183} INFO - Processing /opt/airflow/dags/etl_aracaju.py took 0.543 seconds
[2025-12-18T00:15:27.102+0000] {processor.py:161} INFO - Started process (PID=783) to work on /opt/airflow/dags/etl_aracaju.py
[2025-12-18T00:15:27.103+0000] {processor.py:830} INFO - Processing file /opt/airflow/dags/etl_aracaju.py for tasks to queue
[2025-12-18T00:15:27.105+0000] {logging_mixin.py:188} INFO - [2025-12-18T00:15:27.104+0000] {dagbag.py:545} INFO - Filling up the DagBag from /opt/airflow/dags/etl_aracaju.py
[2025-12-18T00:15:27.428+0000] {processor.py:840} INFO - DAG(s) 'etl_aracaju' retrieved from /opt/airflow/dags/etl_aracaju.py
[2025-12-18T00:15:27.591+0000] {logging_mixin.py:188} INFO - [2025-12-18T00:15:27.590+0000] {dag.py:3089} INFO - Sync 1 DAGs
[2025-12-18T00:15:27.601+0000] {logging_mixin.py:188} INFO - [2025-12-18T00:15:27.600+0000] {dag.py:3947} INFO - Setting next_dagrun for etl_aracaju to None, run_after=None
[2025-12-18T00:15:27.622+0000] {processor.py:183} INFO - Processing /opt/airflow/dags/etl_aracaju.py took 0.530 seconds
[2025-12-18T00:15:58.182+0000] {processor.py:161} INFO - Started process (PID=789) to work on /opt/airflow/dags/etl_aracaju.py
[2025-12-18T00:15:58.183+0000] {processor.py:830} INFO - Processing file /opt/airflow/dags/etl_aracaju.py for tasks to queue
[2025-12-18T00:15:58.185+0000] {logging_mixin.py:188} INFO - [2025-12-18T00:15:58.184+0000] {dagbag.py:545} INFO - Filling up the DagBag from /opt/airflow/dags/etl_aracaju.py
[2025-12-18T00:15:58.528+0000] {processor.py:840} INFO - DAG(s) 'etl_aracaju' retrieved from /opt/airflow/dags/etl_aracaju.py
[2025-12-18T00:15:58.705+0000] {logging_mixin.py:188} INFO - [2025-12-18T00:15:58.705+0000] {dag.py:3089} INFO - Sync 1 DAGs
[2025-12-18T00:15:58.716+0000] {logging_mixin.py:188} INFO - [2025-12-18T00:15:58.716+0000] {dag.py:3947} INFO - Setting next_dagrun for etl_aracaju to None, run_after=None
[2025-12-18T00:15:58.738+0000] {processor.py:183} INFO - Processing /opt/airflow/dags/etl_aracaju.py took 0.564 seconds
[2025-12-18T00:16:28.970+0000] {processor.py:161} INFO - Started process (PID=795) to work on /opt/airflow/dags/etl_aracaju.py
[2025-12-18T00:16:28.972+0000] {processor.py:830} INFO - Processing file /opt/airflow/dags/etl_aracaju.py for tasks to queue
[2025-12-18T00:16:28.973+0000] {logging_mixin.py:188} INFO - [2025-12-18T00:16:28.973+0000] {dagbag.py:545} INFO - Filling up the DagBag from /opt/airflow/dags/etl_aracaju.py
[2025-12-18T00:16:29.295+0000] {processor.py:840} INFO - DAG(s) 'etl_aracaju' retrieved from /opt/airflow/dags/etl_aracaju.py
[2025-12-18T00:16:29.326+0000] {logging_mixin.py:188} INFO - [2025-12-18T00:16:29.325+0000] {dag.py:3089} INFO - Sync 1 DAGs
[2025-12-18T00:16:29.338+0000] {logging_mixin.py:188} INFO - [2025-12-18T00:16:29.338+0000] {dag.py:3947} INFO - Setting next_dagrun for etl_aracaju to None, run_after=None
[2025-12-18T00:16:29.360+0000] {processor.py:183} INFO - Processing /opt/airflow/dags/etl_aracaju.py took 0.400 seconds
[2025-12-18T00:16:59.513+0000] {processor.py:161} INFO - Started process (PID=801) to work on /opt/airflow/dags/etl_aracaju.py
[2025-12-18T00:16:59.514+0000] {processor.py:830} INFO - Processing file /opt/airflow/dags/etl_aracaju.py for tasks to queue
[2025-12-18T00:16:59.515+0000] {logging_mixin.py:188} INFO - [2025-12-18T00:16:59.515+0000] {dagbag.py:545} INFO - Filling up the DagBag from /opt/airflow/dags/etl_aracaju.py
[2025-12-18T00:16:59.863+0000] {processor.py:840} INFO - DAG(s) 'etl_aracaju' retrieved from /opt/airflow/dags/etl_aracaju.py
[2025-12-18T00:16:59.907+0000] {logging_mixin.py:188} INFO - [2025-12-18T00:16:59.906+0000] {dag.py:3089} INFO - Sync 1 DAGs
[2025-12-18T00:16:59.923+0000] {logging_mixin.py:188} INFO - [2025-12-18T00:16:59.923+0000] {dag.py:3947} INFO - Setting next_dagrun for etl_aracaju to None, run_after=None
[2025-12-18T00:16:59.947+0000] {processor.py:183} INFO - Processing /opt/airflow/dags/etl_aracaju.py took 0.443 seconds
[2025-12-18T00:17:30.435+0000] {processor.py:161} INFO - Started process (PID=807) to work on /opt/airflow/dags/etl_aracaju.py
[2025-12-18T00:17:30.436+0000] {processor.py:830} INFO - Processing file /opt/airflow/dags/etl_aracaju.py for tasks to queue
[2025-12-18T00:17:30.437+0000] {logging_mixin.py:188} INFO - [2025-12-18T00:17:30.437+0000] {dagbag.py:545} INFO - Filling up the DagBag from /opt/airflow/dags/etl_aracaju.py
[2025-12-18T00:17:30.759+0000] {processor.py:840} INFO - DAG(s) 'etl_aracaju' retrieved from /opt/airflow/dags/etl_aracaju.py
[2025-12-18T00:17:30.794+0000] {logging_mixin.py:188} INFO - [2025-12-18T00:17:30.793+0000] {dag.py:3089} INFO - Sync 1 DAGs
[2025-12-18T00:17:30.807+0000] {logging_mixin.py:188} INFO - [2025-12-18T00:17:30.807+0000] {dag.py:3947} INFO - Setting next_dagrun for etl_aracaju to None, run_after=None
[2025-12-18T00:17:30.988+0000] {processor.py:183} INFO - Processing /opt/airflow/dags/etl_aracaju.py took 0.570 seconds
[2025-12-18T00:18:01.406+0000] {processor.py:161} INFO - Started process (PID=813) to work on /opt/airflow/dags/etl_aracaju.py
[2025-12-18T00:18:01.408+0000] {processor.py:830} INFO - Processing file /opt/airflow/dags/etl_aracaju.py for tasks to queue
[2025-12-18T00:18:01.409+0000] {logging_mixin.py:188} INFO - [2025-12-18T00:18:01.409+0000] {dagbag.py:545} INFO - Filling up the DagBag from /opt/airflow/dags/etl_aracaju.py
[2025-12-18T00:18:01.742+0000] {processor.py:840} INFO - DAG(s) 'etl_aracaju' retrieved from /opt/airflow/dags/etl_aracaju.py
[2025-12-18T00:18:01.773+0000] {logging_mixin.py:188} INFO - [2025-12-18T00:18:01.772+0000] {dag.py:3089} INFO - Sync 1 DAGs
[2025-12-18T00:18:01.921+0000] {logging_mixin.py:188} INFO - [2025-12-18T00:18:01.920+0000] {dag.py:3947} INFO - Setting next_dagrun for etl_aracaju to None, run_after=None
[2025-12-18T00:18:01.946+0000] {processor.py:183} INFO - Processing /opt/airflow/dags/etl_aracaju.py took 0.555 seconds
[2025-12-18T00:18:32.455+0000] {processor.py:161} INFO - Started process (PID=819) to work on /opt/airflow/dags/etl_aracaju.py
[2025-12-18T00:18:32.457+0000] {processor.py:830} INFO - Processing file /opt/airflow/dags/etl_aracaju.py for tasks to queue
[2025-12-18T00:18:32.458+0000] {logging_mixin.py:188} INFO - [2025-12-18T00:18:32.458+0000] {dagbag.py:545} INFO - Filling up the DagBag from /opt/airflow/dags/etl_aracaju.py
[2025-12-18T00:18:32.787+0000] {processor.py:840} INFO - DAG(s) 'etl_aracaju' retrieved from /opt/airflow/dags/etl_aracaju.py
[2025-12-18T00:18:32.955+0000] {logging_mixin.py:188} INFO - [2025-12-18T00:18:32.955+0000] {dag.py:3089} INFO - Sync 1 DAGs
[2025-12-18T00:18:32.965+0000] {logging_mixin.py:188} INFO - [2025-12-18T00:18:32.965+0000] {dag.py:3947} INFO - Setting next_dagrun for etl_aracaju to None, run_after=None
[2025-12-18T00:18:32.986+0000] {processor.py:183} INFO - Processing /opt/airflow/dags/etl_aracaju.py took 0.539 seconds
[2025-12-18T00:19:04.013+0000] {processor.py:161} INFO - Started process (PID=825) to work on /opt/airflow/dags/etl_aracaju.py
[2025-12-18T00:19:04.015+0000] {processor.py:830} INFO - Processing file /opt/airflow/dags/etl_aracaju.py for tasks to queue
[2025-12-18T00:19:04.016+0000] {logging_mixin.py:188} INFO - [2025-12-18T00:19:04.016+0000] {dagbag.py:545} INFO - Filling up the DagBag from /opt/airflow/dags/etl_aracaju.py
[2025-12-18T00:19:04.367+0000] {processor.py:840} INFO - DAG(s) 'etl_aracaju' retrieved from /opt/airflow/dags/etl_aracaju.py
[2025-12-18T00:19:04.562+0000] {logging_mixin.py:188} INFO - [2025-12-18T00:19:04.561+0000] {dag.py:3089} INFO - Sync 1 DAGs
[2025-12-18T00:19:04.574+0000] {logging_mixin.py:188} INFO - [2025-12-18T00:19:04.573+0000] {dag.py:3947} INFO - Setting next_dagrun for etl_aracaju to None, run_after=None
[2025-12-18T00:19:04.594+0000] {processor.py:183} INFO - Processing /opt/airflow/dags/etl_aracaju.py took 0.588 seconds
[2025-12-18T00:19:34.964+0000] {processor.py:161} INFO - Started process (PID=831) to work on /opt/airflow/dags/etl_aracaju.py
[2025-12-18T00:19:34.966+0000] {processor.py:830} INFO - Processing file /opt/airflow/dags/etl_aracaju.py for tasks to queue
[2025-12-18T00:19:34.967+0000] {logging_mixin.py:188} INFO - [2025-12-18T00:19:34.967+0000] {dagbag.py:545} INFO - Filling up the DagBag from /opt/airflow/dags/etl_aracaju.py
[2025-12-18T00:19:35.298+0000] {processor.py:840} INFO - DAG(s) 'etl_aracaju' retrieved from /opt/airflow/dags/etl_aracaju.py
[2025-12-18T00:19:35.346+0000] {logging_mixin.py:188} INFO - [2025-12-18T00:19:35.345+0000] {dag.py:3089} INFO - Sync 1 DAGs
[2025-12-18T00:19:35.358+0000] {logging_mixin.py:188} INFO - [2025-12-18T00:19:35.358+0000] {dag.py:3947} INFO - Setting next_dagrun for etl_aracaju to None, run_after=None
[2025-12-18T00:19:35.380+0000] {processor.py:183} INFO - Processing /opt/airflow/dags/etl_aracaju.py took 0.422 seconds
[2025-12-18T00:20:05.935+0000] {processor.py:161} INFO - Started process (PID=837) to work on /opt/airflow/dags/etl_aracaju.py
[2025-12-18T00:20:05.937+0000] {processor.py:830} INFO - Processing file /opt/airflow/dags/etl_aracaju.py for tasks to queue
[2025-12-18T00:20:05.938+0000] {logging_mixin.py:188} INFO - [2025-12-18T00:20:05.938+0000] {dagbag.py:545} INFO - Filling up the DagBag from /opt/airflow/dags/etl_aracaju.py
[2025-12-18T00:20:06.284+0000] {processor.py:840} INFO - DAG(s) 'etl_aracaju' retrieved from /opt/airflow/dags/etl_aracaju.py
[2025-12-18T00:20:06.320+0000] {logging_mixin.py:188} INFO - [2025-12-18T00:20:06.320+0000] {dag.py:3089} INFO - Sync 1 DAGs
[2025-12-18T00:20:06.334+0000] {logging_mixin.py:188} INFO - [2025-12-18T00:20:06.334+0000] {dag.py:3947} INFO - Setting next_dagrun for etl_aracaju to None, run_after=None
[2025-12-18T00:20:06.360+0000] {processor.py:183} INFO - Processing /opt/airflow/dags/etl_aracaju.py took 0.432 seconds
[2025-12-18T00:20:36.653+0000] {processor.py:161} INFO - Started process (PID=843) to work on /opt/airflow/dags/etl_aracaju.py
[2025-12-18T00:20:36.655+0000] {processor.py:830} INFO - Processing file /opt/airflow/dags/etl_aracaju.py for tasks to queue
[2025-12-18T00:20:36.656+0000] {logging_mixin.py:188} INFO - [2025-12-18T00:20:36.656+0000] {dagbag.py:545} INFO - Filling up the DagBag from /opt/airflow/dags/etl_aracaju.py
[2025-12-18T00:20:37.015+0000] {processor.py:840} INFO - DAG(s) 'etl_aracaju' retrieved from /opt/airflow/dags/etl_aracaju.py
[2025-12-18T00:20:37.051+0000] {logging_mixin.py:188} INFO - [2025-12-18T00:20:37.051+0000] {dag.py:3089} INFO - Sync 1 DAGs
[2025-12-18T00:20:37.067+0000] {logging_mixin.py:188} INFO - [2025-12-18T00:20:37.066+0000] {dag.py:3947} INFO - Setting next_dagrun for etl_aracaju to None, run_after=None
[2025-12-18T00:20:37.231+0000] {processor.py:183} INFO - Processing /opt/airflow/dags/etl_aracaju.py took 0.599 seconds
[2025-12-18T00:21:08.232+0000] {processor.py:161} INFO - Started process (PID=849) to work on /opt/airflow/dags/etl_aracaju.py
[2025-12-18T00:21:08.233+0000] {processor.py:830} INFO - Processing file /opt/airflow/dags/etl_aracaju.py for tasks to queue
[2025-12-18T00:21:08.234+0000] {logging_mixin.py:188} INFO - [2025-12-18T00:21:08.234+0000] {dagbag.py:545} INFO - Filling up the DagBag from /opt/airflow/dags/etl_aracaju.py
[2025-12-18T00:21:08.573+0000] {processor.py:840} INFO - DAG(s) 'etl_aracaju' retrieved from /opt/airflow/dags/etl_aracaju.py
[2025-12-18T00:21:08.608+0000] {logging_mixin.py:188} INFO - [2025-12-18T00:21:08.607+0000] {dag.py:3089} INFO - Sync 1 DAGs
[2025-12-18T00:21:08.755+0000] {logging_mixin.py:188} INFO - [2025-12-18T00:21:08.754+0000] {dag.py:3947} INFO - Setting next_dagrun for etl_aracaju to None, run_after=None
[2025-12-18T00:21:08.776+0000] {processor.py:183} INFO - Processing /opt/airflow/dags/etl_aracaju.py took 0.558 seconds
[2025-12-18T00:21:39.253+0000] {processor.py:161} INFO - Started process (PID=855) to work on /opt/airflow/dags/etl_aracaju.py
[2025-12-18T00:21:39.254+0000] {processor.py:830} INFO - Processing file /opt/airflow/dags/etl_aracaju.py for tasks to queue
[2025-12-18T00:21:39.256+0000] {logging_mixin.py:188} INFO - [2025-12-18T00:21:39.255+0000] {dagbag.py:545} INFO - Filling up the DagBag from /opt/airflow/dags/etl_aracaju.py
[2025-12-18T00:21:39.620+0000] {processor.py:840} INFO - DAG(s) 'etl_aracaju' retrieved from /opt/airflow/dags/etl_aracaju.py
[2025-12-18T00:21:39.789+0000] {logging_mixin.py:188} INFO - [2025-12-18T00:21:39.788+0000] {dag.py:3089} INFO - Sync 1 DAGs
[2025-12-18T00:21:39.805+0000] {logging_mixin.py:188} INFO - [2025-12-18T00:21:39.805+0000] {dag.py:3947} INFO - Setting next_dagrun for etl_aracaju to None, run_after=None
[2025-12-18T00:21:39.832+0000] {processor.py:183} INFO - Processing /opt/airflow/dags/etl_aracaju.py took 0.586 seconds
[2025-12-18T00:22:10.255+0000] {processor.py:161} INFO - Started process (PID=861) to work on /opt/airflow/dags/etl_aracaju.py
[2025-12-18T00:22:10.256+0000] {processor.py:830} INFO - Processing file /opt/airflow/dags/etl_aracaju.py for tasks to queue
[2025-12-18T00:22:10.258+0000] {logging_mixin.py:188} INFO - [2025-12-18T00:22:10.258+0000] {dagbag.py:545} INFO - Filling up the DagBag from /opt/airflow/dags/etl_aracaju.py
[2025-12-18T00:22:10.622+0000] {processor.py:840} INFO - DAG(s) 'etl_aracaju' retrieved from /opt/airflow/dags/etl_aracaju.py
[2025-12-18T00:22:10.807+0000] {logging_mixin.py:188} INFO - [2025-12-18T00:22:10.806+0000] {dag.py:3089} INFO - Sync 1 DAGs
[2025-12-18T00:22:10.817+0000] {logging_mixin.py:188} INFO - [2025-12-18T00:22:10.817+0000] {dag.py:3947} INFO - Setting next_dagrun for etl_aracaju to None, run_after=None
[2025-12-18T00:22:10.843+0000] {processor.py:183} INFO - Processing /opt/airflow/dags/etl_aracaju.py took 0.595 seconds
[2025-12-18T00:22:41.128+0000] {processor.py:161} INFO - Started process (PID=867) to work on /opt/airflow/dags/etl_aracaju.py
[2025-12-18T00:22:41.129+0000] {processor.py:830} INFO - Processing file /opt/airflow/dags/etl_aracaju.py for tasks to queue
[2025-12-18T00:22:41.131+0000] {logging_mixin.py:188} INFO - [2025-12-18T00:22:41.130+0000] {dagbag.py:545} INFO - Filling up the DagBag from /opt/airflow/dags/etl_aracaju.py
[2025-12-18T00:22:41.665+0000] {processor.py:840} INFO - DAG(s) 'etl_aracaju' retrieved from /opt/airflow/dags/etl_aracaju.py
[2025-12-18T00:22:41.696+0000] {logging_mixin.py:188} INFO - [2025-12-18T00:22:41.696+0000] {dag.py:3089} INFO - Sync 1 DAGs
[2025-12-18T00:22:41.707+0000] {logging_mixin.py:188} INFO - [2025-12-18T00:22:41.707+0000] {dag.py:3947} INFO - Setting next_dagrun for etl_aracaju to None, run_after=None
[2025-12-18T00:22:41.730+0000] {processor.py:183} INFO - Processing /opt/airflow/dags/etl_aracaju.py took 0.626 seconds
[2025-12-18T00:23:11.851+0000] {processor.py:161} INFO - Started process (PID=873) to work on /opt/airflow/dags/etl_aracaju.py
[2025-12-18T00:23:11.853+0000] {processor.py:830} INFO - Processing file /opt/airflow/dags/etl_aracaju.py for tasks to queue
[2025-12-18T00:23:11.854+0000] {logging_mixin.py:188} INFO - [2025-12-18T00:23:11.854+0000] {dagbag.py:545} INFO - Filling up the DagBag from /opt/airflow/dags/etl_aracaju.py
[2025-12-18T00:23:12.218+0000] {processor.py:840} INFO - DAG(s) 'etl_aracaju' retrieved from /opt/airflow/dags/etl_aracaju.py
[2025-12-18T00:23:12.252+0000] {logging_mixin.py:188} INFO - [2025-12-18T00:23:12.252+0000] {dag.py:3089} INFO - Sync 1 DAGs
[2025-12-18T00:23:12.269+0000] {logging_mixin.py:188} INFO - [2025-12-18T00:23:12.268+0000] {dag.py:3947} INFO - Setting next_dagrun for etl_aracaju to None, run_after=None
[2025-12-18T00:23:12.295+0000] {processor.py:183} INFO - Processing /opt/airflow/dags/etl_aracaju.py took 0.454 seconds
[2025-12-18T00:23:42.696+0000] {processor.py:161} INFO - Started process (PID=879) to work on /opt/airflow/dags/etl_aracaju.py
[2025-12-18T00:23:42.698+0000] {processor.py:830} INFO - Processing file /opt/airflow/dags/etl_aracaju.py for tasks to queue
[2025-12-18T00:23:42.699+0000] {logging_mixin.py:188} INFO - [2025-12-18T00:23:42.699+0000] {dagbag.py:545} INFO - Filling up the DagBag from /opt/airflow/dags/etl_aracaju.py
[2025-12-18T00:23:43.066+0000] {processor.py:840} INFO - DAG(s) 'etl_aracaju' retrieved from /opt/airflow/dags/etl_aracaju.py
[2025-12-18T00:23:43.104+0000] {logging_mixin.py:188} INFO - [2025-12-18T00:23:43.104+0000] {dag.py:3089} INFO - Sync 1 DAGs
[2025-12-18T00:23:43.120+0000] {logging_mixin.py:188} INFO - [2025-12-18T00:23:43.119+0000] {dag.py:3947} INFO - Setting next_dagrun for etl_aracaju to None, run_after=None
[2025-12-18T00:23:43.291+0000] {processor.py:183} INFO - Processing /opt/airflow/dags/etl_aracaju.py took 0.602 seconds
