[2025-12-19T18:25:52.418+0000] {local_task_job_runner.py:120} INFO - ::group::Pre task execution logs
[2025-12-19T18:25:52.458+0000] {taskinstance.py:2076} INFO - Dependencies all met for dep_context=non-requeueable deps ti=<TaskInstance: etl_aracaju.filtragem manual__2025-12-19T18:25:48.983328+00:00 [queued]>
[2025-12-19T18:25:52.471+0000] {taskinstance.py:2076} INFO - Dependencies all met for dep_context=requeueable deps ti=<TaskInstance: etl_aracaju.filtragem manual__2025-12-19T18:25:48.983328+00:00 [queued]>
[2025-12-19T18:25:52.472+0000] {taskinstance.py:2306} INFO - Starting attempt 1 of 1
[2025-12-19T18:25:52.491+0000] {taskinstance.py:2330} INFO - Executing <Task(PythonOperator): filtragem> on 2025-12-19 18:25:48.983328+00:00
[2025-12-19T18:25:52.501+0000] {standard_task_runner.py:90} INFO - Running: ['***', 'tasks', 'run', 'etl_aracaju', 'filtragem', 'manual__2025-12-19T18:25:48.983328+00:00', '--job-id', '3', '--raw', '--subdir', 'DAGS_FOLDER/etl_aracaju.py', '--cfg-path', '/tmp/tmpytc7lwvh']
[2025-12-19T18:25:52.505+0000] {standard_task_runner.py:91} INFO - Job 3: Subtask filtragem
[2025-12-19T18:25:52.504+0000] {logging_mixin.py:188} WARNING - /home/***/.local/lib/python3.12/site-packages/***/task/task_runner/standard_task_runner.py:62 DeprecationWarning: This process (pid=185) is multi-threaded, use of fork() may lead to deadlocks in the child.
[2025-12-19T18:25:52.506+0000] {standard_task_runner.py:64} INFO - Started process 187 to run task
[2025-12-19T18:25:52.588+0000] {task_command.py:426} INFO - Running <TaskInstance: etl_aracaju.filtragem manual__2025-12-19T18:25:48.983328+00:00 [running]> on host f7813899b391
[2025-12-19T18:25:52.851+0000] {taskinstance.py:2648} INFO - Exporting env vars: AIRFLOW_CTX_DAG_OWNER='***' AIRFLOW_CTX_DAG_ID='etl_aracaju' AIRFLOW_CTX_TASK_ID='filtragem' AIRFLOW_CTX_EXECUTION_DATE='2025-12-19T18:25:48.983328+00:00' AIRFLOW_CTX_TRY_NUMBER='1' AIRFLOW_CTX_DAG_RUN_ID='manual__2025-12-19T18:25:48.983328+00:00'
[2025-12-19T18:25:52.852+0000] {taskinstance.py:430} INFO - ::endgroup::
[2025-12-19T18:25:53.003+0000] {logging_mixin.py:188} INFO - Numero de registros em Aracaju: 12
[2025-12-19T18:25:53.004+0000] {python.py:237} INFO - Done. Returned value was:        city state   latitude  ...   accuracy         geoapi_id        date
0   ARACAJU    SE -10.921750  ...   9.900910            TomTom  2023-02-25
1   ARACAJU    SE -10.872180  ...   9.900910            TomTom  2023-02-25
2   ARACAJU    SE -10.981050  ...  12.228486            TomTom  2023-02-25
3   ARACAJU    SE -10.964510  ...  12.084921            TomTom  2023-02-25
4   ARACAJU    SE -10.890060  ...   0.880000              Here  2023-02-25
5   ARACAJU    SE -10.928280  ...   0.660635            MapBox  2023-02-26
6   ARACAJU    SE -10.979373  ...   0.777037            MapBox  2023-02-26
7   ARACAJU    SE -10.989406  ...   0.600000  OpenRouteService  2023-02-26
8   ARACAJU    SE -10.989406  ...   0.600000  OpenRouteService  2023-02-26
9   ARACAJU    SE -10.905541  ...   0.724127            MapBox  2023-02-26
10  ARACAJU    SE -10.925342  ...   0.800000  OpenRouteService  2023-03-05
11  ARACAJU    SE -10.946830  ...  10.911625            TomTom  2023-03-05

[12 rows x 7 columns]
[2025-12-19T18:25:53.019+0000] {taskinstance.py:441} INFO - ::group::Post task execution logs
[2025-12-19T18:25:53.057+0000] {taskinstance.py:1206} INFO - Marking task as SUCCESS. dag_id=etl_aracaju, task_id=filtragem, run_id=manual__2025-12-19T18:25:48.983328+00:00, execution_date=20251219T182548, start_date=20251219T182552, end_date=20251219T182553
[2025-12-19T18:25:53.123+0000] {local_task_job_runner.py:243} INFO - Task exited with return code 0
[2025-12-19T18:25:53.151+0000] {taskinstance.py:3503} INFO - 1 downstream tasks scheduled from follow-on schedule check
[2025-12-19T18:25:53.153+0000] {local_task_job_runner.py:222} INFO - ::endgroup::
