[2025-12-19T17:05:16.603+0000] {local_task_job_runner.py:120} INFO - ::group::Pre task execution logs
[2025-12-19T17:05:16.645+0000] {taskinstance.py:2076} INFO - Dependencies all met for dep_context=non-requeueable deps ti=<TaskInstance: etl_pipeline_real.executar_pipeline_real manual__2025-12-19T17:05:15.412516+00:00 [queued]>
[2025-12-19T17:05:16.654+0000] {taskinstance.py:2076} INFO - Dependencies all met for dep_context=requeueable deps ti=<TaskInstance: etl_pipeline_real.executar_pipeline_real manual__2025-12-19T17:05:15.412516+00:00 [queued]>
[2025-12-19T17:05:16.655+0000] {taskinstance.py:2306} INFO - Starting attempt 1 of 1
[2025-12-19T17:05:16.671+0000] {taskinstance.py:2330} INFO - Executing <Task(PythonOperator): executar_pipeline_real> on 2025-12-19 17:05:15.412516+00:00
[2025-12-19T17:05:16.682+0000] {standard_task_runner.py:90} INFO - Running: ['***', 'tasks', 'run', 'etl_pipeline_real', 'executar_pipeline_real', 'manual__2025-12-19T17:05:15.412516+00:00', '--job-id', '3', '--raw', '--subdir', 'DAGS_FOLDER/etl_pipeline.py', '--cfg-path', '/tmp/tmp_oha8zdo']
[2025-12-19T17:05:16.686+0000] {logging_mixin.py:188} WARNING - /home/***/.local/lib/python3.12/site-packages/***/task/task_runner/standard_task_runner.py:62 DeprecationWarning: This process (pid=534) is multi-threaded, use of fork() may lead to deadlocks in the child.
[2025-12-19T17:05:16.687+0000] {standard_task_runner.py:91} INFO - Job 3: Subtask executar_pipeline_real
[2025-12-19T17:05:16.688+0000] {standard_task_runner.py:64} INFO - Started process 536 to run task
[2025-12-19T17:05:16.774+0000] {task_command.py:426} INFO - Running <TaskInstance: etl_pipeline_real.executar_pipeline_real manual__2025-12-19T17:05:15.412516+00:00 [running]> on host ccad5058f773
[2025-12-19T17:05:17.090+0000] {taskinstance.py:2648} INFO - Exporting env vars: AIRFLOW_CTX_DAG_OWNER='***' AIRFLOW_CTX_DAG_ID='etl_pipeline_real' AIRFLOW_CTX_TASK_ID='executar_pipeline_real' AIRFLOW_CTX_EXECUTION_DATE='2025-12-19T17:05:15.412516+00:00' AIRFLOW_CTX_TRY_NUMBER='1' AIRFLOW_CTX_DAG_RUN_ID='manual__2025-12-19T17:05:15.412516+00:00'
[2025-12-19T17:05:17.091+0000] {taskinstance.py:430} INFO - ::endgroup::
[2025-12-19T17:05:17.205+0000] {logging_mixin.py:188} INFO - Total de registros lidos: 50000
[2025-12-19T17:05:17.227+0000] {logging_mixin.py:188} INFO - Após remover OpenRouteService: 40002
[2025-12-19T17:05:17.535+0000] {logging_mixin.py:188} INFO - Após validação espacial: 48
[2025-12-19T17:05:17.550+0000] {base.py:84} INFO - Using connection ID '***_db' for task execution.
[2025-12-19T17:05:17.560+0000] {sql.py:495} INFO - Running statement: DROP TABLE IF EXISTS enderecos_tratados;, parameters: None
[2025-12-19T17:05:17.576+0000] {base.py:84} INFO - Using connection ID '***_db' for task execution.
[2025-12-19T17:05:17.585+0000] {sql.py:495} INFO - Running statement: 
    CREATE TABLE enderecos_tratados (
        id SERIAL PRIMARY KEY,
        city VARCHAR,
        state VARCHAR,
        latitude FLOAT,
        longitude FLOAT,
        accuracy FLOAT,
        geoapi_id VARCHAR,
        date DATE
    );
    , parameters: None
[2025-12-19T17:05:17.611+0000] {base.py:84} INFO - Using connection ID '***_db' for task execution.
[2025-12-19T17:05:17.642+0000] {logging_mixin.py:188} INFO - Carga finalizada com sucesso!
[2025-12-19T17:05:17.643+0000] {python.py:237} INFO - Done. Returned value was: None
[2025-12-19T17:05:17.644+0000] {taskinstance.py:441} INFO - ::group::Post task execution logs
[2025-12-19T17:05:17.657+0000] {taskinstance.py:1206} INFO - Marking task as SUCCESS. dag_id=etl_pipeline_real, task_id=executar_pipeline_real, run_id=manual__2025-12-19T17:05:15.412516+00:00, execution_date=20251219T170515, start_date=20251219T170516, end_date=20251219T170517
[2025-12-19T17:05:17.704+0000] {local_task_job_runner.py:243} INFO - Task exited with return code 0
[2025-12-19T17:05:17.723+0000] {taskinstance.py:3503} INFO - 0 downstream tasks scheduled from follow-on schedule check
[2025-12-19T17:05:17.727+0000] {local_task_job_runner.py:222} INFO - ::endgroup::
