[2025-12-17T23:36:33.065+0000] {local_task_job_runner.py:120} INFO - ::group::Pre task execution logs
[2025-12-17T23:36:33.104+0000] {taskinstance.py:2076} INFO - Dependencies all met for dep_context=non-requeueable deps ti=<TaskInstance: etl_aracaju.filtrar_e_salvar_aracaju manual__2025-12-17T23:34:43.212055+00:00 [queued]>
[2025-12-17T23:36:33.114+0000] {taskinstance.py:2076} INFO - Dependencies all met for dep_context=requeueable deps ti=<TaskInstance: etl_aracaju.filtrar_e_salvar_aracaju manual__2025-12-17T23:34:43.212055+00:00 [queued]>
[2025-12-17T23:36:33.115+0000] {taskinstance.py:2306} INFO - Starting attempt 2 of 2
[2025-12-17T23:36:33.130+0000] {taskinstance.py:2330} INFO - Executing <Task(PythonOperator): filtrar_e_salvar_aracaju> on 2025-12-17 23:34:43.212055+00:00
[2025-12-17T23:36:33.143+0000] {logging_mixin.py:188} WARNING - /home/***/.local/lib/python3.12/site-packages/***/task/task_runner/standard_task_runner.py:62 DeprecationWarning: This process (pid=315) is multi-threaded, use of fork() may lead to deadlocks in the child.
[2025-12-17T23:36:33.141+0000] {standard_task_runner.py:90} INFO - Running: ['***', 'tasks', 'run', 'etl_aracaju', 'filtrar_e_salvar_aracaju', 'manual__2025-12-17T23:34:43.212055+00:00', '--job-id', '4', '--raw', '--subdir', 'DAGS_FOLDER/etl_aracaju.py', '--cfg-path', '/tmp/tmp0_lsupq1']
[2025-12-17T23:36:33.145+0000] {standard_task_runner.py:64} INFO - Started process 317 to run task
[2025-12-17T23:36:33.145+0000] {standard_task_runner.py:91} INFO - Job 4: Subtask filtrar_e_salvar_aracaju
[2025-12-17T23:36:33.238+0000] {task_command.py:426} INFO - Running <TaskInstance: etl_aracaju.filtrar_e_salvar_aracaju manual__2025-12-17T23:34:43.212055+00:00 [running]> on host b9710554d12d
[2025-12-17T23:36:33.553+0000] {taskinstance.py:2648} INFO - Exporting env vars: AIRFLOW_CTX_DAG_OWNER='***' AIRFLOW_CTX_DAG_ID='etl_aracaju' AIRFLOW_CTX_TASK_ID='filtrar_e_salvar_aracaju' AIRFLOW_CTX_EXECUTION_DATE='2025-12-17T23:34:43.212055+00:00' AIRFLOW_CTX_TRY_NUMBER='2' AIRFLOW_CTX_DAG_RUN_ID='manual__2025-12-17T23:34:43.212055+00:00'
[2025-12-17T23:36:33.554+0000] {taskinstance.py:430} INFO - ::endgroup::
[2025-12-17T23:36:33.693+0000] {logging_mixin.py:188} INFO - Encontrados 12 registros de Aracaju
[2025-12-17T23:36:33.707+0000] {taskinstance.py:441} INFO - ::group::Post task execution logs
[2025-12-17T23:36:33.721+0000] {taskinstance.py:2905} ERROR - Task failed with exception
Traceback (most recent call last):
  File "/home/airflow/.local/lib/python3.12/site-packages/airflow/models/taskinstance.py", line 465, in _execute_task
    result = _execute_callable(context=context, **execute_callable_kwargs)
             ^^^^^^^^^^^^^^^^^^^^^^^^^^^^^^^^^^^^^^^^^^^^^^^^^^^^^^^^^^^^^
  File "/home/airflow/.local/lib/python3.12/site-packages/airflow/models/taskinstance.py", line 432, in _execute_callable
    return execute_callable(context=context, **execute_callable_kwargs)
           ^^^^^^^^^^^^^^^^^^^^^^^^^^^^^^^^^^^^^^^^^^^^^^^^^^^^^^^^^^^^
  File "/home/airflow/.local/lib/python3.12/site-packages/airflow/models/baseoperator.py", line 401, in wrapper
    return func(self, *args, **kwargs)
           ^^^^^^^^^^^^^^^^^^^^^^^^^^^
  File "/home/airflow/.local/lib/python3.12/site-packages/airflow/operators/python.py", line 235, in execute
    return_value = self.execute_callable()
                   ^^^^^^^^^^^^^^^^^^^^^^^
  File "/home/airflow/.local/lib/python3.12/site-packages/airflow/operators/python.py", line 252, in execute_callable
    return self.python_callable(*self.op_args, **self.op_kwargs)
           ^^^^^^^^^^^^^^^^^^^^^^^^^^^^^^^^^^^^^^^^^^^^^^^^^^^^^
  File "/opt/airflow/dags/etl_aracaju.py", line 40, in ler_filtrar_e_salvar
    hook.run(create_table_sql)
  File "/home/airflow/.local/lib/python3.12/site-packages/airflow/providers/common/sql/hooks/sql.py", line 438, in run
    with self._create_autocommit_connection(autocommit) as conn:
  File "/usr/local/lib/python3.12/contextlib.py", line 137, in __enter__
    return next(self.gen)
           ^^^^^^^^^^^^^^
  File "/home/airflow/.local/lib/python3.12/site-packages/airflow/providers/common/sql/hooks/sql.py", line 560, in _create_autocommit_connection
    with closing(self.get_conn()) as conn:
                 ^^^^^^^^^^^^^^^
  File "/home/airflow/.local/lib/python3.12/site-packages/airflow/providers/postgres/hooks/postgres.py", line 145, in get_conn
    conn = deepcopy(self.connection or self.get_connection(conn_id))
                                       ^^^^^^^^^^^^^^^^^^^^^^^^^^^^
  File "/home/airflow/.local/lib/python3.12/site-packages/airflow/hooks/base.py", line 83, in get_connection
    conn = Connection.get_connection_from_secrets(conn_id)
           ^^^^^^^^^^^^^^^^^^^^^^^^^^^^^^^^^^^^^^^^^^^^^^^
  File "/home/airflow/.local/lib/python3.12/site-packages/airflow/models/connection.py", line 519, in get_connection_from_secrets
    raise AirflowNotFoundException(f"The conn_id `{conn_id}` isn't defined")
airflow.exceptions.AirflowNotFoundException: The conn_id `***_db` isn't defined
[2025-12-17T23:36:33.731+0000] {taskinstance.py:1206} INFO - Marking task as FAILED. dag_id=etl_aracaju, task_id=filtrar_e_salvar_aracaju, run_id=manual__2025-12-17T23:34:43.212055+00:00, execution_date=20251217T233443, start_date=20251217T233633, end_date=20251217T233633
[2025-12-17T23:36:33.745+0000] {standard_task_runner.py:110} ERROR - Failed to execute job 4 for task filtrar_e_salvar_aracaju (The conn_id `***_db` isn't defined; 317)
[2025-12-17T23:36:33.801+0000] {local_task_job_runner.py:243} INFO - Task exited with return code 1
[2025-12-17T23:36:33.822+0000] {taskinstance.py:3503} INFO - 0 downstream tasks scheduled from follow-on schedule check
[2025-12-17T23:36:33.824+0000] {local_task_job_runner.py:222} INFO - ::endgroup::
