[2025-12-17T21:41:30.891+0000] {local_task_job_runner.py:120} INFO - ::group::Pre task execution logs
[2025-12-17T21:41:30.927+0000] {taskinstance.py:2076} INFO - Dependencies all met for dep_context=non-requeueable deps ti=<TaskInstance: importa_enderecos_aracaju.inserir_postgres manual__2025-12-17T20:51:22.444936+00:00 [queued]>
[2025-12-17T21:41:30.936+0000] {taskinstance.py:2076} INFO - Dependencies all met for dep_context=requeueable deps ti=<TaskInstance: importa_enderecos_aracaju.inserir_postgres manual__2025-12-17T20:51:22.444936+00:00 [queued]>
[2025-12-17T21:41:30.937+0000] {taskinstance.py:2306} INFO - Starting attempt 2 of 2
[2025-12-17T21:41:30.953+0000] {taskinstance.py:2330} INFO - Executing <Task(PythonOperator): inserir_postgres> on 2025-12-17 20:51:22.444936+00:00
[2025-12-17T21:41:30.963+0000] {standard_task_runner.py:90} INFO - Running: ['***', 'tasks', 'run', 'importa_enderecos_aracaju', 'inserir_postgres', 'manual__2025-12-17T20:51:22.444936+00:00', '--job-id', '10', '--raw', '--subdir', 'DAGS_FOLDER/importa_aracaju.py', '--cfg-path', '/tmp/tmpza0qcx0h']
[2025-12-17T21:41:30.966+0000] {logging_mixin.py:188} WARNING - /home/***/.local/lib/python3.12/site-packages/***/task/task_runner/standard_task_runner.py:61 DeprecationWarning: This process (pid=789) is multi-threaded, use of fork() may lead to deadlocks in the child.
[2025-12-17T21:41:30.967+0000] {standard_task_runner.py:91} INFO - Job 10: Subtask inserir_postgres
[2025-12-17T21:41:30.967+0000] {standard_task_runner.py:63} INFO - Started process 791 to run task
[2025-12-17T21:41:31.043+0000] {task_command.py:426} INFO - Running <TaskInstance: importa_enderecos_aracaju.inserir_postgres manual__2025-12-17T20:51:22.444936+00:00 [running]> on host a11d9e26add2
[2025-12-17T21:41:31.143+0000] {taskinstance.py:2648} INFO - Exporting env vars: AIRFLOW_CTX_DAG_OWNER='***' AIRFLOW_CTX_DAG_ID='importa_enderecos_aracaju' AIRFLOW_CTX_TASK_ID='inserir_postgres' AIRFLOW_CTX_EXECUTION_DATE='2025-12-17T20:51:22.444936+00:00' AIRFLOW_CTX_TRY_NUMBER='2' AIRFLOW_CTX_DAG_RUN_ID='manual__2025-12-17T20:51:22.444936+00:00'
[2025-12-17T21:41:31.145+0000] {taskinstance.py:430} INFO - ::endgroup::
[2025-12-17T21:41:31.173+0000] {taskinstance.py:441} INFO - ::group::Post task execution logs
[2025-12-17T21:41:31.174+0000] {taskinstance.py:2905} ERROR - Task failed with exception
Traceback (most recent call last):
  File "/home/airflow/.local/lib/python3.12/site-packages/airflow/models/taskinstance.py", line 465, in _execute_task
    result = _execute_callable(context=context, **execute_callable_kwargs)
             ^^^^^^^^^^^^^^^^^^^^^^^^^^^^^^^^^^^^^^^^^^^^^^^^^^^^^^^^^^^^^
  File "/home/airflow/.local/lib/python3.12/site-packages/airflow/models/taskinstance.py", line 432, in _execute_callable
    return execute_callable(context=context, **execute_callable_kwargs)
           ^^^^^^^^^^^^^^^^^^^^^^^^^^^^^^^^^^^^^^^^^^^^^^^^^^^^^^^^^^^^
  File "/home/airflow/.local/lib/python3.12/site-packages/airflow/models/baseoperator.py", line 400, in wrapper
    return func(self, *args, **kwargs)
           ^^^^^^^^^^^^^^^^^^^^^^^^^^^
  File "/home/airflow/.local/lib/python3.12/site-packages/airflow/operators/python.py", line 235, in execute
    return_value = self.execute_callable()
                   ^^^^^^^^^^^^^^^^^^^^^^^
  File "/home/airflow/.local/lib/python3.12/site-packages/airflow/operators/python.py", line 252, in execute_callable
    return self.python_callable(*self.op_args, **self.op_kwargs)
           ^^^^^^^^^^^^^^^^^^^^^^^^^^^^^^^^^^^^^^^^^^^^^^^^^^^^^
  File "/opt/airflow/dags/importa_aracaju.py", line 73, in inserir_postgres
    df = pd.read_csv("/tmp/aracaju.csv", header=None)
         ^^^^^^^^^^^^^^^^^^^^^^^^^^^^^^^^^^^^^^^^^^^^
  File "/home/airflow/.local/lib/python3.12/site-packages/pandas/io/parsers/readers.py", line 948, in read_csv
    return _read(filepath_or_buffer, kwds)
           ^^^^^^^^^^^^^^^^^^^^^^^^^^^^^^^
  File "/home/airflow/.local/lib/python3.12/site-packages/pandas/io/parsers/readers.py", line 611, in _read
    parser = TextFileReader(filepath_or_buffer, **kwds)
             ^^^^^^^^^^^^^^^^^^^^^^^^^^^^^^^^^^^^^^^^^^
  File "/home/airflow/.local/lib/python3.12/site-packages/pandas/io/parsers/readers.py", line 1448, in __init__
    self._engine = self._make_engine(f, self.engine)
                   ^^^^^^^^^^^^^^^^^^^^^^^^^^^^^^^^^
  File "/home/airflow/.local/lib/python3.12/site-packages/pandas/io/parsers/readers.py", line 1723, in _make_engine
    return mapping[engine](f, **self.options)
           ^^^^^^^^^^^^^^^^^^^^^^^^^^^^^^^^^^
  File "/home/airflow/.local/lib/python3.12/site-packages/pandas/io/parsers/c_parser_wrapper.py", line 93, in __init__
    self._reader = parsers.TextReader(src, **kwds)
                   ^^^^^^^^^^^^^^^^^^^^^^^^^^^^^^^
  File "parsers.pyx", line 586, in pandas._libs.parsers.TextReader.__cinit__
pandas.errors.EmptyDataError: No columns to parse from file
[2025-12-17T21:41:31.193+0000] {taskinstance.py:1206} INFO - Marking task as FAILED. dag_id=importa_enderecos_aracaju, task_id=inserir_postgres, run_id=manual__2025-12-17T20:51:22.444936+00:00, execution_date=20251217T205122, start_date=20251217T214130, end_date=20251217T214131
[2025-12-17T21:41:31.722+0000] {standard_task_runner.py:110} ERROR - Failed to execute job 10 for task inserir_postgres (No columns to parse from file; 791)
[2025-12-17T21:41:31.785+0000] {local_task_job_runner.py:240} INFO - Task exited with return code 1
[2025-12-17T21:41:31.818+0000] {taskinstance.py:3498} INFO - 0 downstream tasks scheduled from follow-on schedule check
[2025-12-17T21:41:31.822+0000] {local_task_job_runner.py:222} INFO - ::endgroup::
