[2025-12-17T23:46:48.053+0000] {local_task_job_runner.py:120} INFO - ::group::Pre task execution logs
[2025-12-17T23:46:48.096+0000] {taskinstance.py:2076} INFO - Dependencies all met for dep_context=non-requeueable deps ti=<TaskInstance: etl_aracaju.filtrar_e_salvar_aracaju manual__2025-12-17T23:38:31.678770+00:00 [queued]>
[2025-12-17T23:46:48.107+0000] {taskinstance.py:2076} INFO - Dependencies all met for dep_context=requeueable deps ti=<TaskInstance: etl_aracaju.filtrar_e_salvar_aracaju manual__2025-12-17T23:38:31.678770+00:00 [queued]>
[2025-12-17T23:46:48.107+0000] {taskinstance.py:2306} INFO - Starting attempt 7 of 7
[2025-12-17T23:46:48.123+0000] {taskinstance.py:2330} INFO - Executing <Task(PythonOperator): filtrar_e_salvar_aracaju> on 2025-12-17 23:38:31.678770+00:00
[2025-12-17T23:46:48.136+0000] {logging_mixin.py:188} WARNING - /home/***/.local/lib/python3.12/site-packages/***/task/task_runner/standard_task_runner.py:62 DeprecationWarning: This process (pid=456) is multi-threaded, use of fork() may lead to deadlocks in the child.
[2025-12-17T23:46:48.133+0000] {standard_task_runner.py:90} INFO - Running: ['***', 'tasks', 'run', 'etl_aracaju', 'filtrar_e_salvar_aracaju', 'manual__2025-12-17T23:38:31.678770+00:00', '--job-id', '11', '--raw', '--subdir', 'DAGS_FOLDER/etl_aracaju.py', '--cfg-path', '/tmp/tmpcyt5hfnq']
[2025-12-17T23:46:48.138+0000] {standard_task_runner.py:64} INFO - Started process 458 to run task
[2025-12-17T23:46:48.138+0000] {standard_task_runner.py:91} INFO - Job 11: Subtask filtrar_e_salvar_aracaju
[2025-12-17T23:46:48.235+0000] {task_command.py:426} INFO - Running <TaskInstance: etl_aracaju.filtrar_e_salvar_aracaju manual__2025-12-17T23:38:31.678770+00:00 [running]> on host b9710554d12d
[2025-12-17T23:46:48.618+0000] {taskinstance.py:2648} INFO - Exporting env vars: AIRFLOW_CTX_DAG_OWNER='***' AIRFLOW_CTX_DAG_ID='etl_aracaju' AIRFLOW_CTX_TASK_ID='filtrar_e_salvar_aracaju' AIRFLOW_CTX_EXECUTION_DATE='2025-12-17T23:38:31.678770+00:00' AIRFLOW_CTX_TRY_NUMBER='7' AIRFLOW_CTX_DAG_RUN_ID='manual__2025-12-17T23:38:31.678770+00:00'
[2025-12-17T23:46:48.619+0000] {taskinstance.py:430} INFO - ::endgroup::
[2025-12-17T23:46:48.753+0000] {logging_mixin.py:188} INFO - Colunas do CSV: ['Unnamed: 0', 'city', 'state', 'latitude', 'longitude', 'accuracy', 'geoapi_id', 'date']
[2025-12-17T23:46:48.825+0000] {logging_mixin.py:188} INFO - Encontrados 12 registros de Aracaju
[2025-12-17T23:46:48.846+0000] {base.py:84} INFO - Using connection ID '***_db' for task execution.
[2025-12-17T23:46:48.872+0000] {sql.py:495} INFO - Running statement: DROP TABLE IF EXISTS enderecos_aracaju;, parameters: None
[2025-12-17T23:46:48.894+0000] {base.py:84} INFO - Using connection ID '***_db' for task execution.
[2025-12-17T23:46:48.903+0000] {sql.py:495} INFO - Running statement: 
    CREATE TABLE enderecos_aracaju (
        id SERIAL PRIMARY KEY,
        city VARCHAR,
        state VARCHAR,
        latitude FLOAT,
        longitude FLOAT,
        accuracy FLOAT,
        geoapi_id VARCHAR,
        date DATE
    );
    , parameters: None
[2025-12-17T23:46:48.930+0000] {base.py:84} INFO - Using connection ID '***_db' for task execution.
[2025-12-17T23:46:48.956+0000] {logging_mixin.py:188} INFO - SUCESSO TOTAL! 12 registros de Aracaju inseridos na tabela enderecos_aracaju!
[2025-12-17T23:46:48.957+0000] {python.py:237} INFO - Done. Returned value was: None
[2025-12-17T23:46:48.958+0000] {taskinstance.py:441} INFO - ::group::Post task execution logs
[2025-12-17T23:46:48.974+0000] {taskinstance.py:1206} INFO - Marking task as SUCCESS. dag_id=etl_aracaju, task_id=filtrar_e_salvar_aracaju, run_id=manual__2025-12-17T23:38:31.678770+00:00, execution_date=20251217T233831, start_date=20251217T234648, end_date=20251217T234648
[2025-12-17T23:46:49.035+0000] {local_task_job_runner.py:243} INFO - Task exited with return code 0
[2025-12-17T23:46:49.058+0000] {taskinstance.py:3503} INFO - 0 downstream tasks scheduled from follow-on schedule check
[2025-12-17T23:46:49.062+0000] {local_task_job_runner.py:222} INFO - ::endgroup::
