[2025-12-17T23:12:18.446+0000] {processor.py:161} INFO - Started process (PID=164) to work on /opt/airflow/dags/etl_aracaju.py
[2025-12-17T23:12:18.447+0000] {processor.py:830} INFO - Processing file /opt/airflow/dags/etl_aracaju.py for tasks to queue
[2025-12-17T23:12:18.451+0000] {logging_mixin.py:188} INFO - [2025-12-17T23:12:18.450+0000] {dagbag.py:545} INFO - Filling up the DagBag from /opt/airflow/dags/etl_aracaju.py
[2025-12-17T23:12:20.077+0000] {processor.py:840} INFO - DAG(s) 'etl_enderecos_aracaju' retrieved from /opt/airflow/dags/etl_aracaju.py
[2025-12-17T23:12:20.379+0000] {logging_mixin.py:188} INFO - [2025-12-17T23:12:20.379+0000] {override.py:1858} INFO - Created Permission View: can read on DAG:etl_enderecos_aracaju
[2025-12-17T23:12:20.389+0000] {logging_mixin.py:188} INFO - [2025-12-17T23:12:20.389+0000] {override.py:1858} INFO - Created Permission View: can edit on DAG:etl_enderecos_aracaju
[2025-12-17T23:12:20.398+0000] {logging_mixin.py:188} INFO - [2025-12-17T23:12:20.398+0000] {override.py:1858} INFO - Created Permission View: can delete on DAG:etl_enderecos_aracaju
[2025-12-17T23:12:20.400+0000] {logging_mixin.py:188} INFO - [2025-12-17T23:12:20.399+0000] {dag.py:3089} INFO - Sync 1 DAGs
[2025-12-17T23:12:20.579+0000] {logging_mixin.py:188} INFO - [2025-12-17T23:12:20.579+0000] {dag.py:3111} INFO - Creating ORM DAG for etl_enderecos_aracaju
[2025-12-17T23:12:20.580+0000] {logging_mixin.py:188} INFO - [2025-12-17T23:12:20.580+0000] {dag.py:3947} INFO - Setting next_dagrun for etl_enderecos_aracaju to None, run_after=None
[2025-12-17T23:12:20.607+0000] {processor.py:183} INFO - Processing /opt/airflow/dags/etl_aracaju.py took 2.171 seconds
[2025-12-17T23:12:50.870+0000] {processor.py:161} INFO - Started process (PID=170) to work on /opt/airflow/dags/etl_aracaju.py
[2025-12-17T23:12:50.872+0000] {processor.py:830} INFO - Processing file /opt/airflow/dags/etl_aracaju.py for tasks to queue
[2025-12-17T23:12:50.875+0000] {logging_mixin.py:188} INFO - [2025-12-17T23:12:50.875+0000] {dagbag.py:545} INFO - Filling up the DagBag from /opt/airflow/dags/etl_aracaju.py
[2025-12-17T23:12:51.274+0000] {processor.py:840} INFO - DAG(s) 'etl_enderecos_aracaju' retrieved from /opt/airflow/dags/etl_aracaju.py
[2025-12-17T23:12:51.312+0000] {logging_mixin.py:188} INFO - [2025-12-17T23:12:51.311+0000] {dag.py:3089} INFO - Sync 1 DAGs
[2025-12-17T23:12:51.328+0000] {logging_mixin.py:188} INFO - [2025-12-17T23:12:51.328+0000] {dag.py:3947} INFO - Setting next_dagrun for etl_enderecos_aracaju to None, run_after=None
[2025-12-17T23:12:51.355+0000] {processor.py:183} INFO - Processing /opt/airflow/dags/etl_aracaju.py took 0.495 seconds
[2025-12-17T23:13:21.865+0000] {processor.py:161} INFO - Started process (PID=176) to work on /opt/airflow/dags/etl_aracaju.py
[2025-12-17T23:13:21.867+0000] {processor.py:830} INFO - Processing file /opt/airflow/dags/etl_aracaju.py for tasks to queue
[2025-12-17T23:13:21.870+0000] {logging_mixin.py:188} INFO - [2025-12-17T23:13:21.869+0000] {dagbag.py:545} INFO - Filling up the DagBag from /opt/airflow/dags/etl_aracaju.py
[2025-12-17T23:13:22.400+0000] {processor.py:840} INFO - DAG(s) 'etl_enderecos_aracaju' retrieved from /opt/airflow/dags/etl_aracaju.py
[2025-12-17T23:13:22.442+0000] {logging_mixin.py:188} INFO - [2025-12-17T23:13:22.441+0000] {dag.py:3089} INFO - Sync 1 DAGs
[2025-12-17T23:13:22.461+0000] {logging_mixin.py:188} INFO - [2025-12-17T23:13:22.460+0000] {dag.py:3947} INFO - Setting next_dagrun for etl_enderecos_aracaju to None, run_after=None
[2025-12-17T23:13:22.494+0000] {processor.py:183} INFO - Processing /opt/airflow/dags/etl_aracaju.py took 0.639 seconds
[2025-12-17T23:13:53.275+0000] {processor.py:161} INFO - Started process (PID=182) to work on /opt/airflow/dags/etl_aracaju.py
[2025-12-17T23:13:53.276+0000] {processor.py:830} INFO - Processing file /opt/airflow/dags/etl_aracaju.py for tasks to queue
[2025-12-17T23:13:53.278+0000] {logging_mixin.py:188} INFO - [2025-12-17T23:13:53.278+0000] {dagbag.py:545} INFO - Filling up the DagBag from /opt/airflow/dags/etl_aracaju.py
[2025-12-17T23:13:53.676+0000] {processor.py:840} INFO - DAG(s) 'etl_enderecos_aracaju' retrieved from /opt/airflow/dags/etl_aracaju.py
[2025-12-17T23:13:53.722+0000] {logging_mixin.py:188} INFO - [2025-12-17T23:13:53.722+0000] {dag.py:3089} INFO - Sync 1 DAGs
[2025-12-17T23:13:53.738+0000] {logging_mixin.py:188} INFO - [2025-12-17T23:13:53.738+0000] {dag.py:3947} INFO - Setting next_dagrun for etl_enderecos_aracaju to None, run_after=None
[2025-12-17T23:13:53.764+0000] {processor.py:183} INFO - Processing /opt/airflow/dags/etl_aracaju.py took 0.497 seconds
[2025-12-17T23:14:24.239+0000] {processor.py:161} INFO - Started process (PID=188) to work on /opt/airflow/dags/etl_aracaju.py
[2025-12-17T23:14:24.240+0000] {processor.py:830} INFO - Processing file /opt/airflow/dags/etl_aracaju.py for tasks to queue
[2025-12-17T23:14:24.243+0000] {logging_mixin.py:188} INFO - [2025-12-17T23:14:24.242+0000] {dagbag.py:545} INFO - Filling up the DagBag from /opt/airflow/dags/etl_aracaju.py
[2025-12-17T23:14:24.648+0000] {processor.py:840} INFO - DAG(s) 'etl_enderecos_aracaju' retrieved from /opt/airflow/dags/etl_aracaju.py
[2025-12-17T23:14:24.699+0000] {logging_mixin.py:188} INFO - [2025-12-17T23:14:24.698+0000] {dag.py:3089} INFO - Sync 1 DAGs
[2025-12-17T23:14:24.722+0000] {logging_mixin.py:188} INFO - [2025-12-17T23:14:24.722+0000] {dag.py:3947} INFO - Setting next_dagrun for etl_enderecos_aracaju to None, run_after=None
[2025-12-17T23:14:24.752+0000] {processor.py:183} INFO - Processing /opt/airflow/dags/etl_aracaju.py took 0.520 seconds
[2025-12-17T23:14:54.861+0000] {processor.py:161} INFO - Started process (PID=194) to work on /opt/airflow/dags/etl_aracaju.py
[2025-12-17T23:14:54.864+0000] {processor.py:830} INFO - Processing file /opt/airflow/dags/etl_aracaju.py for tasks to queue
[2025-12-17T23:14:54.868+0000] {logging_mixin.py:188} INFO - [2025-12-17T23:14:54.868+0000] {dagbag.py:545} INFO - Filling up the DagBag from /opt/airflow/dags/etl_aracaju.py
[2025-12-17T23:14:55.241+0000] {processor.py:840} INFO - DAG(s) 'etl_enderecos_aracaju' retrieved from /opt/airflow/dags/etl_aracaju.py
[2025-12-17T23:14:55.275+0000] {logging_mixin.py:188} INFO - [2025-12-17T23:14:55.275+0000] {dag.py:3089} INFO - Sync 1 DAGs
[2025-12-17T23:14:55.289+0000] {logging_mixin.py:188} INFO - [2025-12-17T23:14:55.289+0000] {dag.py:3947} INFO - Setting next_dagrun for etl_enderecos_aracaju to None, run_after=None
[2025-12-17T23:14:55.315+0000] {processor.py:183} INFO - Processing /opt/airflow/dags/etl_aracaju.py took 0.466 seconds
[2025-12-17T23:15:25.528+0000] {processor.py:161} INFO - Started process (PID=200) to work on /opt/airflow/dags/etl_aracaju.py
[2025-12-17T23:15:25.530+0000] {processor.py:830} INFO - Processing file /opt/airflow/dags/etl_aracaju.py for tasks to queue
[2025-12-17T23:15:25.533+0000] {logging_mixin.py:188} INFO - [2025-12-17T23:15:25.532+0000] {dagbag.py:545} INFO - Filling up the DagBag from /opt/airflow/dags/etl_aracaju.py
[2025-12-17T23:15:25.933+0000] {processor.py:840} INFO - DAG(s) 'etl_enderecos_aracaju' retrieved from /opt/airflow/dags/etl_aracaju.py
[2025-12-17T23:15:25.978+0000] {logging_mixin.py:188} INFO - [2025-12-17T23:15:25.977+0000] {dag.py:3089} INFO - Sync 1 DAGs
[2025-12-17T23:15:25.996+0000] {logging_mixin.py:188} INFO - [2025-12-17T23:15:25.995+0000] {dag.py:3947} INFO - Setting next_dagrun for etl_enderecos_aracaju to None, run_after=None
[2025-12-17T23:15:26.025+0000] {processor.py:183} INFO - Processing /opt/airflow/dags/etl_aracaju.py took 0.506 seconds
[2025-12-17T23:15:56.419+0000] {processor.py:161} INFO - Started process (PID=206) to work on /opt/airflow/dags/etl_aracaju.py
[2025-12-17T23:15:56.421+0000] {processor.py:830} INFO - Processing file /opt/airflow/dags/etl_aracaju.py for tasks to queue
[2025-12-17T23:15:56.424+0000] {logging_mixin.py:188} INFO - [2025-12-17T23:15:56.423+0000] {dagbag.py:545} INFO - Filling up the DagBag from /opt/airflow/dags/etl_aracaju.py
[2025-12-17T23:15:56.797+0000] {processor.py:840} INFO - DAG(s) 'etl_enderecos_aracaju' retrieved from /opt/airflow/dags/etl_aracaju.py
[2025-12-17T23:15:56.833+0000] {logging_mixin.py:188} INFO - [2025-12-17T23:15:56.833+0000] {dag.py:3089} INFO - Sync 1 DAGs
[2025-12-17T23:15:56.848+0000] {logging_mixin.py:188} INFO - [2025-12-17T23:15:56.847+0000] {dag.py:3947} INFO - Setting next_dagrun for etl_enderecos_aracaju to None, run_after=None
[2025-12-17T23:15:57.070+0000] {processor.py:183} INFO - Processing /opt/airflow/dags/etl_aracaju.py took 0.660 seconds
[2025-12-17T23:16:27.160+0000] {processor.py:161} INFO - Started process (PID=212) to work on /opt/airflow/dags/etl_aracaju.py
[2025-12-17T23:16:27.162+0000] {processor.py:830} INFO - Processing file /opt/airflow/dags/etl_aracaju.py for tasks to queue
[2025-12-17T23:16:27.167+0000] {logging_mixin.py:188} INFO - [2025-12-17T23:16:27.166+0000] {dagbag.py:545} INFO - Filling up the DagBag from /opt/airflow/dags/etl_aracaju.py
[2025-12-17T23:16:27.514+0000] {processor.py:840} INFO - DAG(s) 'etl_enderecos_aracaju' retrieved from /opt/airflow/dags/etl_aracaju.py
[2025-12-17T23:16:27.552+0000] {logging_mixin.py:188} INFO - [2025-12-17T23:16:27.551+0000] {dag.py:3089} INFO - Sync 1 DAGs
[2025-12-17T23:16:27.736+0000] {logging_mixin.py:188} INFO - [2025-12-17T23:16:27.736+0000] {dag.py:3947} INFO - Setting next_dagrun for etl_enderecos_aracaju to None, run_after=None
[2025-12-17T23:16:27.762+0000] {processor.py:183} INFO - Processing /opt/airflow/dags/etl_aracaju.py took 0.609 seconds
[2025-12-17T23:16:58.103+0000] {processor.py:161} INFO - Started process (PID=218) to work on /opt/airflow/dags/etl_aracaju.py
[2025-12-17T23:16:58.104+0000] {processor.py:830} INFO - Processing file /opt/airflow/dags/etl_aracaju.py for tasks to queue
[2025-12-17T23:16:58.108+0000] {logging_mixin.py:188} INFO - [2025-12-17T23:16:58.107+0000] {dagbag.py:545} INFO - Filling up the DagBag from /opt/airflow/dags/etl_aracaju.py
[2025-12-17T23:16:58.585+0000] {processor.py:840} INFO - DAG(s) 'etl_enderecos_aracaju' retrieved from /opt/airflow/dags/etl_aracaju.py
[2025-12-17T23:16:58.636+0000] {logging_mixin.py:188} INFO - [2025-12-17T23:16:58.635+0000] {dag.py:3089} INFO - Sync 1 DAGs
[2025-12-17T23:16:58.654+0000] {logging_mixin.py:188} INFO - [2025-12-17T23:16:58.654+0000] {dag.py:3947} INFO - Setting next_dagrun for etl_enderecos_aracaju to None, run_after=None
[2025-12-17T23:16:58.689+0000] {processor.py:183} INFO - Processing /opt/airflow/dags/etl_aracaju.py took 0.596 seconds
[2025-12-17T23:17:28.876+0000] {processor.py:161} INFO - Started process (PID=224) to work on /opt/airflow/dags/etl_aracaju.py
[2025-12-17T23:17:28.878+0000] {processor.py:830} INFO - Processing file /opt/airflow/dags/etl_aracaju.py for tasks to queue
[2025-12-17T23:17:28.881+0000] {logging_mixin.py:188} INFO - [2025-12-17T23:17:28.880+0000] {dagbag.py:545} INFO - Filling up the DagBag from /opt/airflow/dags/etl_aracaju.py
[2025-12-17T23:17:29.650+0000] {processor.py:840} INFO - DAG(s) 'etl_enderecos_aracaju' retrieved from /opt/airflow/dags/etl_aracaju.py
[2025-12-17T23:17:29.770+0000] {logging_mixin.py:188} INFO - [2025-12-17T23:17:29.765+0000] {dag.py:3089} INFO - Sync 1 DAGs
[2025-12-17T23:17:29.896+0000] {logging_mixin.py:188} INFO - [2025-12-17T23:17:29.895+0000] {dag.py:3947} INFO - Setting next_dagrun for etl_enderecos_aracaju to None, run_after=None
[2025-12-17T23:17:29.982+0000] {processor.py:183} INFO - Processing /opt/airflow/dags/etl_aracaju.py took 1.119 seconds
[2025-12-17T23:18:14.053+0000] {processor.py:161} INFO - Started process (PID=163) to work on /opt/airflow/dags/etl_aracaju.py
[2025-12-17T23:18:14.055+0000] {processor.py:830} INFO - Processing file /opt/airflow/dags/etl_aracaju.py for tasks to queue
[2025-12-17T23:18:14.058+0000] {logging_mixin.py:188} INFO - [2025-12-17T23:18:14.057+0000] {dagbag.py:545} INFO - Filling up the DagBag from /opt/airflow/dags/etl_aracaju.py
[2025-12-17T23:18:15.623+0000] {processor.py:840} INFO - DAG(s) 'etl_enderecos_aracaju' retrieved from /opt/airflow/dags/etl_aracaju.py
[2025-12-17T23:18:15.929+0000] {logging_mixin.py:188} INFO - [2025-12-17T23:18:15.929+0000] {override.py:1858} INFO - Created Permission View: can read on DAG:etl_enderecos_aracaju
[2025-12-17T23:18:15.944+0000] {logging_mixin.py:188} INFO - [2025-12-17T23:18:15.944+0000] {override.py:1858} INFO - Created Permission View: can edit on DAG:etl_enderecos_aracaju
[2025-12-17T23:18:15.956+0000] {logging_mixin.py:188} INFO - [2025-12-17T23:18:15.956+0000] {override.py:1858} INFO - Created Permission View: can delete on DAG:etl_enderecos_aracaju
[2025-12-17T23:18:15.958+0000] {logging_mixin.py:188} INFO - [2025-12-17T23:18:15.957+0000] {dag.py:3089} INFO - Sync 1 DAGs
[2025-12-17T23:18:16.140+0000] {logging_mixin.py:188} INFO - [2025-12-17T23:18:16.139+0000] {dag.py:3111} INFO - Creating ORM DAG for etl_enderecos_aracaju
[2025-12-17T23:18:16.141+0000] {logging_mixin.py:188} INFO - [2025-12-17T23:18:16.141+0000] {dag.py:3947} INFO - Setting next_dagrun for etl_enderecos_aracaju to None, run_after=None
[2025-12-17T23:18:16.168+0000] {processor.py:183} INFO - Processing /opt/airflow/dags/etl_aracaju.py took 2.124 seconds
[2025-12-17T23:18:47.022+0000] {processor.py:161} INFO - Started process (PID=169) to work on /opt/airflow/dags/etl_aracaju.py
[2025-12-17T23:18:47.023+0000] {processor.py:830} INFO - Processing file /opt/airflow/dags/etl_aracaju.py for tasks to queue
[2025-12-17T23:18:47.026+0000] {logging_mixin.py:188} INFO - [2025-12-17T23:18:47.026+0000] {dagbag.py:545} INFO - Filling up the DagBag from /opt/airflow/dags/etl_aracaju.py
[2025-12-17T23:18:47.449+0000] {processor.py:840} INFO - DAG(s) 'etl_enderecos_aracaju' retrieved from /opt/airflow/dags/etl_aracaju.py
[2025-12-17T23:18:47.491+0000] {logging_mixin.py:188} INFO - [2025-12-17T23:18:47.491+0000] {dag.py:3089} INFO - Sync 1 DAGs
[2025-12-17T23:18:47.507+0000] {logging_mixin.py:188} INFO - [2025-12-17T23:18:47.507+0000] {dag.py:3947} INFO - Setting next_dagrun for etl_enderecos_aracaju to None, run_after=None
[2025-12-17T23:18:47.535+0000] {processor.py:183} INFO - Processing /opt/airflow/dags/etl_aracaju.py took 0.522 seconds
[2025-12-17T23:19:18.054+0000] {processor.py:161} INFO - Started process (PID=175) to work on /opt/airflow/dags/etl_aracaju.py
[2025-12-17T23:19:18.058+0000] {processor.py:830} INFO - Processing file /opt/airflow/dags/etl_aracaju.py for tasks to queue
[2025-12-17T23:19:18.064+0000] {logging_mixin.py:188} INFO - [2025-12-17T23:19:18.063+0000] {dagbag.py:545} INFO - Filling up the DagBag from /opt/airflow/dags/etl_aracaju.py
[2025-12-17T23:19:18.522+0000] {processor.py:840} INFO - DAG(s) 'etl_enderecos_aracaju' retrieved from /opt/airflow/dags/etl_aracaju.py
[2025-12-17T23:19:18.583+0000] {logging_mixin.py:188} INFO - [2025-12-17T23:19:18.583+0000] {dag.py:3089} INFO - Sync 1 DAGs
[2025-12-17T23:19:18.606+0000] {logging_mixin.py:188} INFO - [2025-12-17T23:19:18.606+0000] {dag.py:3947} INFO - Setting next_dagrun for etl_enderecos_aracaju to None, run_after=None
[2025-12-17T23:19:18.638+0000] {processor.py:183} INFO - Processing /opt/airflow/dags/etl_aracaju.py took 0.602 seconds
[2025-12-17T23:19:49.427+0000] {processor.py:161} INFO - Started process (PID=181) to work on /opt/airflow/dags/etl_aracaju.py
[2025-12-17T23:19:49.428+0000] {processor.py:830} INFO - Processing file /opt/airflow/dags/etl_aracaju.py for tasks to queue
[2025-12-17T23:19:49.431+0000] {logging_mixin.py:188} INFO - [2025-12-17T23:19:49.430+0000] {dagbag.py:545} INFO - Filling up the DagBag from /opt/airflow/dags/etl_aracaju.py
[2025-12-17T23:19:49.884+0000] {processor.py:840} INFO - DAG(s) 'etl_enderecos_aracaju' retrieved from /opt/airflow/dags/etl_aracaju.py
[2025-12-17T23:19:49.931+0000] {logging_mixin.py:188} INFO - [2025-12-17T23:19:49.931+0000] {dag.py:3089} INFO - Sync 1 DAGs
[2025-12-17T23:19:49.950+0000] {logging_mixin.py:188} INFO - [2025-12-17T23:19:49.950+0000] {dag.py:3947} INFO - Setting next_dagrun for etl_enderecos_aracaju to None, run_after=None
[2025-12-17T23:19:49.983+0000] {processor.py:183} INFO - Processing /opt/airflow/dags/etl_aracaju.py took 0.566 seconds
[2025-12-17T23:20:20.393+0000] {processor.py:161} INFO - Started process (PID=187) to work on /opt/airflow/dags/etl_aracaju.py
[2025-12-17T23:20:20.394+0000] {processor.py:830} INFO - Processing file /opt/airflow/dags/etl_aracaju.py for tasks to queue
[2025-12-17T23:20:20.397+0000] {logging_mixin.py:188} INFO - [2025-12-17T23:20:20.397+0000] {dagbag.py:545} INFO - Filling up the DagBag from /opt/airflow/dags/etl_aracaju.py
[2025-12-17T23:20:20.990+0000] {processor.py:840} INFO - DAG(s) 'etl_enderecos_aracaju' retrieved from /opt/airflow/dags/etl_aracaju.py
[2025-12-17T23:20:21.040+0000] {logging_mixin.py:188} INFO - [2025-12-17T23:20:21.040+0000] {dag.py:3089} INFO - Sync 1 DAGs
[2025-12-17T23:20:21.061+0000] {logging_mixin.py:188} INFO - [2025-12-17T23:20:21.060+0000] {dag.py:3947} INFO - Setting next_dagrun for etl_enderecos_aracaju to None, run_after=None
[2025-12-17T23:20:21.095+0000] {processor.py:183} INFO - Processing /opt/airflow/dags/etl_aracaju.py took 0.712 seconds
[2025-12-17T23:20:51.395+0000] {processor.py:161} INFO - Started process (PID=193) to work on /opt/airflow/dags/etl_aracaju.py
[2025-12-17T23:20:51.397+0000] {processor.py:830} INFO - Processing file /opt/airflow/dags/etl_aracaju.py for tasks to queue
[2025-12-17T23:20:51.402+0000] {logging_mixin.py:188} INFO - [2025-12-17T23:20:51.401+0000] {dagbag.py:545} INFO - Filling up the DagBag from /opt/airflow/dags/etl_aracaju.py
[2025-12-17T23:20:51.935+0000] {processor.py:840} INFO - DAG(s) 'etl_enderecos_aracaju' retrieved from /opt/airflow/dags/etl_aracaju.py
[2025-12-17T23:20:51.991+0000] {logging_mixin.py:188} INFO - [2025-12-17T23:20:51.990+0000] {dag.py:3089} INFO - Sync 1 DAGs
[2025-12-17T23:20:52.015+0000] {logging_mixin.py:188} INFO - [2025-12-17T23:20:52.015+0000] {dag.py:3947} INFO - Setting next_dagrun for etl_enderecos_aracaju to None, run_after=None
[2025-12-17T23:20:52.062+0000] {processor.py:183} INFO - Processing /opt/airflow/dags/etl_aracaju.py took 0.680 seconds
[2025-12-17T23:21:22.243+0000] {processor.py:161} INFO - Started process (PID=199) to work on /opt/airflow/dags/etl_aracaju.py
[2025-12-17T23:21:22.245+0000] {processor.py:830} INFO - Processing file /opt/airflow/dags/etl_aracaju.py for tasks to queue
[2025-12-17T23:21:22.249+0000] {logging_mixin.py:188} INFO - [2025-12-17T23:21:22.247+0000] {dagbag.py:545} INFO - Filling up the DagBag from /opt/airflow/dags/etl_aracaju.py
[2025-12-17T23:21:22.841+0000] {processor.py:840} INFO - DAG(s) 'etl_enderecos_aracaju' retrieved from /opt/airflow/dags/etl_aracaju.py
[2025-12-17T23:21:22.909+0000] {logging_mixin.py:188} INFO - [2025-12-17T23:21:22.908+0000] {dag.py:3089} INFO - Sync 1 DAGs
[2025-12-17T23:21:22.939+0000] {logging_mixin.py:188} INFO - [2025-12-17T23:21:22.939+0000] {dag.py:3947} INFO - Setting next_dagrun for etl_enderecos_aracaju to None, run_after=None
[2025-12-17T23:21:22.973+0000] {processor.py:183} INFO - Processing /opt/airflow/dags/etl_aracaju.py took 0.744 seconds
[2025-12-17T23:21:53.130+0000] {processor.py:161} INFO - Started process (PID=205) to work on /opt/airflow/dags/etl_aracaju.py
[2025-12-17T23:21:53.131+0000] {processor.py:830} INFO - Processing file /opt/airflow/dags/etl_aracaju.py for tasks to queue
[2025-12-17T23:21:53.135+0000] {logging_mixin.py:188} INFO - [2025-12-17T23:21:53.134+0000] {dagbag.py:545} INFO - Filling up the DagBag from /opt/airflow/dags/etl_aracaju.py
[2025-12-17T23:21:53.558+0000] {processor.py:840} INFO - DAG(s) 'etl_enderecos_aracaju' retrieved from /opt/airflow/dags/etl_aracaju.py
[2025-12-17T23:21:53.596+0000] {logging_mixin.py:188} INFO - [2025-12-17T23:21:53.595+0000] {dag.py:3089} INFO - Sync 1 DAGs
[2025-12-17T23:21:53.609+0000] {logging_mixin.py:188} INFO - [2025-12-17T23:21:53.609+0000] {dag.py:3947} INFO - Setting next_dagrun for etl_enderecos_aracaju to None, run_after=None
[2025-12-17T23:21:53.821+0000] {processor.py:183} INFO - Processing /opt/airflow/dags/etl_aracaju.py took 0.700 seconds
[2025-12-17T23:22:24.039+0000] {processor.py:161} INFO - Started process (PID=211) to work on /opt/airflow/dags/etl_aracaju.py
[2025-12-17T23:22:24.042+0000] {processor.py:830} INFO - Processing file /opt/airflow/dags/etl_aracaju.py for tasks to queue
[2025-12-17T23:22:24.045+0000] {logging_mixin.py:188} INFO - [2025-12-17T23:22:24.045+0000] {dagbag.py:545} INFO - Filling up the DagBag from /opt/airflow/dags/etl_aracaju.py
[2025-12-17T23:22:24.564+0000] {processor.py:840} INFO - DAG(s) 'etl_enderecos_aracaju' retrieved from /opt/airflow/dags/etl_aracaju.py
[2025-12-17T23:22:24.615+0000] {logging_mixin.py:188} INFO - [2025-12-17T23:22:24.615+0000] {dag.py:3089} INFO - Sync 1 DAGs
[2025-12-17T23:22:24.825+0000] {logging_mixin.py:188} INFO - [2025-12-17T23:22:24.825+0000] {dag.py:3947} INFO - Setting next_dagrun for etl_enderecos_aracaju to None, run_after=None
[2025-12-17T23:22:24.865+0000] {processor.py:183} INFO - Processing /opt/airflow/dags/etl_aracaju.py took 0.835 seconds
[2025-12-17T23:22:55.059+0000] {processor.py:161} INFO - Started process (PID=217) to work on /opt/airflow/dags/etl_aracaju.py
[2025-12-17T23:22:55.062+0000] {processor.py:830} INFO - Processing file /opt/airflow/dags/etl_aracaju.py for tasks to queue
[2025-12-17T23:22:55.072+0000] {logging_mixin.py:188} INFO - [2025-12-17T23:22:55.070+0000] {dagbag.py:545} INFO - Filling up the DagBag from /opt/airflow/dags/etl_aracaju.py
[2025-12-17T23:22:55.519+0000] {processor.py:840} INFO - DAG(s) 'etl_enderecos_aracaju' retrieved from /opt/airflow/dags/etl_aracaju.py
[2025-12-17T23:22:55.562+0000] {logging_mixin.py:188} INFO - [2025-12-17T23:22:55.561+0000] {dag.py:3089} INFO - Sync 1 DAGs
[2025-12-17T23:22:55.580+0000] {logging_mixin.py:188} INFO - [2025-12-17T23:22:55.580+0000] {dag.py:3947} INFO - Setting next_dagrun for etl_enderecos_aracaju to None, run_after=None
[2025-12-17T23:22:55.622+0000] {processor.py:183} INFO - Processing /opt/airflow/dags/etl_aracaju.py took 0.579 seconds
[2025-12-17T23:23:59.567+0000] {processor.py:161} INFO - Started process (PID=165) to work on /opt/airflow/dags/etl_aracaju.py
[2025-12-17T23:23:59.568+0000] {processor.py:830} INFO - Processing file /opt/airflow/dags/etl_aracaju.py for tasks to queue
[2025-12-17T23:23:59.571+0000] {logging_mixin.py:188} INFO - [2025-12-17T23:23:59.571+0000] {dagbag.py:545} INFO - Filling up the DagBag from /opt/airflow/dags/etl_aracaju.py
[2025-12-17T23:24:01.209+0000] {processor.py:840} INFO - DAG(s) 'etl_enderecos_aracaju' retrieved from /opt/airflow/dags/etl_aracaju.py
[2025-12-17T23:24:01.731+0000] {logging_mixin.py:188} INFO - [2025-12-17T23:24:01.730+0000] {override.py:1858} INFO - Created Permission View: can edit on DAG:etl_enderecos_aracaju
[2025-12-17T23:24:01.743+0000] {logging_mixin.py:188} INFO - [2025-12-17T23:24:01.743+0000] {override.py:1858} INFO - Created Permission View: can delete on DAG:etl_enderecos_aracaju
[2025-12-17T23:24:01.751+0000] {logging_mixin.py:188} INFO - [2025-12-17T23:24:01.751+0000] {override.py:1858} INFO - Created Permission View: can read on DAG:etl_enderecos_aracaju
[2025-12-17T23:24:01.752+0000] {logging_mixin.py:188} INFO - [2025-12-17T23:24:01.752+0000] {dag.py:3089} INFO - Sync 1 DAGs
[2025-12-17T23:24:01.763+0000] {logging_mixin.py:188} INFO - [2025-12-17T23:24:01.763+0000] {dag.py:3111} INFO - Creating ORM DAG for etl_enderecos_aracaju
[2025-12-17T23:24:01.765+0000] {logging_mixin.py:188} INFO - [2025-12-17T23:24:01.764+0000] {dag.py:3947} INFO - Setting next_dagrun for etl_enderecos_aracaju to None, run_after=None
[2025-12-17T23:24:01.794+0000] {processor.py:183} INFO - Processing /opt/airflow/dags/etl_aracaju.py took 2.237 seconds
[2025-12-17T23:24:32.081+0000] {processor.py:161} INFO - Started process (PID=171) to work on /opt/airflow/dags/etl_aracaju.py
[2025-12-17T23:24:32.084+0000] {processor.py:830} INFO - Processing file /opt/airflow/dags/etl_aracaju.py for tasks to queue
[2025-12-17T23:24:32.088+0000] {logging_mixin.py:188} INFO - [2025-12-17T23:24:32.087+0000] {dagbag.py:545} INFO - Filling up the DagBag from /opt/airflow/dags/etl_aracaju.py
[2025-12-17T23:24:32.535+0000] {processor.py:840} INFO - DAG(s) 'etl_enderecos_aracaju' retrieved from /opt/airflow/dags/etl_aracaju.py
[2025-12-17T23:24:32.577+0000] {logging_mixin.py:188} INFO - [2025-12-17T23:24:32.577+0000] {dag.py:3089} INFO - Sync 1 DAGs
[2025-12-17T23:24:32.594+0000] {logging_mixin.py:188} INFO - [2025-12-17T23:24:32.594+0000] {dag.py:3947} INFO - Setting next_dagrun for etl_enderecos_aracaju to None, run_after=None
[2025-12-17T23:24:32.622+0000] {processor.py:183} INFO - Processing /opt/airflow/dags/etl_aracaju.py took 0.550 seconds
[2025-12-17T23:25:02.920+0000] {processor.py:161} INFO - Started process (PID=177) to work on /opt/airflow/dags/etl_aracaju.py
[2025-12-17T23:25:02.922+0000] {processor.py:830} INFO - Processing file /opt/airflow/dags/etl_aracaju.py for tasks to queue
[2025-12-17T23:25:02.926+0000] {logging_mixin.py:188} INFO - [2025-12-17T23:25:02.925+0000] {dagbag.py:545} INFO - Filling up the DagBag from /opt/airflow/dags/etl_aracaju.py
[2025-12-17T23:25:03.352+0000] {processor.py:840} INFO - DAG(s) 'etl_enderecos_aracaju' retrieved from /opt/airflow/dags/etl_aracaju.py
[2025-12-17T23:25:03.400+0000] {logging_mixin.py:188} INFO - [2025-12-17T23:25:03.399+0000] {dag.py:3089} INFO - Sync 1 DAGs
[2025-12-17T23:25:03.423+0000] {logging_mixin.py:188} INFO - [2025-12-17T23:25:03.423+0000] {dag.py:3947} INFO - Setting next_dagrun for etl_enderecos_aracaju to None, run_after=None
[2025-12-17T23:25:03.449+0000] {processor.py:183} INFO - Processing /opt/airflow/dags/etl_aracaju.py took 0.538 seconds
[2025-12-17T23:25:33.569+0000] {processor.py:161} INFO - Started process (PID=183) to work on /opt/airflow/dags/etl_aracaju.py
[2025-12-17T23:25:33.572+0000] {processor.py:830} INFO - Processing file /opt/airflow/dags/etl_aracaju.py for tasks to queue
[2025-12-17T23:25:33.576+0000] {logging_mixin.py:188} INFO - [2025-12-17T23:25:33.575+0000] {dagbag.py:545} INFO - Filling up the DagBag from /opt/airflow/dags/etl_aracaju.py
[2025-12-17T23:25:33.934+0000] {processor.py:840} INFO - DAG(s) 'etl_enderecos_aracaju' retrieved from /opt/airflow/dags/etl_aracaju.py
[2025-12-17T23:25:33.979+0000] {logging_mixin.py:188} INFO - [2025-12-17T23:25:33.978+0000] {dag.py:3089} INFO - Sync 1 DAGs
[2025-12-17T23:25:33.996+0000] {logging_mixin.py:188} INFO - [2025-12-17T23:25:33.995+0000] {dag.py:3947} INFO - Setting next_dagrun for etl_enderecos_aracaju to None, run_after=None
[2025-12-17T23:25:34.023+0000] {processor.py:183} INFO - Processing /opt/airflow/dags/etl_aracaju.py took 0.465 seconds
[2025-12-17T23:26:04.460+0000] {processor.py:161} INFO - Started process (PID=189) to work on /opt/airflow/dags/etl_aracaju.py
[2025-12-17T23:26:04.461+0000] {processor.py:830} INFO - Processing file /opt/airflow/dags/etl_aracaju.py for tasks to queue
[2025-12-17T23:26:04.464+0000] {logging_mixin.py:188} INFO - [2025-12-17T23:26:04.463+0000] {dagbag.py:545} INFO - Filling up the DagBag from /opt/airflow/dags/etl_aracaju.py
[2025-12-17T23:26:04.799+0000] {processor.py:840} INFO - DAG(s) 'etl_enderecos_aracaju' retrieved from /opt/airflow/dags/etl_aracaju.py
[2025-12-17T23:26:04.834+0000] {logging_mixin.py:188} INFO - [2025-12-17T23:26:04.834+0000] {dag.py:3089} INFO - Sync 1 DAGs
[2025-12-17T23:26:04.850+0000] {logging_mixin.py:188} INFO - [2025-12-17T23:26:04.849+0000] {dag.py:3947} INFO - Setting next_dagrun for etl_enderecos_aracaju to None, run_after=None
[2025-12-17T23:26:04.874+0000] {processor.py:183} INFO - Processing /opt/airflow/dags/etl_aracaju.py took 0.422 seconds
[2025-12-17T23:26:49.448+0000] {processor.py:161} INFO - Started process (PID=195) to work on /opt/airflow/dags/etl_aracaju.py
[2025-12-17T23:26:49.449+0000] {processor.py:830} INFO - Processing file /opt/airflow/dags/etl_aracaju.py for tasks to queue
[2025-12-17T23:26:49.454+0000] {logging_mixin.py:188} INFO - [2025-12-17T23:26:49.453+0000] {dagbag.py:545} INFO - Filling up the DagBag from /opt/airflow/dags/etl_aracaju.py
[2025-12-17T23:26:50.044+0000] {processor.py:840} INFO - DAG(s) 'etl_enderecos_aracaju' retrieved from /opt/airflow/dags/etl_aracaju.py
[2025-12-17T23:26:50.100+0000] {logging_mixin.py:188} INFO - [2025-12-17T23:26:50.100+0000] {dag.py:3089} INFO - Sync 1 DAGs
[2025-12-17T23:26:50.120+0000] {logging_mixin.py:188} INFO - [2025-12-17T23:26:50.120+0000] {dag.py:3947} INFO - Setting next_dagrun for etl_enderecos_aracaju to None, run_after=None
[2025-12-17T23:26:50.347+0000] {processor.py:183} INFO - Processing /opt/airflow/dags/etl_aracaju.py took 0.914 seconds
[2025-12-17T23:27:20.642+0000] {processor.py:161} INFO - Started process (PID=201) to work on /opt/airflow/dags/etl_aracaju.py
[2025-12-17T23:27:20.643+0000] {processor.py:830} INFO - Processing file /opt/airflow/dags/etl_aracaju.py for tasks to queue
[2025-12-17T23:27:20.646+0000] {logging_mixin.py:188} INFO - [2025-12-17T23:27:20.646+0000] {dagbag.py:545} INFO - Filling up the DagBag from /opt/airflow/dags/etl_aracaju.py
[2025-12-17T23:27:21.067+0000] {processor.py:840} INFO - DAG(s) 'etl_enderecos_aracaju' retrieved from /opt/airflow/dags/etl_aracaju.py
[2025-12-17T23:27:21.089+0000] {logging_mixin.py:188} INFO - [2025-12-17T23:27:21.088+0000] {dag.py:3089} INFO - Sync 1 DAGs
[2025-12-17T23:27:21.105+0000] {logging_mixin.py:188} INFO - [2025-12-17T23:27:21.105+0000] {dag.py:3947} INFO - Setting next_dagrun for etl_enderecos_aracaju to None, run_after=None
[2025-12-17T23:27:21.141+0000] {processor.py:183} INFO - Processing /opt/airflow/dags/etl_aracaju.py took 0.510 seconds
[2025-12-17T23:27:51.288+0000] {processor.py:161} INFO - Started process (PID=207) to work on /opt/airflow/dags/etl_aracaju.py
[2025-12-17T23:27:51.289+0000] {processor.py:830} INFO - Processing file /opt/airflow/dags/etl_aracaju.py for tasks to queue
[2025-12-17T23:27:51.294+0000] {logging_mixin.py:188} INFO - [2025-12-17T23:27:51.293+0000] {dagbag.py:545} INFO - Filling up the DagBag from /opt/airflow/dags/etl_aracaju.py
[2025-12-17T23:27:51.820+0000] {processor.py:840} INFO - DAG(s) 'etl_enderecos_aracaju' retrieved from /opt/airflow/dags/etl_aracaju.py
[2025-12-17T23:27:52.178+0000] {logging_mixin.py:188} INFO - [2025-12-17T23:27:52.177+0000] {dag.py:3089} INFO - Sync 1 DAGs
[2025-12-17T23:27:52.189+0000] {logging_mixin.py:188} INFO - [2025-12-17T23:27:52.189+0000] {dag.py:3947} INFO - Setting next_dagrun for etl_enderecos_aracaju to None, run_after=None
[2025-12-17T23:27:52.220+0000] {processor.py:183} INFO - Processing /opt/airflow/dags/etl_aracaju.py took 0.946 seconds
[2025-12-17T23:28:22.515+0000] {processor.py:161} INFO - Started process (PID=213) to work on /opt/airflow/dags/etl_aracaju.py
[2025-12-17T23:28:22.517+0000] {processor.py:830} INFO - Processing file /opt/airflow/dags/etl_aracaju.py for tasks to queue
[2025-12-17T23:28:22.521+0000] {logging_mixin.py:188} INFO - [2025-12-17T23:28:22.520+0000] {dagbag.py:545} INFO - Filling up the DagBag from /opt/airflow/dags/etl_aracaju.py
[2025-12-17T23:28:22.929+0000] {processor.py:840} INFO - DAG(s) 'etl_enderecos_aracaju' retrieved from /opt/airflow/dags/etl_aracaju.py
[2025-12-17T23:28:22.966+0000] {logging_mixin.py:188} INFO - [2025-12-17T23:28:22.966+0000] {dag.py:3089} INFO - Sync 1 DAGs
[2025-12-17T23:28:22.979+0000] {logging_mixin.py:188} INFO - [2025-12-17T23:28:22.979+0000] {dag.py:3947} INFO - Setting next_dagrun for etl_enderecos_aracaju to None, run_after=None
[2025-12-17T23:28:23.004+0000] {processor.py:183} INFO - Processing /opt/airflow/dags/etl_aracaju.py took 0.507 seconds
[2025-12-17T23:28:53.429+0000] {processor.py:161} INFO - Started process (PID=219) to work on /opt/airflow/dags/etl_aracaju.py
[2025-12-17T23:28:53.431+0000] {processor.py:830} INFO - Processing file /opt/airflow/dags/etl_aracaju.py for tasks to queue
[2025-12-17T23:28:53.433+0000] {logging_mixin.py:188} INFO - [2025-12-17T23:28:53.433+0000] {dagbag.py:545} INFO - Filling up the DagBag from /opt/airflow/dags/etl_aracaju.py
[2025-12-17T23:28:53.793+0000] {processor.py:840} INFO - DAG(s) 'etl_enderecos_aracaju' retrieved from /opt/airflow/dags/etl_aracaju.py
[2025-12-17T23:28:53.832+0000] {logging_mixin.py:188} INFO - [2025-12-17T23:28:53.832+0000] {dag.py:3089} INFO - Sync 1 DAGs
[2025-12-17T23:28:53.846+0000] {logging_mixin.py:188} INFO - [2025-12-17T23:28:53.846+0000] {dag.py:3947} INFO - Setting next_dagrun for etl_enderecos_aracaju to None, run_after=None
[2025-12-17T23:28:53.872+0000] {processor.py:183} INFO - Processing /opt/airflow/dags/etl_aracaju.py took 0.452 seconds
[2025-12-17T23:29:24.264+0000] {processor.py:161} INFO - Started process (PID=225) to work on /opt/airflow/dags/etl_aracaju.py
[2025-12-17T23:29:24.265+0000] {processor.py:830} INFO - Processing file /opt/airflow/dags/etl_aracaju.py for tasks to queue
[2025-12-17T23:29:24.270+0000] {logging_mixin.py:188} INFO - [2025-12-17T23:29:24.269+0000] {dagbag.py:545} INFO - Filling up the DagBag from /opt/airflow/dags/etl_aracaju.py
[2025-12-17T23:29:24.634+0000] {processor.py:840} INFO - DAG(s) 'etl_enderecos_aracaju' retrieved from /opt/airflow/dags/etl_aracaju.py
[2025-12-17T23:29:24.671+0000] {logging_mixin.py:188} INFO - [2025-12-17T23:29:24.670+0000] {dag.py:3089} INFO - Sync 1 DAGs
[2025-12-17T23:29:24.685+0000] {logging_mixin.py:188} INFO - [2025-12-17T23:29:24.685+0000] {dag.py:3947} INFO - Setting next_dagrun for etl_enderecos_aracaju to None, run_after=None
[2025-12-17T23:29:24.708+0000] {processor.py:183} INFO - Processing /opt/airflow/dags/etl_aracaju.py took 0.452 seconds
[2025-12-17T23:29:55.228+0000] {processor.py:161} INFO - Started process (PID=231) to work on /opt/airflow/dags/etl_aracaju.py
[2025-12-17T23:29:55.230+0000] {processor.py:830} INFO - Processing file /opt/airflow/dags/etl_aracaju.py for tasks to queue
[2025-12-17T23:29:55.233+0000] {logging_mixin.py:188} INFO - [2025-12-17T23:29:55.232+0000] {dagbag.py:545} INFO - Filling up the DagBag from /opt/airflow/dags/etl_aracaju.py
[2025-12-17T23:29:55.675+0000] {processor.py:840} INFO - DAG(s) 'etl_enderecos_aracaju' retrieved from /opt/airflow/dags/etl_aracaju.py
[2025-12-17T23:29:55.713+0000] {logging_mixin.py:188} INFO - [2025-12-17T23:29:55.713+0000] {dag.py:3089} INFO - Sync 1 DAGs
[2025-12-17T23:29:55.729+0000] {logging_mixin.py:188} INFO - [2025-12-17T23:29:55.728+0000] {dag.py:3947} INFO - Setting next_dagrun for etl_enderecos_aracaju to None, run_after=None
[2025-12-17T23:29:55.941+0000] {processor.py:183} INFO - Processing /opt/airflow/dags/etl_aracaju.py took 0.723 seconds
[2025-12-17T23:30:26.468+0000] {processor.py:161} INFO - Started process (PID=237) to work on /opt/airflow/dags/etl_aracaju.py
[2025-12-17T23:30:26.470+0000] {processor.py:830} INFO - Processing file /opt/airflow/dags/etl_aracaju.py for tasks to queue
[2025-12-17T23:30:26.476+0000] {logging_mixin.py:188} INFO - [2025-12-17T23:30:26.475+0000] {dagbag.py:545} INFO - Filling up the DagBag from /opt/airflow/dags/etl_aracaju.py
[2025-12-17T23:30:26.938+0000] {processor.py:840} INFO - DAG(s) 'etl_enderecos_aracaju' retrieved from /opt/airflow/dags/etl_aracaju.py
[2025-12-17T23:30:26.975+0000] {logging_mixin.py:188} INFO - [2025-12-17T23:30:26.975+0000] {dag.py:3089} INFO - Sync 1 DAGs
[2025-12-17T23:30:27.160+0000] {logging_mixin.py:188} INFO - [2025-12-17T23:30:27.160+0000] {dag.py:3947} INFO - Setting next_dagrun for etl_enderecos_aracaju to None, run_after=None
[2025-12-17T23:30:27.187+0000] {processor.py:183} INFO - Processing /opt/airflow/dags/etl_aracaju.py took 0.728 seconds
[2025-12-17T23:30:57.612+0000] {processor.py:161} INFO - Started process (PID=243) to work on /opt/airflow/dags/etl_aracaju.py
[2025-12-17T23:30:57.616+0000] {processor.py:830} INFO - Processing file /opt/airflow/dags/etl_aracaju.py for tasks to queue
[2025-12-17T23:30:57.624+0000] {logging_mixin.py:188} INFO - [2025-12-17T23:30:57.623+0000] {dagbag.py:545} INFO - Filling up the DagBag from /opt/airflow/dags/etl_aracaju.py
[2025-12-17T23:30:58.153+0000] {processor.py:840} INFO - DAG(s) 'etl_aracaju' retrieved from /opt/airflow/dags/etl_aracaju.py
[2025-12-17T23:30:58.459+0000] {logging_mixin.py:188} INFO - [2025-12-17T23:30:58.458+0000] {override.py:1858} INFO - Created Permission View: can edit on DAG:etl_aracaju
[2025-12-17T23:30:58.475+0000] {logging_mixin.py:188} INFO - [2025-12-17T23:30:58.474+0000] {override.py:1858} INFO - Created Permission View: can delete on DAG:etl_aracaju
[2025-12-17T23:30:58.484+0000] {logging_mixin.py:188} INFO - [2025-12-17T23:30:58.484+0000] {override.py:1858} INFO - Created Permission View: can read on DAG:etl_aracaju
[2025-12-17T23:30:58.486+0000] {logging_mixin.py:188} INFO - [2025-12-17T23:30:58.485+0000] {dag.py:3089} INFO - Sync 1 DAGs
[2025-12-17T23:30:58.499+0000] {logging_mixin.py:188} INFO - [2025-12-17T23:30:58.498+0000] {dag.py:3111} INFO - Creating ORM DAG for etl_aracaju
[2025-12-17T23:30:58.500+0000] {logging_mixin.py:188} INFO - [2025-12-17T23:30:58.500+0000] {dag.py:3947} INFO - Setting next_dagrun for etl_aracaju to None, run_after=None
[2025-12-17T23:30:58.529+0000] {processor.py:183} INFO - Processing /opt/airflow/dags/etl_aracaju.py took 0.937 seconds
[2025-12-17T23:31:28.764+0000] {processor.py:161} INFO - Started process (PID=249) to work on /opt/airflow/dags/etl_aracaju.py
[2025-12-17T23:31:28.766+0000] {processor.py:830} INFO - Processing file /opt/airflow/dags/etl_aracaju.py for tasks to queue
[2025-12-17T23:31:28.768+0000] {logging_mixin.py:188} INFO - [2025-12-17T23:31:28.768+0000] {dagbag.py:545} INFO - Filling up the DagBag from /opt/airflow/dags/etl_aracaju.py
[2025-12-17T23:31:29.190+0000] {processor.py:840} INFO - DAG(s) 'etl_aracaju' retrieved from /opt/airflow/dags/etl_aracaju.py
[2025-12-17T23:31:29.233+0000] {logging_mixin.py:188} INFO - [2025-12-17T23:31:29.233+0000] {dag.py:3089} INFO - Sync 1 DAGs
[2025-12-17T23:31:29.248+0000] {logging_mixin.py:188} INFO - [2025-12-17T23:31:29.248+0000] {dag.py:3947} INFO - Setting next_dagrun for etl_aracaju to None, run_after=None
[2025-12-17T23:31:29.275+0000] {processor.py:183} INFO - Processing /opt/airflow/dags/etl_aracaju.py took 0.519 seconds
[2025-12-17T23:32:00.335+0000] {processor.py:161} INFO - Started process (PID=255) to work on /opt/airflow/dags/etl_aracaju.py
[2025-12-17T23:32:00.336+0000] {processor.py:830} INFO - Processing file /opt/airflow/dags/etl_aracaju.py for tasks to queue
[2025-12-17T23:32:00.340+0000] {logging_mixin.py:188} INFO - [2025-12-17T23:32:00.339+0000] {dagbag.py:545} INFO - Filling up the DagBag from /opt/airflow/dags/etl_aracaju.py
[2025-12-17T23:32:00.759+0000] {processor.py:840} INFO - DAG(s) 'etl_aracaju' retrieved from /opt/airflow/dags/etl_aracaju.py
[2025-12-17T23:32:00.798+0000] {logging_mixin.py:188} INFO - [2025-12-17T23:32:00.797+0000] {dag.py:3089} INFO - Sync 1 DAGs
[2025-12-17T23:32:00.814+0000] {logging_mixin.py:188} INFO - [2025-12-17T23:32:00.813+0000] {dag.py:3947} INFO - Setting next_dagrun for etl_aracaju to None, run_after=None
[2025-12-17T23:32:00.846+0000] {processor.py:183} INFO - Processing /opt/airflow/dags/etl_aracaju.py took 0.529 seconds
[2025-12-17T23:32:31.175+0000] {processor.py:161} INFO - Started process (PID=261) to work on /opt/airflow/dags/etl_aracaju.py
[2025-12-17T23:32:31.177+0000] {processor.py:830} INFO - Processing file /opt/airflow/dags/etl_aracaju.py for tasks to queue
[2025-12-17T23:32:31.179+0000] {logging_mixin.py:188} INFO - [2025-12-17T23:32:31.179+0000] {dagbag.py:545} INFO - Filling up the DagBag from /opt/airflow/dags/etl_aracaju.py
[2025-12-17T23:32:31.696+0000] {processor.py:840} INFO - DAG(s) 'etl_aracaju' retrieved from /opt/airflow/dags/etl_aracaju.py
[2025-12-17T23:32:31.736+0000] {logging_mixin.py:188} INFO - [2025-12-17T23:32:31.735+0000] {dag.py:3089} INFO - Sync 1 DAGs
[2025-12-17T23:32:31.752+0000] {logging_mixin.py:188} INFO - [2025-12-17T23:32:31.752+0000] {dag.py:3947} INFO - Setting next_dagrun for etl_aracaju to None, run_after=None
[2025-12-17T23:32:31.775+0000] {processor.py:183} INFO - Processing /opt/airflow/dags/etl_aracaju.py took 0.609 seconds
[2025-12-17T23:33:02.592+0000] {processor.py:161} INFO - Started process (PID=267) to work on /opt/airflow/dags/etl_aracaju.py
[2025-12-17T23:33:02.593+0000] {processor.py:830} INFO - Processing file /opt/airflow/dags/etl_aracaju.py for tasks to queue
[2025-12-17T23:33:02.595+0000] {logging_mixin.py:188} INFO - [2025-12-17T23:33:02.594+0000] {dagbag.py:545} INFO - Filling up the DagBag from /opt/airflow/dags/etl_aracaju.py
[2025-12-17T23:33:02.993+0000] {processor.py:840} INFO - DAG(s) 'etl_aracaju' retrieved from /opt/airflow/dags/etl_aracaju.py
[2025-12-17T23:33:03.032+0000] {logging_mixin.py:188} INFO - [2025-12-17T23:33:03.032+0000] {dag.py:3089} INFO - Sync 1 DAGs
[2025-12-17T23:33:03.053+0000] {logging_mixin.py:188} INFO - [2025-12-17T23:33:03.053+0000] {dag.py:3947} INFO - Setting next_dagrun for etl_aracaju to None, run_after=None
[2025-12-17T23:33:03.249+0000] {processor.py:183} INFO - Processing /opt/airflow/dags/etl_aracaju.py took 0.666 seconds
[2025-12-17T23:33:33.744+0000] {processor.py:161} INFO - Started process (PID=273) to work on /opt/airflow/dags/etl_aracaju.py
[2025-12-17T23:33:33.745+0000] {processor.py:830} INFO - Processing file /opt/airflow/dags/etl_aracaju.py for tasks to queue
[2025-12-17T23:33:33.747+0000] {logging_mixin.py:188} INFO - [2025-12-17T23:33:33.746+0000] {dagbag.py:545} INFO - Filling up the DagBag from /opt/airflow/dags/etl_aracaju.py
[2025-12-17T23:33:34.141+0000] {processor.py:840} INFO - DAG(s) 'etl_aracaju' retrieved from /opt/airflow/dags/etl_aracaju.py
[2025-12-17T23:33:34.178+0000] {logging_mixin.py:188} INFO - [2025-12-17T23:33:34.177+0000] {dag.py:3089} INFO - Sync 1 DAGs
[2025-12-17T23:33:34.383+0000] {logging_mixin.py:188} INFO - [2025-12-17T23:33:34.383+0000] {dag.py:3947} INFO - Setting next_dagrun for etl_aracaju to None, run_after=None
[2025-12-17T23:33:34.407+0000] {processor.py:183} INFO - Processing /opt/airflow/dags/etl_aracaju.py took 0.683 seconds
[2025-12-17T23:34:05.331+0000] {processor.py:161} INFO - Started process (PID=279) to work on /opt/airflow/dags/etl_aracaju.py
[2025-12-17T23:34:05.333+0000] {processor.py:830} INFO - Processing file /opt/airflow/dags/etl_aracaju.py for tasks to queue
[2025-12-17T23:34:05.335+0000] {logging_mixin.py:188} INFO - [2025-12-17T23:34:05.334+0000] {dagbag.py:545} INFO - Filling up the DagBag from /opt/airflow/dags/etl_aracaju.py
[2025-12-17T23:34:05.848+0000] {processor.py:840} INFO - DAG(s) 'etl_aracaju' retrieved from /opt/airflow/dags/etl_aracaju.py
[2025-12-17T23:34:06.071+0000] {logging_mixin.py:188} INFO - [2025-12-17T23:34:05.886+0000] {dag.py:3089} INFO - Sync 1 DAGs
[2025-12-17T23:34:06.086+0000] {logging_mixin.py:188} INFO - [2025-12-17T23:34:06.086+0000] {dag.py:3947} INFO - Setting next_dagrun for etl_aracaju to None, run_after=None
[2025-12-17T23:34:06.116+0000] {processor.py:183} INFO - Processing /opt/airflow/dags/etl_aracaju.py took 0.793 seconds
[2025-12-17T23:34:36.965+0000] {processor.py:161} INFO - Started process (PID=288) to work on /opt/airflow/dags/etl_aracaju.py
[2025-12-17T23:34:36.967+0000] {processor.py:830} INFO - Processing file /opt/airflow/dags/etl_aracaju.py for tasks to queue
[2025-12-17T23:34:36.968+0000] {logging_mixin.py:188} INFO - [2025-12-17T23:34:36.968+0000] {dagbag.py:545} INFO - Filling up the DagBag from /opt/airflow/dags/etl_aracaju.py
[2025-12-17T23:34:37.334+0000] {processor.py:840} INFO - DAG(s) 'etl_aracaju' retrieved from /opt/airflow/dags/etl_aracaju.py
[2025-12-17T23:34:37.377+0000] {logging_mixin.py:188} INFO - [2025-12-17T23:34:37.376+0000] {dag.py:3089} INFO - Sync 1 DAGs
[2025-12-17T23:34:37.395+0000] {logging_mixin.py:188} INFO - [2025-12-17T23:34:37.394+0000] {dag.py:3947} INFO - Setting next_dagrun for etl_aracaju to None, run_after=None
[2025-12-17T23:34:37.423+0000] {processor.py:183} INFO - Processing /opt/airflow/dags/etl_aracaju.py took 0.468 seconds
[2025-12-17T23:35:07.547+0000] {processor.py:161} INFO - Started process (PID=297) to work on /opt/airflow/dags/etl_aracaju.py
[2025-12-17T23:35:07.549+0000] {processor.py:830} INFO - Processing file /opt/airflow/dags/etl_aracaju.py for tasks to queue
[2025-12-17T23:35:07.550+0000] {logging_mixin.py:188} INFO - [2025-12-17T23:35:07.550+0000] {dagbag.py:545} INFO - Filling up the DagBag from /opt/airflow/dags/etl_aracaju.py
[2025-12-17T23:35:08.066+0000] {processor.py:840} INFO - DAG(s) 'etl_aracaju' retrieved from /opt/airflow/dags/etl_aracaju.py
[2025-12-17T23:35:08.109+0000] {logging_mixin.py:188} INFO - [2025-12-17T23:35:08.108+0000] {dag.py:3089} INFO - Sync 1 DAGs
[2025-12-17T23:35:08.125+0000] {logging_mixin.py:188} INFO - [2025-12-17T23:35:08.125+0000] {dag.py:3947} INFO - Setting next_dagrun for etl_aracaju to None, run_after=None
[2025-12-17T23:35:08.155+0000] {processor.py:183} INFO - Processing /opt/airflow/dags/etl_aracaju.py took 0.621 seconds
[2025-12-17T23:35:38.336+0000] {processor.py:161} INFO - Started process (PID=303) to work on /opt/airflow/dags/etl_aracaju.py
[2025-12-17T23:35:38.341+0000] {processor.py:830} INFO - Processing file /opt/airflow/dags/etl_aracaju.py for tasks to queue
[2025-12-17T23:35:38.342+0000] {logging_mixin.py:188} INFO - [2025-12-17T23:35:38.342+0000] {dagbag.py:545} INFO - Filling up the DagBag from /opt/airflow/dags/etl_aracaju.py
[2025-12-17T23:35:38.954+0000] {processor.py:840} INFO - DAG(s) 'etl_aracaju' retrieved from /opt/airflow/dags/etl_aracaju.py
[2025-12-17T23:35:39.009+0000] {logging_mixin.py:188} INFO - [2025-12-17T23:35:39.008+0000] {dag.py:3089} INFO - Sync 1 DAGs
[2025-12-17T23:35:39.035+0000] {logging_mixin.py:188} INFO - [2025-12-17T23:35:39.035+0000] {dag.py:3947} INFO - Setting next_dagrun for etl_aracaju to None, run_after=None
[2025-12-17T23:35:39.065+0000] {processor.py:183} INFO - Processing /opt/airflow/dags/etl_aracaju.py took 0.749 seconds
[2025-12-17T23:36:09.938+0000] {processor.py:161} INFO - Started process (PID=309) to work on /opt/airflow/dags/etl_aracaju.py
[2025-12-17T23:36:09.939+0000] {processor.py:830} INFO - Processing file /opt/airflow/dags/etl_aracaju.py for tasks to queue
[2025-12-17T23:36:09.941+0000] {logging_mixin.py:188} INFO - [2025-12-17T23:36:09.940+0000] {dagbag.py:545} INFO - Filling up the DagBag from /opt/airflow/dags/etl_aracaju.py
[2025-12-17T23:36:10.304+0000] {processor.py:840} INFO - DAG(s) 'etl_aracaju' retrieved from /opt/airflow/dags/etl_aracaju.py
[2025-12-17T23:36:10.339+0000] {logging_mixin.py:188} INFO - [2025-12-17T23:36:10.339+0000] {dag.py:3089} INFO - Sync 1 DAGs
[2025-12-17T23:36:10.360+0000] {logging_mixin.py:188} INFO - [2025-12-17T23:36:10.359+0000] {dag.py:3947} INFO - Setting next_dagrun for etl_aracaju to None, run_after=None
[2025-12-17T23:36:10.550+0000] {processor.py:183} INFO - Processing /opt/airflow/dags/etl_aracaju.py took 0.620 seconds
[2025-12-17T23:36:40.986+0000] {processor.py:161} INFO - Started process (PID=318) to work on /opt/airflow/dags/etl_aracaju.py
[2025-12-17T23:36:40.987+0000] {processor.py:830} INFO - Processing file /opt/airflow/dags/etl_aracaju.py for tasks to queue
[2025-12-17T23:36:40.988+0000] {logging_mixin.py:188} INFO - [2025-12-17T23:36:40.988+0000] {dagbag.py:545} INFO - Filling up the DagBag from /opt/airflow/dags/etl_aracaju.py
[2025-12-17T23:36:41.338+0000] {processor.py:840} INFO - DAG(s) 'etl_aracaju' retrieved from /opt/airflow/dags/etl_aracaju.py
[2025-12-17T23:36:41.373+0000] {logging_mixin.py:188} INFO - [2025-12-17T23:36:41.372+0000] {dag.py:3089} INFO - Sync 1 DAGs
[2025-12-17T23:36:41.387+0000] {logging_mixin.py:188} INFO - [2025-12-17T23:36:41.387+0000] {dag.py:3947} INFO - Setting next_dagrun for etl_aracaju to None, run_after=None
[2025-12-17T23:36:41.555+0000] {processor.py:183} INFO - Processing /opt/airflow/dags/etl_aracaju.py took 0.580 seconds
[2025-12-17T23:37:12.560+0000] {processor.py:161} INFO - Started process (PID=324) to work on /opt/airflow/dags/etl_aracaju.py
[2025-12-17T23:37:12.562+0000] {processor.py:830} INFO - Processing file /opt/airflow/dags/etl_aracaju.py for tasks to queue
[2025-12-17T23:37:12.565+0000] {logging_mixin.py:188} INFO - [2025-12-17T23:37:12.565+0000] {dagbag.py:545} INFO - Filling up the DagBag from /opt/airflow/dags/etl_aracaju.py
[2025-12-17T23:37:12.968+0000] {processor.py:840} INFO - DAG(s) 'etl_aracaju' retrieved from /opt/airflow/dags/etl_aracaju.py
[2025-12-17T23:37:13.186+0000] {logging_mixin.py:188} INFO - [2025-12-17T23:37:13.009+0000] {dag.py:3089} INFO - Sync 1 DAGs
[2025-12-17T23:37:13.199+0000] {logging_mixin.py:188} INFO - [2025-12-17T23:37:13.199+0000] {dag.py:3947} INFO - Setting next_dagrun for etl_aracaju to None, run_after=None
[2025-12-17T23:37:13.224+0000] {processor.py:183} INFO - Processing /opt/airflow/dags/etl_aracaju.py took 0.675 seconds
[2025-12-17T23:37:43.413+0000] {processor.py:161} INFO - Started process (PID=330) to work on /opt/airflow/dags/etl_aracaju.py
[2025-12-17T23:37:43.415+0000] {processor.py:830} INFO - Processing file /opt/airflow/dags/etl_aracaju.py for tasks to queue
[2025-12-17T23:37:43.417+0000] {logging_mixin.py:188} INFO - [2025-12-17T23:37:43.416+0000] {dagbag.py:545} INFO - Filling up the DagBag from /opt/airflow/dags/etl_aracaju.py
[2025-12-17T23:37:43.820+0000] {processor.py:840} INFO - DAG(s) 'etl_aracaju' retrieved from /opt/airflow/dags/etl_aracaju.py
[2025-12-17T23:37:43.860+0000] {logging_mixin.py:188} INFO - [2025-12-17T23:37:43.860+0000] {dag.py:3089} INFO - Sync 1 DAGs
[2025-12-17T23:37:43.878+0000] {logging_mixin.py:188} INFO - [2025-12-17T23:37:43.878+0000] {dag.py:3947} INFO - Setting next_dagrun for etl_aracaju to None, run_after=None
[2025-12-17T23:37:43.905+0000] {processor.py:183} INFO - Processing /opt/airflow/dags/etl_aracaju.py took 0.502 seconds
[2025-12-17T23:38:14.645+0000] {processor.py:161} INFO - Started process (PID=336) to work on /opt/airflow/dags/etl_aracaju.py
[2025-12-17T23:38:14.646+0000] {processor.py:830} INFO - Processing file /opt/airflow/dags/etl_aracaju.py for tasks to queue
[2025-12-17T23:38:14.648+0000] {logging_mixin.py:188} INFO - [2025-12-17T23:38:14.648+0000] {dagbag.py:545} INFO - Filling up the DagBag from /opt/airflow/dags/etl_aracaju.py
[2025-12-17T23:38:15.102+0000] {processor.py:840} INFO - DAG(s) 'etl_aracaju' retrieved from /opt/airflow/dags/etl_aracaju.py
[2025-12-17T23:38:15.143+0000] {logging_mixin.py:188} INFO - [2025-12-17T23:38:15.142+0000] {dag.py:3089} INFO - Sync 1 DAGs
[2025-12-17T23:38:15.159+0000] {logging_mixin.py:188} INFO - [2025-12-17T23:38:15.159+0000] {dag.py:3947} INFO - Setting next_dagrun for etl_aracaju to None, run_after=None
[2025-12-17T23:38:15.186+0000] {processor.py:183} INFO - Processing /opt/airflow/dags/etl_aracaju.py took 0.549 seconds
[2025-12-17T23:38:45.643+0000] {processor.py:161} INFO - Started process (PID=345) to work on /opt/airflow/dags/etl_aracaju.py
[2025-12-17T23:38:45.644+0000] {processor.py:830} INFO - Processing file /opt/airflow/dags/etl_aracaju.py for tasks to queue
[2025-12-17T23:38:45.646+0000] {logging_mixin.py:188} INFO - [2025-12-17T23:38:45.645+0000] {dagbag.py:545} INFO - Filling up the DagBag from /opt/airflow/dags/etl_aracaju.py
[2025-12-17T23:38:46.131+0000] {processor.py:840} INFO - DAG(s) 'etl_aracaju' retrieved from /opt/airflow/dags/etl_aracaju.py
[2025-12-17T23:38:46.178+0000] {logging_mixin.py:188} INFO - [2025-12-17T23:38:46.177+0000] {dag.py:3089} INFO - Sync 1 DAGs
[2025-12-17T23:38:46.194+0000] {logging_mixin.py:188} INFO - [2025-12-17T23:38:46.194+0000] {dag.py:3947} INFO - Setting next_dagrun for etl_aracaju to None, run_after=None
[2025-12-17T23:38:46.226+0000] {processor.py:183} INFO - Processing /opt/airflow/dags/etl_aracaju.py took 0.592 seconds
[2025-12-17T23:39:16.598+0000] {processor.py:161} INFO - Started process (PID=351) to work on /opt/airflow/dags/etl_aracaju.py
[2025-12-17T23:39:16.599+0000] {processor.py:830} INFO - Processing file /opt/airflow/dags/etl_aracaju.py for tasks to queue
[2025-12-17T23:39:16.600+0000] {logging_mixin.py:188} INFO - [2025-12-17T23:39:16.600+0000] {dagbag.py:545} INFO - Filling up the DagBag from /opt/airflow/dags/etl_aracaju.py
[2025-12-17T23:39:16.963+0000] {processor.py:840} INFO - DAG(s) 'etl_aracaju' retrieved from /opt/airflow/dags/etl_aracaju.py
[2025-12-17T23:39:16.998+0000] {logging_mixin.py:188} INFO - [2025-12-17T23:39:16.998+0000] {dag.py:3089} INFO - Sync 1 DAGs
[2025-12-17T23:39:17.012+0000] {logging_mixin.py:188} INFO - [2025-12-17T23:39:17.011+0000] {dag.py:3947} INFO - Setting next_dagrun for etl_aracaju to None, run_after=None
[2025-12-17T23:39:17.039+0000] {processor.py:183} INFO - Processing /opt/airflow/dags/etl_aracaju.py took 0.449 seconds
[2025-12-17T23:39:47.526+0000] {processor.py:161} INFO - Started process (PID=357) to work on /opt/airflow/dags/etl_aracaju.py
[2025-12-17T23:39:47.528+0000] {processor.py:830} INFO - Processing file /opt/airflow/dags/etl_aracaju.py for tasks to queue
[2025-12-17T23:39:47.529+0000] {logging_mixin.py:188} INFO - [2025-12-17T23:39:47.529+0000] {dagbag.py:545} INFO - Filling up the DagBag from /opt/airflow/dags/etl_aracaju.py
[2025-12-17T23:39:47.881+0000] {processor.py:840} INFO - DAG(s) 'etl_aracaju' retrieved from /opt/airflow/dags/etl_aracaju.py
[2025-12-17T23:39:47.917+0000] {logging_mixin.py:188} INFO - [2025-12-17T23:39:47.916+0000] {dag.py:3089} INFO - Sync 1 DAGs
[2025-12-17T23:39:47.931+0000] {logging_mixin.py:188} INFO - [2025-12-17T23:39:47.931+0000] {dag.py:3947} INFO - Setting next_dagrun for etl_aracaju to None, run_after=None
[2025-12-17T23:39:48.130+0000] {processor.py:183} INFO - Processing /opt/airflow/dags/etl_aracaju.py took 0.611 seconds
[2025-12-17T23:40:18.938+0000] {processor.py:161} INFO - Started process (PID=363) to work on /opt/airflow/dags/etl_aracaju.py
[2025-12-17T23:40:18.939+0000] {processor.py:830} INFO - Processing file /opt/airflow/dags/etl_aracaju.py for tasks to queue
[2025-12-17T23:40:18.940+0000] {logging_mixin.py:188} INFO - [2025-12-17T23:40:18.940+0000] {dagbag.py:545} INFO - Filling up the DagBag from /opt/airflow/dags/etl_aracaju.py
[2025-12-17T23:40:19.433+0000] {processor.py:840} INFO - DAG(s) 'etl_aracaju' retrieved from /opt/airflow/dags/etl_aracaju.py
[2025-12-17T23:40:19.468+0000] {logging_mixin.py:188} INFO - [2025-12-17T23:40:19.466+0000] {dag.py:3089} INFO - Sync 1 DAGs
[2025-12-17T23:40:19.643+0000] {logging_mixin.py:188} INFO - [2025-12-17T23:40:19.643+0000] {dag.py:3947} INFO - Setting next_dagrun for etl_aracaju to None, run_after=None
[2025-12-17T23:40:19.676+0000] {processor.py:183} INFO - Processing /opt/airflow/dags/etl_aracaju.py took 0.746 seconds
[2025-12-17T23:40:50.278+0000] {processor.py:161} INFO - Started process (PID=369) to work on /opt/airflow/dags/etl_aracaju.py
[2025-12-17T23:40:50.280+0000] {processor.py:830} INFO - Processing file /opt/airflow/dags/etl_aracaju.py for tasks to queue
[2025-12-17T23:40:50.281+0000] {logging_mixin.py:188} INFO - [2025-12-17T23:40:50.281+0000] {dagbag.py:545} INFO - Filling up the DagBag from /opt/airflow/dags/etl_aracaju.py
[2025-12-17T23:40:50.833+0000] {processor.py:840} INFO - DAG(s) 'etl_aracaju' retrieved from /opt/airflow/dags/etl_aracaju.py
[2025-12-17T23:40:50.889+0000] {logging_mixin.py:188} INFO - [2025-12-17T23:40:50.886+0000] {dag.py:3089} INFO - Sync 1 DAGs
[2025-12-17T23:40:51.105+0000] {logging_mixin.py:188} INFO - [2025-12-17T23:40:51.105+0000] {dag.py:3947} INFO - Setting next_dagrun for etl_aracaju to None, run_after=None
[2025-12-17T23:40:51.138+0000] {processor.py:183} INFO - Processing /opt/airflow/dags/etl_aracaju.py took 0.883 seconds
[2025-12-17T23:41:21.476+0000] {processor.py:161} INFO - Started process (PID=378) to work on /opt/airflow/dags/etl_aracaju.py
[2025-12-17T23:41:21.477+0000] {processor.py:830} INFO - Processing file /opt/airflow/dags/etl_aracaju.py for tasks to queue
[2025-12-17T23:41:21.479+0000] {logging_mixin.py:188} INFO - [2025-12-17T23:41:21.478+0000] {dagbag.py:545} INFO - Filling up the DagBag from /opt/airflow/dags/etl_aracaju.py
[2025-12-17T23:41:21.939+0000] {processor.py:840} INFO - DAG(s) 'etl_aracaju' retrieved from /opt/airflow/dags/etl_aracaju.py
[2025-12-17T23:41:21.983+0000] {logging_mixin.py:188} INFO - [2025-12-17T23:41:21.982+0000] {dag.py:3089} INFO - Sync 1 DAGs
[2025-12-17T23:41:22.013+0000] {logging_mixin.py:188} INFO - [2025-12-17T23:41:22.012+0000] {dag.py:3947} INFO - Setting next_dagrun for etl_aracaju to None, run_after=None
[2025-12-17T23:41:22.053+0000] {processor.py:183} INFO - Processing /opt/airflow/dags/etl_aracaju.py took 0.587 seconds
[2025-12-17T23:41:52.184+0000] {processor.py:161} INFO - Started process (PID=384) to work on /opt/airflow/dags/etl_aracaju.py
[2025-12-17T23:41:52.185+0000] {processor.py:830} INFO - Processing file /opt/airflow/dags/etl_aracaju.py for tasks to queue
[2025-12-17T23:41:52.187+0000] {logging_mixin.py:188} INFO - [2025-12-17T23:41:52.186+0000] {dagbag.py:545} INFO - Filling up the DagBag from /opt/airflow/dags/etl_aracaju.py
[2025-12-17T23:41:52.571+0000] {processor.py:840} INFO - DAG(s) 'etl_aracaju' retrieved from /opt/airflow/dags/etl_aracaju.py
[2025-12-17T23:41:52.619+0000] {logging_mixin.py:188} INFO - [2025-12-17T23:41:52.618+0000] {dag.py:3089} INFO - Sync 1 DAGs
[2025-12-17T23:41:52.638+0000] {logging_mixin.py:188} INFO - [2025-12-17T23:41:52.638+0000] {dag.py:3947} INFO - Setting next_dagrun for etl_aracaju to None, run_after=None
[2025-12-17T23:41:52.698+0000] {processor.py:183} INFO - Processing /opt/airflow/dags/etl_aracaju.py took 0.522 seconds
[2025-12-17T23:42:23.219+0000] {processor.py:161} INFO - Started process (PID=390) to work on /opt/airflow/dags/etl_aracaju.py
[2025-12-17T23:42:23.220+0000] {processor.py:830} INFO - Processing file /opt/airflow/dags/etl_aracaju.py for tasks to queue
[2025-12-17T23:42:23.222+0000] {logging_mixin.py:188} INFO - [2025-12-17T23:42:23.221+0000] {dagbag.py:545} INFO - Filling up the DagBag from /opt/airflow/dags/etl_aracaju.py
[2025-12-17T23:42:23.754+0000] {processor.py:840} INFO - DAG(s) 'etl_aracaju' retrieved from /opt/airflow/dags/etl_aracaju.py
[2025-12-17T23:42:23.792+0000] {logging_mixin.py:188} INFO - [2025-12-17T23:42:23.791+0000] {dag.py:3089} INFO - Sync 1 DAGs
[2025-12-17T23:42:23.806+0000] {logging_mixin.py:188} INFO - [2025-12-17T23:42:23.805+0000] {dag.py:3947} INFO - Setting next_dagrun for etl_aracaju to None, run_after=None
[2025-12-17T23:42:23.836+0000] {processor.py:183} INFO - Processing /opt/airflow/dags/etl_aracaju.py took 0.626 seconds
[2025-12-17T23:42:54.483+0000] {processor.py:161} INFO - Started process (PID=402) to work on /opt/airflow/dags/etl_aracaju.py
[2025-12-17T23:42:54.484+0000] {processor.py:830} INFO - Processing file /opt/airflow/dags/etl_aracaju.py for tasks to queue
[2025-12-17T23:42:54.485+0000] {logging_mixin.py:188} INFO - [2025-12-17T23:42:54.485+0000] {dagbag.py:545} INFO - Filling up the DagBag from /opt/airflow/dags/etl_aracaju.py
[2025-12-17T23:42:54.904+0000] {processor.py:840} INFO - DAG(s) 'etl_aracaju' retrieved from /opt/airflow/dags/etl_aracaju.py
[2025-12-17T23:42:54.945+0000] {logging_mixin.py:188} INFO - [2025-12-17T23:42:54.945+0000] {dag.py:3089} INFO - Sync 1 DAGs
[2025-12-17T23:42:54.968+0000] {logging_mixin.py:188} INFO - [2025-12-17T23:42:54.967+0000] {dag.py:3947} INFO - Setting next_dagrun for etl_aracaju to None, run_after=None
[2025-12-17T23:42:55.167+0000] {processor.py:183} INFO - Processing /opt/airflow/dags/etl_aracaju.py took 0.693 seconds
[2025-12-17T23:43:25.587+0000] {processor.py:161} INFO - Started process (PID=408) to work on /opt/airflow/dags/etl_aracaju.py
[2025-12-17T23:43:25.589+0000] {processor.py:830} INFO - Processing file /opt/airflow/dags/etl_aracaju.py for tasks to queue
[2025-12-17T23:43:25.590+0000] {logging_mixin.py:188} INFO - [2025-12-17T23:43:25.590+0000] {dagbag.py:545} INFO - Filling up the DagBag from /opt/airflow/dags/etl_aracaju.py
[2025-12-17T23:43:26.023+0000] {processor.py:840} INFO - DAG(s) 'etl_aracaju' retrieved from /opt/airflow/dags/etl_aracaju.py
[2025-12-17T23:43:26.068+0000] {logging_mixin.py:188} INFO - [2025-12-17T23:43:26.067+0000] {dag.py:3089} INFO - Sync 1 DAGs
[2025-12-17T23:43:26.086+0000] {logging_mixin.py:188} INFO - [2025-12-17T23:43:26.085+0000] {dag.py:3947} INFO - Setting next_dagrun for etl_aracaju to None, run_after=None
[2025-12-17T23:43:26.285+0000] {processor.py:183} INFO - Processing /opt/airflow/dags/etl_aracaju.py took 0.706 seconds
[2025-12-17T23:43:57.096+0000] {processor.py:161} INFO - Started process (PID=414) to work on /opt/airflow/dags/etl_aracaju.py
[2025-12-17T23:43:57.098+0000] {processor.py:830} INFO - Processing file /opt/airflow/dags/etl_aracaju.py for tasks to queue
[2025-12-17T23:43:57.100+0000] {logging_mixin.py:188} INFO - [2025-12-17T23:43:57.099+0000] {dagbag.py:545} INFO - Filling up the DagBag from /opt/airflow/dags/etl_aracaju.py
[2025-12-17T23:43:57.611+0000] {processor.py:840} INFO - DAG(s) 'etl_aracaju' retrieved from /opt/airflow/dags/etl_aracaju.py
[2025-12-17T23:43:57.662+0000] {logging_mixin.py:188} INFO - [2025-12-17T23:43:57.660+0000] {dag.py:3089} INFO - Sync 1 DAGs
[2025-12-17T23:43:57.841+0000] {logging_mixin.py:188} INFO - [2025-12-17T23:43:57.841+0000] {dag.py:3947} INFO - Setting next_dagrun for etl_aracaju to None, run_after=None
[2025-12-17T23:43:57.868+0000] {processor.py:183} INFO - Processing /opt/airflow/dags/etl_aracaju.py took 0.781 seconds
[2025-12-17T23:44:28.193+0000] {processor.py:161} INFO - Started process (PID=420) to work on /opt/airflow/dags/etl_aracaju.py
[2025-12-17T23:44:28.194+0000] {processor.py:830} INFO - Processing file /opt/airflow/dags/etl_aracaju.py for tasks to queue
[2025-12-17T23:44:28.196+0000] {logging_mixin.py:188} INFO - [2025-12-17T23:44:28.195+0000] {dagbag.py:545} INFO - Filling up the DagBag from /opt/airflow/dags/etl_aracaju.py
[2025-12-17T23:44:28.663+0000] {processor.py:840} INFO - DAG(s) 'etl_aracaju' retrieved from /opt/airflow/dags/etl_aracaju.py
[2025-12-17T23:44:28.701+0000] {logging_mixin.py:188} INFO - [2025-12-17T23:44:28.701+0000] {dag.py:3089} INFO - Sync 1 DAGs
[2025-12-17T23:44:28.720+0000] {logging_mixin.py:188} INFO - [2025-12-17T23:44:28.719+0000] {dag.py:3947} INFO - Setting next_dagrun for etl_aracaju to None, run_after=None
[2025-12-17T23:44:28.758+0000] {processor.py:183} INFO - Processing /opt/airflow/dags/etl_aracaju.py took 0.575 seconds
[2025-12-17T23:44:58.956+0000] {processor.py:161} INFO - Started process (PID=429) to work on /opt/airflow/dags/etl_aracaju.py
[2025-12-17T23:44:58.958+0000] {processor.py:830} INFO - Processing file /opt/airflow/dags/etl_aracaju.py for tasks to queue
[2025-12-17T23:44:58.960+0000] {logging_mixin.py:188} INFO - [2025-12-17T23:44:58.960+0000] {dagbag.py:545} INFO - Filling up the DagBag from /opt/airflow/dags/etl_aracaju.py
[2025-12-17T23:44:59.435+0000] {processor.py:840} INFO - DAG(s) 'etl_aracaju' retrieved from /opt/airflow/dags/etl_aracaju.py
[2025-12-17T23:44:59.484+0000] {logging_mixin.py:188} INFO - [2025-12-17T23:44:59.484+0000] {dag.py:3089} INFO - Sync 1 DAGs
[2025-12-17T23:44:59.502+0000] {logging_mixin.py:188} INFO - [2025-12-17T23:44:59.502+0000] {dag.py:3947} INFO - Setting next_dagrun for etl_aracaju to None, run_after=None
[2025-12-17T23:44:59.535+0000] {processor.py:183} INFO - Processing /opt/airflow/dags/etl_aracaju.py took 0.589 seconds
[2025-12-17T23:45:29.880+0000] {processor.py:161} INFO - Started process (PID=435) to work on /opt/airflow/dags/etl_aracaju.py
[2025-12-17T23:45:29.882+0000] {processor.py:830} INFO - Processing file /opt/airflow/dags/etl_aracaju.py for tasks to queue
[2025-12-17T23:45:29.884+0000] {logging_mixin.py:188} INFO - [2025-12-17T23:45:29.884+0000] {dagbag.py:545} INFO - Filling up the DagBag from /opt/airflow/dags/etl_aracaju.py
[2025-12-17T23:45:30.382+0000] {processor.py:840} INFO - DAG(s) 'etl_aracaju' retrieved from /opt/airflow/dags/etl_aracaju.py
[2025-12-17T23:45:30.424+0000] {logging_mixin.py:188} INFO - [2025-12-17T23:45:30.424+0000] {dag.py:3089} INFO - Sync 1 DAGs
[2025-12-17T23:45:30.441+0000] {logging_mixin.py:188} INFO - [2025-12-17T23:45:30.440+0000] {dag.py:3947} INFO - Setting next_dagrun for etl_aracaju to None, run_after=None
[2025-12-17T23:45:30.480+0000] {processor.py:183} INFO - Processing /opt/airflow/dags/etl_aracaju.py took 0.611 seconds
[2025-12-17T23:46:00.664+0000] {processor.py:161} INFO - Started process (PID=444) to work on /opt/airflow/dags/etl_aracaju.py
[2025-12-17T23:46:00.666+0000] {processor.py:830} INFO - Processing file /opt/airflow/dags/etl_aracaju.py for tasks to queue
[2025-12-17T23:46:00.667+0000] {logging_mixin.py:188} INFO - [2025-12-17T23:46:00.666+0000] {dagbag.py:545} INFO - Filling up the DagBag from /opt/airflow/dags/etl_aracaju.py
[2025-12-17T23:46:01.096+0000] {processor.py:840} INFO - DAG(s) 'etl_aracaju' retrieved from /opt/airflow/dags/etl_aracaju.py
[2025-12-17T23:46:01.146+0000] {logging_mixin.py:188} INFO - [2025-12-17T23:46:01.146+0000] {dag.py:3089} INFO - Sync 1 DAGs
[2025-12-17T23:46:01.161+0000] {logging_mixin.py:188} INFO - [2025-12-17T23:46:01.161+0000] {dag.py:3947} INFO - Setting next_dagrun for etl_aracaju to None, run_after=None
[2025-12-17T23:46:01.362+0000] {processor.py:183} INFO - Processing /opt/airflow/dags/etl_aracaju.py took 0.706 seconds
[2025-12-17T23:46:32.238+0000] {processor.py:161} INFO - Started process (PID=450) to work on /opt/airflow/dags/etl_aracaju.py
[2025-12-17T23:46:32.242+0000] {processor.py:830} INFO - Processing file /opt/airflow/dags/etl_aracaju.py for tasks to queue
[2025-12-17T23:46:32.247+0000] {logging_mixin.py:188} INFO - [2025-12-17T23:46:32.246+0000] {dagbag.py:545} INFO - Filling up the DagBag from /opt/airflow/dags/etl_aracaju.py
[2025-12-17T23:46:32.658+0000] {processor.py:840} INFO - DAG(s) 'etl_aracaju' retrieved from /opt/airflow/dags/etl_aracaju.py
[2025-12-17T23:46:32.698+0000] {logging_mixin.py:188} INFO - [2025-12-17T23:46:32.697+0000] {dag.py:3089} INFO - Sync 1 DAGs
[2025-12-17T23:46:32.721+0000] {logging_mixin.py:188} INFO - [2025-12-17T23:46:32.720+0000] {dag.py:3947} INFO - Setting next_dagrun for etl_aracaju to None, run_after=None
[2025-12-17T23:46:32.949+0000] {processor.py:183} INFO - Processing /opt/airflow/dags/etl_aracaju.py took 0.719 seconds
[2025-12-17T23:47:03.225+0000] {processor.py:161} INFO - Started process (PID=459) to work on /opt/airflow/dags/etl_aracaju.py
[2025-12-17T23:47:03.227+0000] {processor.py:830} INFO - Processing file /opt/airflow/dags/etl_aracaju.py for tasks to queue
[2025-12-17T23:47:03.229+0000] {logging_mixin.py:188} INFO - [2025-12-17T23:47:03.228+0000] {dagbag.py:545} INFO - Filling up the DagBag from /opt/airflow/dags/etl_aracaju.py
[2025-12-17T23:47:03.685+0000] {processor.py:840} INFO - DAG(s) 'etl_aracaju' retrieved from /opt/airflow/dags/etl_aracaju.py
[2025-12-17T23:47:03.913+0000] {logging_mixin.py:188} INFO - [2025-12-17T23:47:03.727+0000] {dag.py:3089} INFO - Sync 1 DAGs
[2025-12-17T23:47:03.927+0000] {logging_mixin.py:188} INFO - [2025-12-17T23:47:03.927+0000] {dag.py:3947} INFO - Setting next_dagrun for etl_aracaju to None, run_after=None
[2025-12-17T23:47:03.957+0000] {processor.py:183} INFO - Processing /opt/airflow/dags/etl_aracaju.py took 0.745 seconds
[2025-12-17T23:47:34.142+0000] {processor.py:161} INFO - Started process (PID=465) to work on /opt/airflow/dags/etl_aracaju.py
[2025-12-17T23:47:34.144+0000] {processor.py:830} INFO - Processing file /opt/airflow/dags/etl_aracaju.py for tasks to queue
[2025-12-17T23:47:34.145+0000] {logging_mixin.py:188} INFO - [2025-12-17T23:47:34.145+0000] {dagbag.py:545} INFO - Filling up the DagBag from /opt/airflow/dags/etl_aracaju.py
[2025-12-17T23:47:34.532+0000] {processor.py:840} INFO - DAG(s) 'etl_aracaju' retrieved from /opt/airflow/dags/etl_aracaju.py
[2025-12-17T23:47:34.575+0000] {logging_mixin.py:188} INFO - [2025-12-17T23:47:34.575+0000] {dag.py:3089} INFO - Sync 1 DAGs
[2025-12-17T23:47:34.589+0000] {logging_mixin.py:188} INFO - [2025-12-17T23:47:34.589+0000] {dag.py:3947} INFO - Setting next_dagrun for etl_aracaju to None, run_after=None
[2025-12-17T23:47:34.615+0000] {processor.py:183} INFO - Processing /opt/airflow/dags/etl_aracaju.py took 0.482 seconds
[2025-12-17T23:48:04.711+0000] {processor.py:161} INFO - Started process (PID=471) to work on /opt/airflow/dags/etl_aracaju.py
[2025-12-17T23:48:04.713+0000] {processor.py:830} INFO - Processing file /opt/airflow/dags/etl_aracaju.py for tasks to queue
[2025-12-17T23:48:04.714+0000] {logging_mixin.py:188} INFO - [2025-12-17T23:48:04.714+0000] {dagbag.py:545} INFO - Filling up the DagBag from /opt/airflow/dags/etl_aracaju.py
[2025-12-17T23:48:05.128+0000] {processor.py:840} INFO - DAG(s) 'etl_aracaju' retrieved from /opt/airflow/dags/etl_aracaju.py
[2025-12-17T23:48:05.167+0000] {logging_mixin.py:188} INFO - [2025-12-17T23:48:05.166+0000] {dag.py:3089} INFO - Sync 1 DAGs
[2025-12-17T23:48:05.181+0000] {logging_mixin.py:188} INFO - [2025-12-17T23:48:05.180+0000] {dag.py:3947} INFO - Setting next_dagrun for etl_aracaju to None, run_after=None
[2025-12-17T23:48:05.208+0000] {processor.py:183} INFO - Processing /opt/airflow/dags/etl_aracaju.py took 0.506 seconds
[2025-12-17T23:48:36.154+0000] {processor.py:161} INFO - Started process (PID=477) to work on /opt/airflow/dags/etl_aracaju.py
[2025-12-17T23:48:36.158+0000] {processor.py:830} INFO - Processing file /opt/airflow/dags/etl_aracaju.py for tasks to queue
[2025-12-17T23:48:36.161+0000] {logging_mixin.py:188} INFO - [2025-12-17T23:48:36.160+0000] {dagbag.py:545} INFO - Filling up the DagBag from /opt/airflow/dags/etl_aracaju.py
[2025-12-17T23:48:36.540+0000] {processor.py:840} INFO - DAG(s) 'etl_aracaju' retrieved from /opt/airflow/dags/etl_aracaju.py
[2025-12-17T23:48:36.576+0000] {logging_mixin.py:188} INFO - [2025-12-17T23:48:36.576+0000] {dag.py:3089} INFO - Sync 1 DAGs
[2025-12-17T23:48:36.591+0000] {logging_mixin.py:188} INFO - [2025-12-17T23:48:36.591+0000] {dag.py:3947} INFO - Setting next_dagrun for etl_aracaju to None, run_after=None
[2025-12-17T23:48:36.619+0000] {processor.py:183} INFO - Processing /opt/airflow/dags/etl_aracaju.py took 0.472 seconds
[2025-12-17T23:49:06.871+0000] {processor.py:161} INFO - Started process (PID=483) to work on /opt/airflow/dags/etl_aracaju.py
[2025-12-17T23:49:06.872+0000] {processor.py:830} INFO - Processing file /opt/airflow/dags/etl_aracaju.py for tasks to queue
[2025-12-17T23:49:06.874+0000] {logging_mixin.py:188} INFO - [2025-12-17T23:49:06.873+0000] {dagbag.py:545} INFO - Filling up the DagBag from /opt/airflow/dags/etl_aracaju.py
[2025-12-17T23:49:07.220+0000] {processor.py:840} INFO - DAG(s) 'etl_aracaju' retrieved from /opt/airflow/dags/etl_aracaju.py
[2025-12-17T23:49:07.255+0000] {logging_mixin.py:188} INFO - [2025-12-17T23:49:07.254+0000] {dag.py:3089} INFO - Sync 1 DAGs
[2025-12-17T23:49:07.271+0000] {logging_mixin.py:188} INFO - [2025-12-17T23:49:07.270+0000] {dag.py:3947} INFO - Setting next_dagrun for etl_aracaju to None, run_after=None
[2025-12-17T23:49:07.442+0000] {processor.py:183} INFO - Processing /opt/airflow/dags/etl_aracaju.py took 0.581 seconds
[2025-12-17T23:49:38.348+0000] {processor.py:161} INFO - Started process (PID=489) to work on /opt/airflow/dags/etl_aracaju.py
[2025-12-17T23:49:38.349+0000] {processor.py:830} INFO - Processing file /opt/airflow/dags/etl_aracaju.py for tasks to queue
[2025-12-17T23:49:38.350+0000] {logging_mixin.py:188} INFO - [2025-12-17T23:49:38.350+0000] {dagbag.py:545} INFO - Filling up the DagBag from /opt/airflow/dags/etl_aracaju.py
[2025-12-17T23:49:38.687+0000] {processor.py:840} INFO - DAG(s) 'etl_aracaju' retrieved from /opt/airflow/dags/etl_aracaju.py
[2025-12-17T23:49:38.720+0000] {logging_mixin.py:188} INFO - [2025-12-17T23:49:38.720+0000] {dag.py:3089} INFO - Sync 1 DAGs
[2025-12-17T23:49:38.736+0000] {logging_mixin.py:188} INFO - [2025-12-17T23:49:38.736+0000] {dag.py:3947} INFO - Setting next_dagrun for etl_aracaju to None, run_after=None
[2025-12-17T23:49:38.905+0000] {processor.py:183} INFO - Processing /opt/airflow/dags/etl_aracaju.py took 0.564 seconds
[2025-12-17T23:50:09.288+0000] {processor.py:161} INFO - Started process (PID=495) to work on /opt/airflow/dags/etl_aracaju.py
[2025-12-17T23:50:09.289+0000] {processor.py:830} INFO - Processing file /opt/airflow/dags/etl_aracaju.py for tasks to queue
[2025-12-17T23:50:09.291+0000] {logging_mixin.py:188} INFO - [2025-12-17T23:50:09.290+0000] {dagbag.py:545} INFO - Filling up the DagBag from /opt/airflow/dags/etl_aracaju.py
[2025-12-17T23:50:09.659+0000] {processor.py:840} INFO - DAG(s) 'etl_aracaju' retrieved from /opt/airflow/dags/etl_aracaju.py
[2025-12-17T23:50:09.696+0000] {logging_mixin.py:188} INFO - [2025-12-17T23:50:09.695+0000] {dag.py:3089} INFO - Sync 1 DAGs
[2025-12-17T23:50:09.867+0000] {logging_mixin.py:188} INFO - [2025-12-17T23:50:09.866+0000] {dag.py:3947} INFO - Setting next_dagrun for etl_aracaju to None, run_after=None
[2025-12-17T23:50:09.892+0000] {processor.py:183} INFO - Processing /opt/airflow/dags/etl_aracaju.py took 0.612 seconds
[2025-12-17T23:50:40.754+0000] {processor.py:161} INFO - Started process (PID=501) to work on /opt/airflow/dags/etl_aracaju.py
[2025-12-17T23:50:40.756+0000] {processor.py:830} INFO - Processing file /opt/airflow/dags/etl_aracaju.py for tasks to queue
[2025-12-17T23:50:40.757+0000] {logging_mixin.py:188} INFO - [2025-12-17T23:50:40.757+0000] {dagbag.py:545} INFO - Filling up the DagBag from /opt/airflow/dags/etl_aracaju.py
[2025-12-17T23:50:41.176+0000] {processor.py:840} INFO - DAG(s) 'etl_aracaju' retrieved from /opt/airflow/dags/etl_aracaju.py
[2025-12-17T23:50:41.213+0000] {logging_mixin.py:188} INFO - [2025-12-17T23:50:41.212+0000] {dag.py:3089} INFO - Sync 1 DAGs
[2025-12-17T23:50:41.227+0000] {logging_mixin.py:188} INFO - [2025-12-17T23:50:41.227+0000] {dag.py:3947} INFO - Setting next_dagrun for etl_aracaju to None, run_after=None
[2025-12-17T23:50:41.253+0000] {processor.py:183} INFO - Processing /opt/airflow/dags/etl_aracaju.py took 0.508 seconds
[2025-12-17T23:51:11.700+0000] {processor.py:161} INFO - Started process (PID=507) to work on /opt/airflow/dags/etl_aracaju.py
[2025-12-17T23:51:11.702+0000] {processor.py:830} INFO - Processing file /opt/airflow/dags/etl_aracaju.py for tasks to queue
[2025-12-17T23:51:11.703+0000] {logging_mixin.py:188} INFO - [2025-12-17T23:51:11.703+0000] {dagbag.py:545} INFO - Filling up the DagBag from /opt/airflow/dags/etl_aracaju.py
[2025-12-17T23:51:12.072+0000] {processor.py:840} INFO - DAG(s) 'etl_aracaju' retrieved from /opt/airflow/dags/etl_aracaju.py
[2025-12-17T23:51:12.111+0000] {logging_mixin.py:188} INFO - [2025-12-17T23:51:12.110+0000] {dag.py:3089} INFO - Sync 1 DAGs
[2025-12-17T23:51:12.126+0000] {logging_mixin.py:188} INFO - [2025-12-17T23:51:12.125+0000] {dag.py:3947} INFO - Setting next_dagrun for etl_aracaju to None, run_after=None
[2025-12-17T23:51:12.151+0000] {processor.py:183} INFO - Processing /opt/airflow/dags/etl_aracaju.py took 0.459 seconds
[2025-12-17T23:51:42.470+0000] {processor.py:161} INFO - Started process (PID=513) to work on /opt/airflow/dags/etl_aracaju.py
[2025-12-17T23:51:42.471+0000] {processor.py:830} INFO - Processing file /opt/airflow/dags/etl_aracaju.py for tasks to queue
[2025-12-17T23:51:42.473+0000] {logging_mixin.py:188} INFO - [2025-12-17T23:51:42.472+0000] {dagbag.py:545} INFO - Filling up the DagBag from /opt/airflow/dags/etl_aracaju.py
[2025-12-17T23:51:42.841+0000] {processor.py:840} INFO - DAG(s) 'etl_aracaju' retrieved from /opt/airflow/dags/etl_aracaju.py
[2025-12-17T23:51:42.877+0000] {logging_mixin.py:188} INFO - [2025-12-17T23:51:42.877+0000] {dag.py:3089} INFO - Sync 1 DAGs
[2025-12-17T23:51:42.892+0000] {logging_mixin.py:188} INFO - [2025-12-17T23:51:42.891+0000] {dag.py:3947} INFO - Setting next_dagrun for etl_aracaju to None, run_after=None
[2025-12-17T23:51:42.920+0000] {processor.py:183} INFO - Processing /opt/airflow/dags/etl_aracaju.py took 0.457 seconds
[2025-12-17T23:52:13.030+0000] {processor.py:161} INFO - Started process (PID=519) to work on /opt/airflow/dags/etl_aracaju.py
[2025-12-17T23:52:13.032+0000] {processor.py:830} INFO - Processing file /opt/airflow/dags/etl_aracaju.py for tasks to queue
[2025-12-17T23:52:13.034+0000] {logging_mixin.py:188} INFO - [2025-12-17T23:52:13.033+0000] {dagbag.py:545} INFO - Filling up the DagBag from /opt/airflow/dags/etl_aracaju.py
[2025-12-17T23:52:13.418+0000] {processor.py:840} INFO - DAG(s) 'etl_aracaju' retrieved from /opt/airflow/dags/etl_aracaju.py
[2025-12-17T23:52:13.457+0000] {logging_mixin.py:188} INFO - [2025-12-17T23:52:13.456+0000] {dag.py:3089} INFO - Sync 1 DAGs
[2025-12-17T23:52:13.478+0000] {logging_mixin.py:188} INFO - [2025-12-17T23:52:13.477+0000] {dag.py:3947} INFO - Setting next_dagrun for etl_aracaju to None, run_after=None
[2025-12-17T23:52:13.667+0000] {processor.py:183} INFO - Processing /opt/airflow/dags/etl_aracaju.py took 0.653 seconds
[2025-12-17T23:52:44.447+0000] {processor.py:161} INFO - Started process (PID=525) to work on /opt/airflow/dags/etl_aracaju.py
[2025-12-17T23:52:44.448+0000] {processor.py:830} INFO - Processing file /opt/airflow/dags/etl_aracaju.py for tasks to queue
[2025-12-17T23:52:44.450+0000] {logging_mixin.py:188} INFO - [2025-12-17T23:52:44.449+0000] {dagbag.py:545} INFO - Filling up the DagBag from /opt/airflow/dags/etl_aracaju.py
[2025-12-17T23:52:44.809+0000] {processor.py:840} INFO - DAG(s) 'etl_aracaju' retrieved from /opt/airflow/dags/etl_aracaju.py
[2025-12-17T23:52:44.847+0000] {logging_mixin.py:188} INFO - [2025-12-17T23:52:44.846+0000] {dag.py:3089} INFO - Sync 1 DAGs
[2025-12-17T23:52:44.863+0000] {logging_mixin.py:188} INFO - [2025-12-17T23:52:44.863+0000] {dag.py:3947} INFO - Setting next_dagrun for etl_aracaju to None, run_after=None
[2025-12-17T23:52:45.055+0000] {processor.py:183} INFO - Processing /opt/airflow/dags/etl_aracaju.py took 0.622 seconds
[2025-12-17T23:53:15.608+0000] {processor.py:161} INFO - Started process (PID=531) to work on /opt/airflow/dags/etl_aracaju.py
[2025-12-17T23:53:15.609+0000] {processor.py:830} INFO - Processing file /opt/airflow/dags/etl_aracaju.py for tasks to queue
[2025-12-17T23:53:15.611+0000] {logging_mixin.py:188} INFO - [2025-12-17T23:53:15.611+0000] {dagbag.py:545} INFO - Filling up the DagBag from /opt/airflow/dags/etl_aracaju.py
[2025-12-17T23:53:15.973+0000] {processor.py:840} INFO - DAG(s) 'etl_aracaju' retrieved from /opt/airflow/dags/etl_aracaju.py
[2025-12-17T23:53:16.170+0000] {logging_mixin.py:188} INFO - [2025-12-17T23:53:16.012+0000] {dag.py:3089} INFO - Sync 1 DAGs
[2025-12-17T23:53:16.187+0000] {logging_mixin.py:188} INFO - [2025-12-17T23:53:16.187+0000] {dag.py:3947} INFO - Setting next_dagrun for etl_aracaju to None, run_after=None
[2025-12-17T23:53:16.210+0000] {processor.py:183} INFO - Processing /opt/airflow/dags/etl_aracaju.py took 0.611 seconds
[2025-12-17T23:53:46.458+0000] {processor.py:161} INFO - Started process (PID=537) to work on /opt/airflow/dags/etl_aracaju.py
[2025-12-17T23:53:46.460+0000] {processor.py:830} INFO - Processing file /opt/airflow/dags/etl_aracaju.py for tasks to queue
[2025-12-17T23:53:46.461+0000] {logging_mixin.py:188} INFO - [2025-12-17T23:53:46.461+0000] {dagbag.py:545} INFO - Filling up the DagBag from /opt/airflow/dags/etl_aracaju.py
[2025-12-17T23:53:46.838+0000] {processor.py:840} INFO - DAG(s) 'etl_aracaju' retrieved from /opt/airflow/dags/etl_aracaju.py
[2025-12-17T23:53:47.030+0000] {logging_mixin.py:188} INFO - [2025-12-17T23:53:47.030+0000] {dag.py:3089} INFO - Sync 1 DAGs
[2025-12-17T23:53:47.042+0000] {logging_mixin.py:188} INFO - [2025-12-17T23:53:47.042+0000] {dag.py:3947} INFO - Setting next_dagrun for etl_aracaju to None, run_after=None
[2025-12-17T23:53:47.068+0000] {processor.py:183} INFO - Processing /opt/airflow/dags/etl_aracaju.py took 0.623 seconds
[2025-12-17T23:54:17.568+0000] {processor.py:161} INFO - Started process (PID=543) to work on /opt/airflow/dags/etl_aracaju.py
[2025-12-17T23:54:17.570+0000] {processor.py:830} INFO - Processing file /opt/airflow/dags/etl_aracaju.py for tasks to queue
[2025-12-17T23:54:17.572+0000] {logging_mixin.py:188} INFO - [2025-12-17T23:54:17.571+0000] {dagbag.py:545} INFO - Filling up the DagBag from /opt/airflow/dags/etl_aracaju.py
[2025-12-17T23:54:18.004+0000] {processor.py:840} INFO - DAG(s) 'etl_aracaju' retrieved from /opt/airflow/dags/etl_aracaju.py
[2025-12-17T23:54:18.047+0000] {logging_mixin.py:188} INFO - [2025-12-17T23:54:18.046+0000] {dag.py:3089} INFO - Sync 1 DAGs
[2025-12-17T23:54:18.065+0000] {logging_mixin.py:188} INFO - [2025-12-17T23:54:18.064+0000] {dag.py:3947} INFO - Setting next_dagrun for etl_aracaju to None, run_after=None
[2025-12-17T23:54:18.096+0000] {processor.py:183} INFO - Processing /opt/airflow/dags/etl_aracaju.py took 0.553 seconds
[2025-12-17T23:54:48.939+0000] {processor.py:161} INFO - Started process (PID=549) to work on /opt/airflow/dags/etl_aracaju.py
[2025-12-17T23:54:48.941+0000] {processor.py:830} INFO - Processing file /opt/airflow/dags/etl_aracaju.py for tasks to queue
[2025-12-17T23:54:48.942+0000] {logging_mixin.py:188} INFO - [2025-12-17T23:54:48.942+0000] {dagbag.py:545} INFO - Filling up the DagBag from /opt/airflow/dags/etl_aracaju.py
[2025-12-17T23:54:49.380+0000] {processor.py:840} INFO - DAG(s) 'etl_aracaju' retrieved from /opt/airflow/dags/etl_aracaju.py
[2025-12-17T23:54:49.415+0000] {logging_mixin.py:188} INFO - [2025-12-17T23:54:49.415+0000] {dag.py:3089} INFO - Sync 1 DAGs
[2025-12-17T23:54:49.434+0000] {logging_mixin.py:188} INFO - [2025-12-17T23:54:49.434+0000] {dag.py:3947} INFO - Setting next_dagrun for etl_aracaju to None, run_after=None
[2025-12-17T23:54:49.463+0000] {processor.py:183} INFO - Processing /opt/airflow/dags/etl_aracaju.py took 0.534 seconds
[2025-12-17T23:55:19.829+0000] {processor.py:161} INFO - Started process (PID=555) to work on /opt/airflow/dags/etl_aracaju.py
[2025-12-17T23:55:19.843+0000] {processor.py:830} INFO - Processing file /opt/airflow/dags/etl_aracaju.py for tasks to queue
[2025-12-17T23:55:19.845+0000] {logging_mixin.py:188} INFO - [2025-12-17T23:55:19.844+0000] {dagbag.py:545} INFO - Filling up the DagBag from /opt/airflow/dags/etl_aracaju.py
[2025-12-17T23:55:20.357+0000] {processor.py:840} INFO - DAG(s) 'etl_aracaju' retrieved from /opt/airflow/dags/etl_aracaju.py
[2025-12-17T23:55:20.410+0000] {logging_mixin.py:188} INFO - [2025-12-17T23:55:20.409+0000] {dag.py:3089} INFO - Sync 1 DAGs
[2025-12-17T23:55:20.428+0000] {logging_mixin.py:188} INFO - [2025-12-17T23:55:20.428+0000] {dag.py:3947} INFO - Setting next_dagrun for etl_aracaju to None, run_after=None
[2025-12-17T23:55:20.624+0000] {processor.py:183} INFO - Processing /opt/airflow/dags/etl_aracaju.py took 0.808 seconds
[2025-12-17T23:55:51.048+0000] {processor.py:161} INFO - Started process (PID=561) to work on /opt/airflow/dags/etl_aracaju.py
[2025-12-17T23:55:51.147+0000] {processor.py:830} INFO - Processing file /opt/airflow/dags/etl_aracaju.py for tasks to queue
[2025-12-17T23:55:51.150+0000] {logging_mixin.py:188} INFO - [2025-12-17T23:55:51.149+0000] {dagbag.py:545} INFO - Filling up the DagBag from /opt/airflow/dags/etl_aracaju.py
[2025-12-17T23:55:51.684+0000] {processor.py:840} INFO - DAG(s) 'etl_aracaju' retrieved from /opt/airflow/dags/etl_aracaju.py
[2025-12-17T23:55:51.741+0000] {logging_mixin.py:188} INFO - [2025-12-17T23:55:51.739+0000] {dag.py:3089} INFO - Sync 1 DAGs
[2025-12-17T23:55:51.794+0000] {logging_mixin.py:188} INFO - [2025-12-17T23:55:51.794+0000] {dag.py:3947} INFO - Setting next_dagrun for etl_aracaju to None, run_after=None
[2025-12-17T23:55:52.271+0000] {processor.py:183} INFO - Processing /opt/airflow/dags/etl_aracaju.py took 1.251 seconds
[2025-12-17T23:56:23.301+0000] {processor.py:161} INFO - Started process (PID=567) to work on /opt/airflow/dags/etl_aracaju.py
[2025-12-17T23:56:23.303+0000] {processor.py:830} INFO - Processing file /opt/airflow/dags/etl_aracaju.py for tasks to queue
[2025-12-17T23:56:23.307+0000] {logging_mixin.py:188} INFO - [2025-12-17T23:56:23.306+0000] {dagbag.py:545} INFO - Filling up the DagBag from /opt/airflow/dags/etl_aracaju.py
[2025-12-17T23:56:24.686+0000] {processor.py:840} INFO - DAG(s) 'etl_aracaju' retrieved from /opt/airflow/dags/etl_aracaju.py
[2025-12-17T23:56:25.393+0000] {logging_mixin.py:188} INFO - [2025-12-17T23:56:24.828+0000] {dag.py:3089} INFO - Sync 1 DAGs
[2025-12-17T23:56:25.455+0000] {logging_mixin.py:188} INFO - [2025-12-17T23:56:25.454+0000] {dag.py:3947} INFO - Setting next_dagrun for etl_aracaju to None, run_after=None
[2025-12-17T23:56:25.552+0000] {processor.py:183} INFO - Processing /opt/airflow/dags/etl_aracaju.py took 2.306 seconds
[2025-12-17T23:56:55.990+0000] {processor.py:161} INFO - Started process (PID=573) to work on /opt/airflow/dags/etl_aracaju.py
[2025-12-17T23:56:56.103+0000] {processor.py:830} INFO - Processing file /opt/airflow/dags/etl_aracaju.py for tasks to queue
[2025-12-17T23:56:56.111+0000] {logging_mixin.py:188} INFO - [2025-12-17T23:56:56.110+0000] {dagbag.py:545} INFO - Filling up the DagBag from /opt/airflow/dags/etl_aracaju.py
[2025-12-17T23:56:57.772+0000] {processor.py:840} INFO - DAG(s) 'etl_aracaju' retrieved from /opt/airflow/dags/etl_aracaju.py
[2025-12-17T23:56:58.815+0000] {logging_mixin.py:188} INFO - [2025-12-17T23:56:58.814+0000] {dag.py:3089} INFO - Sync 1 DAGs
[2025-12-17T23:56:58.897+0000] {logging_mixin.py:188} INFO - [2025-12-17T23:56:58.896+0000] {dag.py:3947} INFO - Setting next_dagrun for etl_aracaju to None, run_after=None
[2025-12-17T23:56:59.010+0000] {processor.py:183} INFO - Processing /opt/airflow/dags/etl_aracaju.py took 3.067 seconds
[2025-12-17T23:57:29.897+0000] {processor.py:161} INFO - Started process (PID=579) to work on /opt/airflow/dags/etl_aracaju.py
[2025-12-17T23:57:29.902+0000] {processor.py:830} INFO - Processing file /opt/airflow/dags/etl_aracaju.py for tasks to queue
[2025-12-17T23:57:29.906+0000] {logging_mixin.py:188} INFO - [2025-12-17T23:57:29.905+0000] {dagbag.py:545} INFO - Filling up the DagBag from /opt/airflow/dags/etl_aracaju.py
[2025-12-17T23:57:31.514+0000] {processor.py:840} INFO - DAG(s) 'etl_aracaju' retrieved from /opt/airflow/dags/etl_aracaju.py
[2025-12-17T23:57:31.666+0000] {logging_mixin.py:188} INFO - [2025-12-17T23:57:31.665+0000] {dag.py:3089} INFO - Sync 1 DAGs
[2025-12-17T23:57:31.729+0000] {logging_mixin.py:188} INFO - [2025-12-17T23:57:31.724+0000] {dag.py:3947} INFO - Setting next_dagrun for etl_aracaju to None, run_after=None
[2025-12-17T23:57:31.811+0000] {processor.py:183} INFO - Processing /opt/airflow/dags/etl_aracaju.py took 1.993 seconds
[2025-12-17T23:58:02.467+0000] {processor.py:161} INFO - Started process (PID=585) to work on /opt/airflow/dags/etl_aracaju.py
[2025-12-17T23:58:02.471+0000] {processor.py:830} INFO - Processing file /opt/airflow/dags/etl_aracaju.py for tasks to queue
[2025-12-17T23:58:02.477+0000] {logging_mixin.py:188} INFO - [2025-12-17T23:58:02.476+0000] {dagbag.py:545} INFO - Filling up the DagBag from /opt/airflow/dags/etl_aracaju.py
[2025-12-17T23:58:04.311+0000] {processor.py:840} INFO - DAG(s) 'etl_aracaju' retrieved from /opt/airflow/dags/etl_aracaju.py
[2025-12-17T23:58:04.448+0000] {logging_mixin.py:188} INFO - [2025-12-17T23:58:04.447+0000] {dag.py:3089} INFO - Sync 1 DAGs
[2025-12-17T23:58:04.518+0000] {logging_mixin.py:188} INFO - [2025-12-17T23:58:04.517+0000] {dag.py:3947} INFO - Setting next_dagrun for etl_aracaju to None, run_after=None
[2025-12-17T23:58:04.596+0000] {processor.py:183} INFO - Processing /opt/airflow/dags/etl_aracaju.py took 2.192 seconds
[2025-12-17T23:58:34.833+0000] {processor.py:161} INFO - Started process (PID=591) to work on /opt/airflow/dags/etl_aracaju.py
[2025-12-17T23:58:34.839+0000] {processor.py:830} INFO - Processing file /opt/airflow/dags/etl_aracaju.py for tasks to queue
[2025-12-17T23:58:34.844+0000] {logging_mixin.py:188} INFO - [2025-12-17T23:58:34.843+0000] {dagbag.py:545} INFO - Filling up the DagBag from /opt/airflow/dags/etl_aracaju.py
[2025-12-17T23:58:36.388+0000] {processor.py:840} INFO - DAG(s) 'etl_aracaju' retrieved from /opt/airflow/dags/etl_aracaju.py
[2025-12-17T23:58:36.525+0000] {logging_mixin.py:188} INFO - [2025-12-17T23:58:36.524+0000] {dag.py:3089} INFO - Sync 1 DAGs
[2025-12-17T23:58:36.587+0000] {logging_mixin.py:188} INFO - [2025-12-17T23:58:36.586+0000] {dag.py:3947} INFO - Setting next_dagrun for etl_aracaju to None, run_after=None
[2025-12-17T23:58:37.198+0000] {processor.py:183} INFO - Processing /opt/airflow/dags/etl_aracaju.py took 2.392 seconds
[2025-12-17T23:59:07.515+0000] {processor.py:161} INFO - Started process (PID=597) to work on /opt/airflow/dags/etl_aracaju.py
[2025-12-17T23:59:07.522+0000] {processor.py:830} INFO - Processing file /opt/airflow/dags/etl_aracaju.py for tasks to queue
[2025-12-17T23:59:07.534+0000] {logging_mixin.py:188} INFO - [2025-12-17T23:59:07.533+0000] {dagbag.py:545} INFO - Filling up the DagBag from /opt/airflow/dags/etl_aracaju.py
[2025-12-17T23:59:09.188+0000] {processor.py:840} INFO - DAG(s) 'etl_aracaju' retrieved from /opt/airflow/dags/etl_aracaju.py
[2025-12-17T23:59:09.320+0000] {logging_mixin.py:188} INFO - [2025-12-17T23:59:09.307+0000] {dag.py:3089} INFO - Sync 1 DAGs
[2025-12-17T23:59:09.980+0000] {logging_mixin.py:188} INFO - [2025-12-17T23:59:09.980+0000] {dag.py:3947} INFO - Setting next_dagrun for etl_aracaju to None, run_after=None
[2025-12-17T23:59:10.088+0000] {processor.py:183} INFO - Processing /opt/airflow/dags/etl_aracaju.py took 2.606 seconds
[2025-12-17T23:59:40.584+0000] {processor.py:161} INFO - Started process (PID=603) to work on /opt/airflow/dags/etl_aracaju.py
[2025-12-17T23:59:40.599+0000] {processor.py:830} INFO - Processing file /opt/airflow/dags/etl_aracaju.py for tasks to queue
[2025-12-17T23:59:40.603+0000] {logging_mixin.py:188} INFO - [2025-12-17T23:59:40.602+0000] {dagbag.py:545} INFO - Filling up the DagBag from /opt/airflow/dags/etl_aracaju.py
[2025-12-17T23:59:42.485+0000] {processor.py:840} INFO - DAG(s) 'etl_aracaju' retrieved from /opt/airflow/dags/etl_aracaju.py
[2025-12-17T23:59:43.118+0000] {logging_mixin.py:188} INFO - [2025-12-17T23:59:43.117+0000] {dag.py:3089} INFO - Sync 1 DAGs
[2025-12-17T23:59:43.172+0000] {logging_mixin.py:188} INFO - [2025-12-17T23:59:43.171+0000] {dag.py:3947} INFO - Setting next_dagrun for etl_aracaju to None, run_after=None
[2025-12-17T23:59:43.248+0000] {processor.py:183} INFO - Processing /opt/airflow/dags/etl_aracaju.py took 2.689 seconds
