[2025-12-19T18:25:50.397+0000] {local_task_job_runner.py:120} INFO - ::group::Pre task execution logs
[2025-12-19T18:25:50.465+0000] {taskinstance.py:2076} INFO - Dependencies all met for dep_context=non-requeueable deps ti=<TaskInstance: etl_aracaju.leitura manual__2025-12-19T18:25:48.983328+00:00 [queued]>
[2025-12-19T18:25:50.486+0000] {taskinstance.py:2076} INFO - Dependencies all met for dep_context=requeueable deps ti=<TaskInstance: etl_aracaju.leitura manual__2025-12-19T18:25:48.983328+00:00 [queued]>
[2025-12-19T18:25:50.487+0000] {taskinstance.py:2306} INFO - Starting attempt 1 of 1
[2025-12-19T18:25:50.515+0000] {taskinstance.py:2330} INFO - Executing <Task(PythonOperator): leitura> on 2025-12-19 18:25:48.983328+00:00
[2025-12-19T18:25:50.532+0000] {standard_task_runner.py:90} INFO - Running: ['***', 'tasks', 'run', 'etl_aracaju', 'leitura', 'manual__2025-12-19T18:25:48.983328+00:00', '--job-id', '2', '--raw', '--subdir', 'DAGS_FOLDER/etl_aracaju.py', '--cfg-path', '/tmp/tmp0ltf37t0']
[2025-12-19T18:25:50.537+0000] {standard_task_runner.py:91} INFO - Job 2: Subtask leitura
[2025-12-19T18:25:50.537+0000] {logging_mixin.py:188} WARNING - /home/***/.local/lib/python3.12/site-packages/***/task/task_runner/standard_task_runner.py:62 DeprecationWarning: This process (pid=178) is multi-threaded, use of fork() may lead to deadlocks in the child.
[2025-12-19T18:25:50.538+0000] {standard_task_runner.py:64} INFO - Started process 180 to run task
[2025-12-19T18:25:50.624+0000] {task_command.py:426} INFO - Running <TaskInstance: etl_aracaju.leitura manual__2025-12-19T18:25:48.983328+00:00 [running]> on host f7813899b391
[2025-12-19T18:25:50.943+0000] {taskinstance.py:2648} INFO - Exporting env vars: AIRFLOW_CTX_DAG_OWNER='***' AIRFLOW_CTX_DAG_ID='etl_aracaju' AIRFLOW_CTX_TASK_ID='leitura' AIRFLOW_CTX_EXECUTION_DATE='2025-12-19T18:25:48.983328+00:00' AIRFLOW_CTX_TRY_NUMBER='1' AIRFLOW_CTX_DAG_RUN_ID='manual__2025-12-19T18:25:48.983328+00:00'
[2025-12-19T18:25:50.944+0000] {taskinstance.py:430} INFO - ::endgroup::
[2025-12-19T18:25:51.189+0000] {logging_mixin.py:188} INFO - DEBUG| Colunas do CSV: ['Unnamed: 0', 'city', 'state', 'latitude', 'longitude', 'accuracy', 'geoapi_id', 'date']
[2025-12-19T18:25:51.190+0000] {python.py:237} INFO - Done. Returned value was:        Unnamed: 0           city state  ...  accuracy         geoapi_id        date
0               0      SÃO PAULO    SP  ...  0.734127            MapBox  2022-10-12
1               1      SÃO PAULO    SP  ...  0.734127            MapBox  2022-10-11
2               2      JOINVILLE    SC  ...  1.000000  OpenRouteService  2022-10-15
3               3      JOINVILLE    SC  ...  1.000000  OpenRouteService  2022-10-14
4               4      JOINVILLE    SC  ...  1.000000  OpenRouteService  2022-10-14
...           ...            ...   ...  ...       ...               ...         ...
49995       49995      JOINVILLE    SC  ...  1.000000              Here  2022-04-26
49996       49996  FLORIANÓPOLIS    SC  ...  0.800000              Here  2022-04-26
49997       49997   PORTO ALEGRE    RS  ...  0.900000              Here  2022-04-26
49998       49998       CURITIBA    PR  ...  1.000000              Here  2022-04-26
49999       49999  FLORIANÓPOLIS    SC  ...  1.000000              Here  2022-04-26

[50000 rows x 8 columns]
[2025-12-19T18:25:51.207+0000] {taskinstance.py:441} INFO - ::group::Post task execution logs
[2025-12-19T18:25:51.579+0000] {taskinstance.py:1206} INFO - Marking task as SUCCESS. dag_id=etl_aracaju, task_id=leitura, run_id=manual__2025-12-19T18:25:48.983328+00:00, execution_date=20251219T182548, start_date=20251219T182550, end_date=20251219T182551
[2025-12-19T18:25:51.638+0000] {local_task_job_runner.py:243} INFO - Task exited with return code 0
[2025-12-19T18:25:51.668+0000] {taskinstance.py:3503} INFO - 1 downstream tasks scheduled from follow-on schedule check
[2025-12-19T18:25:51.672+0000] {local_task_job_runner.py:222} INFO - ::endgroup::
