[2025-12-19T16:23:25.462+0000] {processor.py:161} INFO - Started process (PID=173) to work on /opt/airflow/dags/etl_aracaju.py
[2025-12-19T16:23:25.464+0000] {processor.py:830} INFO - Processing file /opt/airflow/dags/etl_aracaju.py for tasks to queue
[2025-12-19T16:23:25.466+0000] {logging_mixin.py:188} INFO - [2025-12-19T16:23:25.466+0000] {dagbag.py:545} INFO - Filling up the DagBag from /opt/airflow/dags/etl_aracaju.py
[2025-12-19T16:23:26.013+0000] {processor.py:840} INFO - DAG(s) 'etl_aracaju' retrieved from /opt/airflow/dags/etl_aracaju.py
[2025-12-19T16:23:26.083+0000] {logging_mixin.py:188} INFO - [2025-12-19T16:23:26.082+0000] {dag.py:3089} INFO - Sync 1 DAGs
[2025-12-19T16:23:26.112+0000] {logging_mixin.py:188} INFO - [2025-12-19T16:23:26.112+0000] {dag.py:3947} INFO - Setting next_dagrun for etl_aracaju to None, run_after=None
[2025-12-19T16:23:26.146+0000] {processor.py:183} INFO - Processing /opt/airflow/dags/etl_aracaju.py took 0.695 seconds
[2025-12-19T16:23:56.249+0000] {processor.py:161} INFO - Started process (PID=179) to work on /opt/airflow/dags/etl_aracaju.py
[2025-12-19T16:23:56.251+0000] {processor.py:830} INFO - Processing file /opt/airflow/dags/etl_aracaju.py for tasks to queue
[2025-12-19T16:23:56.255+0000] {logging_mixin.py:188} INFO - [2025-12-19T16:23:56.255+0000] {dagbag.py:545} INFO - Filling up the DagBag from /opt/airflow/dags/etl_aracaju.py
[2025-12-19T16:23:56.669+0000] {processor.py:840} INFO - DAG(s) 'etl_aracaju' retrieved from /opt/airflow/dags/etl_aracaju.py
[2025-12-19T16:23:57.060+0000] {logging_mixin.py:188} INFO - [2025-12-19T16:23:57.060+0000] {dag.py:3089} INFO - Sync 1 DAGs
[2025-12-19T16:23:57.072+0000] {logging_mixin.py:188} INFO - [2025-12-19T16:23:57.071+0000] {dag.py:3947} INFO - Setting next_dagrun for etl_aracaju to None, run_after=None
[2025-12-19T16:23:57.098+0000] {processor.py:183} INFO - Processing /opt/airflow/dags/etl_aracaju.py took 0.860 seconds
[2025-12-19T16:24:27.357+0000] {processor.py:161} INFO - Started process (PID=185) to work on /opt/airflow/dags/etl_aracaju.py
[2025-12-19T16:24:27.358+0000] {processor.py:830} INFO - Processing file /opt/airflow/dags/etl_aracaju.py for tasks to queue
[2025-12-19T16:24:27.363+0000] {logging_mixin.py:188} INFO - [2025-12-19T16:24:27.363+0000] {dagbag.py:545} INFO - Filling up the DagBag from /opt/airflow/dags/etl_aracaju.py
[2025-12-19T16:24:27.775+0000] {processor.py:840} INFO - DAG(s) 'etl_aracaju' retrieved from /opt/airflow/dags/etl_aracaju.py
[2025-12-19T16:24:27.818+0000] {logging_mixin.py:188} INFO - [2025-12-19T16:24:27.818+0000] {dag.py:3089} INFO - Sync 1 DAGs
[2025-12-19T16:24:27.838+0000] {logging_mixin.py:188} INFO - [2025-12-19T16:24:27.837+0000] {dag.py:3947} INFO - Setting next_dagrun for etl_aracaju to None, run_after=None
[2025-12-19T16:24:27.861+0000] {processor.py:183} INFO - Processing /opt/airflow/dags/etl_aracaju.py took 0.511 seconds
[2025-12-19T16:24:58.279+0000] {processor.py:161} INFO - Started process (PID=191) to work on /opt/airflow/dags/etl_aracaju.py
[2025-12-19T16:24:58.281+0000] {processor.py:830} INFO - Processing file /opt/airflow/dags/etl_aracaju.py for tasks to queue
[2025-12-19T16:24:58.288+0000] {logging_mixin.py:188} INFO - [2025-12-19T16:24:58.287+0000] {dagbag.py:545} INFO - Filling up the DagBag from /opt/airflow/dags/etl_aracaju.py
[2025-12-19T16:24:58.980+0000] {processor.py:840} INFO - DAG(s) 'etl_aracaju' retrieved from /opt/airflow/dags/etl_aracaju.py
[2025-12-19T16:24:59.065+0000] {logging_mixin.py:188} INFO - [2025-12-19T16:24:59.065+0000] {dag.py:3089} INFO - Sync 1 DAGs
[2025-12-19T16:24:59.082+0000] {logging_mixin.py:188} INFO - [2025-12-19T16:24:59.082+0000] {dag.py:3947} INFO - Setting next_dagrun for etl_aracaju to None, run_after=None
[2025-12-19T16:24:59.115+0000] {processor.py:183} INFO - Processing /opt/airflow/dags/etl_aracaju.py took 0.856 seconds
[2025-12-19T16:25:29.762+0000] {processor.py:161} INFO - Started process (PID=197) to work on /opt/airflow/dags/etl_aracaju.py
[2025-12-19T16:25:29.764+0000] {processor.py:830} INFO - Processing file /opt/airflow/dags/etl_aracaju.py for tasks to queue
[2025-12-19T16:25:29.767+0000] {logging_mixin.py:188} INFO - [2025-12-19T16:25:29.766+0000] {dagbag.py:545} INFO - Filling up the DagBag from /opt/airflow/dags/etl_aracaju.py
[2025-12-19T16:25:30.119+0000] {processor.py:840} INFO - DAG(s) 'etl_aracaju' retrieved from /opt/airflow/dags/etl_aracaju.py
[2025-12-19T16:25:30.154+0000] {logging_mixin.py:188} INFO - [2025-12-19T16:25:30.153+0000] {dag.py:3089} INFO - Sync 1 DAGs
[2025-12-19T16:25:30.170+0000] {logging_mixin.py:188} INFO - [2025-12-19T16:25:30.170+0000] {dag.py:3947} INFO - Setting next_dagrun for etl_aracaju to None, run_after=None
[2025-12-19T16:25:30.352+0000] {processor.py:183} INFO - Processing /opt/airflow/dags/etl_aracaju.py took 0.598 seconds
[2025-12-19T18:25:00.281+0000] {processor.py:161} INFO - Started process (PID=166) to work on /opt/airflow/dags/etl_aracaju.py
[2025-12-19T18:25:00.308+0000] {processor.py:830} INFO - Processing file /opt/airflow/dags/etl_aracaju.py for tasks to queue
[2025-12-19T18:25:00.311+0000] {logging_mixin.py:188} INFO - [2025-12-19T18:25:00.310+0000] {dagbag.py:545} INFO - Filling up the DagBag from /opt/airflow/dags/etl_aracaju.py
[2025-12-19T18:25:03.187+0000] {processor.py:840} INFO - DAG(s) 'etl_aracaju' retrieved from /opt/airflow/dags/etl_aracaju.py
[2025-12-19T18:25:04.876+0000] {logging_mixin.py:188} INFO - [2025-12-19T18:25:04.875+0000] {override.py:1858} INFO - Created Permission View: can read on DAG:etl_aracaju
[2025-12-19T18:25:04.888+0000] {logging_mixin.py:188} INFO - [2025-12-19T18:25:04.888+0000] {override.py:1858} INFO - Created Permission View: can delete on DAG:etl_aracaju
[2025-12-19T18:25:04.897+0000] {logging_mixin.py:188} INFO - [2025-12-19T18:25:04.896+0000] {override.py:1858} INFO - Created Permission View: can edit on DAG:etl_aracaju
[2025-12-19T18:25:04.898+0000] {logging_mixin.py:188} INFO - [2025-12-19T18:25:04.897+0000] {dag.py:3089} INFO - Sync 1 DAGs
[2025-12-19T18:25:04.910+0000] {logging_mixin.py:188} INFO - [2025-12-19T18:25:04.910+0000] {dag.py:3111} INFO - Creating ORM DAG for etl_aracaju
[2025-12-19T18:25:04.911+0000] {logging_mixin.py:188} INFO - [2025-12-19T18:25:04.911+0000] {dag.py:3947} INFO - Setting next_dagrun for etl_aracaju to None, run_after=None
[2025-12-19T18:25:04.940+0000] {processor.py:183} INFO - Processing /opt/airflow/dags/etl_aracaju.py took 3.487 seconds
[2025-12-19T18:25:36.242+0000] {processor.py:161} INFO - Started process (PID=172) to work on /opt/airflow/dags/etl_aracaju.py
[2025-12-19T18:25:36.244+0000] {processor.py:830} INFO - Processing file /opt/airflow/dags/etl_aracaju.py for tasks to queue
[2025-12-19T18:25:36.247+0000] {logging_mixin.py:188} INFO - [2025-12-19T18:25:36.247+0000] {dagbag.py:545} INFO - Filling up the DagBag from /opt/airflow/dags/etl_aracaju.py
[2025-12-19T18:25:36.644+0000] {processor.py:840} INFO - DAG(s) 'etl_aracaju' retrieved from /opt/airflow/dags/etl_aracaju.py
[2025-12-19T18:25:36.686+0000] {logging_mixin.py:188} INFO - [2025-12-19T18:25:36.685+0000] {dag.py:3089} INFO - Sync 1 DAGs
[2025-12-19T18:25:36.702+0000] {logging_mixin.py:188} INFO - [2025-12-19T18:25:36.702+0000] {dag.py:3947} INFO - Setting next_dagrun for etl_aracaju to None, run_after=None
[2025-12-19T18:25:36.745+0000] {processor.py:183} INFO - Processing /opt/airflow/dags/etl_aracaju.py took 0.527 seconds
[2025-12-19T18:26:06.820+0000] {processor.py:161} INFO - Started process (PID=209) to work on /opt/airflow/dags/etl_aracaju.py
[2025-12-19T18:26:06.822+0000] {processor.py:830} INFO - Processing file /opt/airflow/dags/etl_aracaju.py for tasks to queue
[2025-12-19T18:26:06.824+0000] {logging_mixin.py:188} INFO - [2025-12-19T18:26:06.824+0000] {dagbag.py:545} INFO - Filling up the DagBag from /opt/airflow/dags/etl_aracaju.py
[2025-12-19T18:26:07.174+0000] {processor.py:840} INFO - DAG(s) 'etl_aracaju' retrieved from /opt/airflow/dags/etl_aracaju.py
[2025-12-19T18:26:07.212+0000] {logging_mixin.py:188} INFO - [2025-12-19T18:26:07.211+0000] {dag.py:3089} INFO - Sync 1 DAGs
[2025-12-19T18:26:07.226+0000] {logging_mixin.py:188} INFO - [2025-12-19T18:26:07.225+0000] {dag.py:3947} INFO - Setting next_dagrun for etl_aracaju to None, run_after=None
[2025-12-19T18:26:07.251+0000] {processor.py:183} INFO - Processing /opt/airflow/dags/etl_aracaju.py took 0.438 seconds
[2025-12-19T18:26:37.758+0000] {processor.py:161} INFO - Started process (PID=215) to work on /opt/airflow/dags/etl_aracaju.py
[2025-12-19T18:26:37.759+0000] {processor.py:830} INFO - Processing file /opt/airflow/dags/etl_aracaju.py for tasks to queue
[2025-12-19T18:26:37.762+0000] {logging_mixin.py:188} INFO - [2025-12-19T18:26:37.761+0000] {dagbag.py:545} INFO - Filling up the DagBag from /opt/airflow/dags/etl_aracaju.py
[2025-12-19T18:26:38.110+0000] {processor.py:840} INFO - DAG(s) 'etl_aracaju' retrieved from /opt/airflow/dags/etl_aracaju.py
[2025-12-19T18:26:38.146+0000] {logging_mixin.py:188} INFO - [2025-12-19T18:26:38.145+0000] {dag.py:3089} INFO - Sync 1 DAGs
[2025-12-19T18:26:38.158+0000] {logging_mixin.py:188} INFO - [2025-12-19T18:26:38.158+0000] {dag.py:3947} INFO - Setting next_dagrun for etl_aracaju to None, run_after=None
[2025-12-19T18:26:38.179+0000] {processor.py:183} INFO - Processing /opt/airflow/dags/etl_aracaju.py took 0.429 seconds
[2025-12-19T18:27:10.236+0000] {processor.py:161} INFO - Started process (PID=221) to work on /opt/airflow/dags/etl_aracaju.py
[2025-12-19T18:27:10.238+0000] {processor.py:830} INFO - Processing file /opt/airflow/dags/etl_aracaju.py for tasks to queue
[2025-12-19T18:27:10.240+0000] {logging_mixin.py:188} INFO - [2025-12-19T18:27:10.240+0000] {dagbag.py:545} INFO - Filling up the DagBag from /opt/airflow/dags/etl_aracaju.py
[2025-12-19T18:27:10.774+0000] {processor.py:840} INFO - DAG(s) 'etl_aracaju' retrieved from /opt/airflow/dags/etl_aracaju.py
[2025-12-19T18:27:10.808+0000] {logging_mixin.py:188} INFO - [2025-12-19T18:27:10.808+0000] {dag.py:3089} INFO - Sync 1 DAGs
[2025-12-19T18:27:10.825+0000] {logging_mixin.py:188} INFO - [2025-12-19T18:27:10.825+0000] {dag.py:3947} INFO - Setting next_dagrun for etl_aracaju to None, run_after=None
[2025-12-19T18:27:10.852+0000] {processor.py:183} INFO - Processing /opt/airflow/dags/etl_aracaju.py took 0.623 seconds
[2025-12-19T18:27:41.174+0000] {processor.py:161} INFO - Started process (PID=227) to work on /opt/airflow/dags/etl_aracaju.py
[2025-12-19T18:27:41.175+0000] {processor.py:830} INFO - Processing file /opt/airflow/dags/etl_aracaju.py for tasks to queue
[2025-12-19T18:27:41.178+0000] {logging_mixin.py:188} INFO - [2025-12-19T18:27:41.177+0000] {dagbag.py:545} INFO - Filling up the DagBag from /opt/airflow/dags/etl_aracaju.py
[2025-12-19T18:27:41.675+0000] {processor.py:840} INFO - DAG(s) 'etl_aracaju' retrieved from /opt/airflow/dags/etl_aracaju.py
[2025-12-19T18:27:41.734+0000] {logging_mixin.py:188} INFO - [2025-12-19T18:27:41.733+0000] {dag.py:3089} INFO - Sync 1 DAGs
[2025-12-19T18:27:41.752+0000] {logging_mixin.py:188} INFO - [2025-12-19T18:27:41.752+0000] {dag.py:3947} INFO - Setting next_dagrun for etl_aracaju to None, run_after=None
[2025-12-19T18:27:41.787+0000] {processor.py:183} INFO - Processing /opt/airflow/dags/etl_aracaju.py took 0.629 seconds
